<9>Dec 13 03:00:51 CRB15000_5_95 ABB-UAL:01:Security log file deleted by user|-|syslog.log not found|3420|00001|-|robot|syslog	1
<13>Dec 13 03:00:53 CRB15000_5_95 ABB-UAL:01:Log-in successful|-|UAS_UID=65537|1110|00002|-|robot|NativeUser	2
<13>Dec 13 03:00:54 CRB15000_5_95 ABB-UAL:01:Log-in successful|-|UAS_UID=131074|1110|00003|-|robot|NativeUser	3
<13>Dec 13 03:00:55 CRB15000_5_95 ABB-UAL:01:Log-in successful|-|UAS_UID=196611|1110|00004|-|robot|NativeUser	4
<13>Dec 13 03:00:56 CRB15000_5_95 ABB-UAL:01:Log-in successful|-|UAS_UID=262148|1110|00005|-|robot|NativeUser	5
<13>Dec 13 03:00:56 CRB15000_5_95 ABB-UAL:01:Log-in successful|-|UAS_UID=327685|1110|00006|-|robot|NativeUser	6
<13>Dec 13 03:00:56 CRB15000_5_95 ABB-UAL:01:Log-in successful|-|UAS_UID=393222|1110|00007|-|robot|NativeUser	7
<13>Dec 13 03:00:59 CRB15000_5_95 ABB-UAL:01:Log-in successful|-|UAS_UID=458759|1110|00008|-|robot|Admin	8
<13>Dec 13 03:01:06 CRB15000_5_95 ABB-UAL:01:Log-in successful|-|UAS_UID=524296|1110|00009|-|robot|Admin	9
<13>Dec 13 03:04:25 CRB15000_5_95 ABB-UAL:01:Log-out (user logged out)|-|UAS_UID=524296|1210|00010|-|robot|	10
<13>Dec 13 03:04:25 CRB15000_5_95 ABB-UAL:01:Log-out (user logged out)|-|UAS_UID=458759|1210|00011|-|robot|	11
<13>Dec 13 03:04:25 CRB15000_5_95 ABB-UAL:01:Log-out (user logged out)|-|Socket=7144|1210|00012|-|robot|	12
<13>Dec 15 03:52:44 CRB15000_5_95 ABB-UAL:01:Log-in successful|-|UAS_UID=65537|1110|00013|-|robot|NativeUser	13
<13>Dec 15 03:52:45 CRB15000_5_95 ABB-UAL:01:Log-in successful|-|UAS_UID=131074|1110|00014|-|robot|NativeUser	14
<13>Dec 15 03:52:46 CRB15000_5_95 ABB-UAL:01:Log-in successful|-|UAS_UID=196611|1110|00015|-|robot|NativeUser	15
<13>Dec 15 03:52:46 CRB15000_5_95 ABB-UAL:01:Log-in successful|-|UAS_UID=262148|1110|00016|-|robot|NativeUser	16
<13>Dec 15 03:52:46 CRB15000_5_95 ABB-UAL:01:Log-in successful|-|UAS_UID=327685|1110|00017|-|robot|NativeUser	17
<13>Dec 15 03:52:46 CRB15000_5_95 ABB-UAL:01:Log-in successful|-|UAS_UID=393222|1110|00018|-|robot|NativeUser	18
<13>Dec 15 03:52:49 CRB15000_5_95 ABB-UAL:01:Log-in successful|-|UAS_UID=458759|1110|00019|-|robot|Admin	19
<13>Dec 15 03:52:58 CRB15000_5_95 ABB-UAL:01:Log-in successful|-|UAS_UID=524296|1110|00020|-|robot|Admin	20
<13>Dec 15 03:53:20 CRB15000_5_95 ABB-UAL:01:Log-in successful|-|UAS_UID=589833|1110|00021|-|robot|Default User	21
<13>Dec 15 03:53:20 CRB15000_5_95 ABB-UAL:01:Log-in successful|-|UAS_UID=655370|1110|00022|-|robot|Default User	22
<13>Dec 15 03:53:20 CRB15000_5_95 ABB-UAL:01:Log-out (user logged out)|-|UAS_UID=589833|1210|00023|-|robot|	23
<13>Dec 15 03:53:20 CRB15000_5_95 ABB-UAL:01:Log-out (user logged out)|-|UAS_UID=655370|1210|00024|-|robot|	24
<13>Dec 15 03:53:20 CRB15000_5_95 ABB-UAL:01:Log-in successful|-|UAS_UID=720905|1110|00025|-|robot|Default User	25
<13>Dec 15 03:53:20 CRB15000_5_95 ABB-UAL:01:Log-in successful|-|UAS_UID=786442|1110|00026|-|robot|Default User	26
<13>Dec 15 03:53:22 CRB15000_5_95 ABB-UAL:01:Log-in successful|-|UAS_UID=851979|1110|00027|-|robot|NativeUser	27
<13>Dec 15 03:55:45 CRB15000_5_95 ABB-UAL:01:Log-in successful|-|UAS_UID=917516|1110|00028|-|robot|Default User	28
<13>Dec 15 03:55:45 CRB15000_5_95 ABB-UAL:01:Log-in successful|-|UAS_UID=983053|1110|00029|-|robot|Default User	29
<13>Dec 15 03:55:45 CRB15000_5_95 ABB-UAL:01:Log-out (user logged out)|-|UAS_UID=917516|1210|00030|-|robot|	30
<13>Dec 15 03:55:45 CRB15000_5_95 ABB-UAL:01:Log-out (user logged out)|-|UAS_UID=983053|1210|00031|-|robot|	31
<13>Dec 15 03:55:45 CRB15000_5_95 ABB-UAL:01:Log-in successful|-|UAS_UID=1048588|1110|00032|-|robot|Default User	32
<13>Dec 15 03:55:45 CRB15000_5_95 ABB-UAL:01:Log-in successful|-|UAS_UID=1114125|1110|00033|-|robot|Default User	33
<13>Dec 15 03:58:58 CRB15000_5_95 ABB-UAL:01:Log-out (user logged out)|-|UAS_UID=786442|1210|00034|-|robot|	34
<13>Dec 15 04:00:58 CRB15000_5_95 ABB-UAL:01:Log-out (user logged out)|-|UAS_UID=1114125|1210|00035|-|robot|	35
<13>Dec 15 04:01:35 CRB15000_5_95 ABB-UAL:01:Log-in successful|-|UAS_UID=1179658|1110|00036|-|robot|Default User	36
<13>Dec 15 04:01:35 CRB15000_5_95 ABB-UAL:01:Log-in successful|-|UAS_UID=1245197|1110|00037|-|robot|Default User	37
<13>Dec 15 04:01:35 CRB15000_5_95 ABB-UAL:01:Log-out (user logged out)|-|UAS_UID=1179658|1210|00038|-|robot|	38
<13>Dec 15 04:01:35 CRB15000_5_95 ABB-UAL:01:Log-out (user logged out)|-|UAS_UID=1245197|1210|00039|-|robot|	39
<13>Dec 15 04:01:35 CRB15000_5_95 ABB-UAL:01:Log-in successful|-|UAS_UID=1310730|1110|00040|-|robot|Default User	40
<13>Dec 15 04:01:35 CRB15000_5_95 ABB-UAL:01:Log-in successful|-|UAS_UID=1376269|1110|00041|-|robot|Default User	41
<13>Dec 15 04:03:37 CRB15000_5_95 ABB-UAL:01:Log-out (user logged out)|-|UAS_UID=1310730|1210|00042|-|robot|	42
<13>Dec 15 04:03:37 CRB15000_5_95 ABB-UAL:01:Log-out (user logged out)|-|UAS_UID=1376269|1210|00043|-|robot|	43
<13>Dec 15 04:03:53 CRB15000_5_95 ABB-UAL:01:Log-in successful|-|UAS_UID=1441802|1110|00044|-|robot|Default User	44
<13>Dec 15 04:03:54 CRB15000_5_95 ABB-UAL:01:Log-in successful|-|UAS_UID=1507341|1110|00045|-|robot|Default User	45
<13>Dec 15 04:03:54 CRB15000_5_95 ABB-UAL:01:Log-out (user logged out)|-|UAS_UID=1441802|1210|00046|-|robot|	46
<13>Dec 15 04:03:54 CRB15000_5_95 ABB-UAL:01:Log-out (user logged out)|-|UAS_UID=1507341|1210|00047|-|robot|	47
<13>Dec 15 04:03:54 CRB15000_5_95 ABB-UAL:01:Log-in successful|-|UAS_UID=1572874|1110|00048|-|robot|Default User	48
<13>Dec 15 04:03:54 CRB15000_5_95 ABB-UAL:01:Log-in successful|-|UAS_UID=1638413|1110|00049|-|robot|Default User	49
<13>Dec 15 04:08:58 CRB15000_5_95 ABB-UAL:01:Log-out (user logged out)|-|UAS_UID=1638413|1210|00050|-|robot|	50
<13>Dec 15 04:09:22 CRB15000_5_95 ABB-UAL:01:Log-out (user logged out)|-|UAS_UID=1572874|1210|00051|-|robot|	51
<13>Dec 15 04:09:22 CRB15000_5_95 ABB-UAL:01:Log-in successful|-|UAS_UID=1703946|1110|00052|-|robot|Default User	52
<13>Dec 15 04:09:40 CRB15000_5_95 ABB-UAL:01:Log-out (user logged out)|-|UAS_UID=524296|1210|00053|-|robot|	53
<13>Dec 15 04:09:40 CRB15000_5_95 ABB-UAL:01:Log-out (user logged out)|-|UAS_UID=458759|1210|00054|-|robot|	54
<13>Dec 19 16:44:40 CRB15000_5_95 ABB-UAL:01:Log-in successful|-|UAS_UID=65537|1110|00055|-|robot|NativeUser	55
<13>Dec 19 16:44:40 CRB15000_5_95 ABB-UAL:01:Log-in successful|-|UAS_UID=131074|1110|00056|-|robot|NativeUser	56
<13>Dec 19 16:44:41 CRB15000_5_95 ABB-UAL:01:Log-in successful|-|UAS_UID=196611|1110|00057|-|robot|NativeUser	57
<13>Dec 19 16:44:41 CRB15000_5_95 ABB-UAL:01:Log-in successful|-|UAS_UID=262148|1110|00058|-|robot|NativeUser	58
<13>Dec 19 16:44:41 CRB15000_5_95 ABB-UAL:01:Log-in successful|-|UAS_UID=327685|1110|00059|-|robot|NativeUser	59
<13>Dec 19 16:44:41 CRB15000_5_95 ABB-UAL:01:Log-in successful|-|UAS_UID=393222|1110|00060|-|robot|NativeUser	60
<13>Dec 19 16:44:44 CRB15000_5_95 ABB-UAL:01:Log-in successful|-|UAS_UID=458759|1110|00061|-|robot|Admin	61
<13>Dec 19 16:44:52 CRB15000_5_95 ABB-UAL:01:Log-in successful|-|UAS_UID=524296|1110|00062|-|robot|Admin	62
<13>Dec 19 16:46:58 CRB15000_5_95 ABB-UAL:01:Log-in successful|-|UAS_UID=589833|1110|00063|-|robot|Default User	63
<13>Dec 19 16:46:58 CRB15000_5_95 ABB-UAL:01:Log-in successful|-|UAS_UID=655370|1110|00064|-|robot|Default User	64
<13>Dec 19 16:46:58 CRB15000_5_95 ABB-UAL:01:Log-out (user logged out)|-|UAS_UID=589833|1210|00065|-|robot|	65
<13>Dec 19 16:46:58 CRB15000_5_95 ABB-UAL:01:Log-out (user logged out)|-|UAS_UID=655370|1210|00066|-|robot|	66
<13>Dec 19 16:46:58 CRB15000_5_95 ABB-UAL:01:Log-in successful|-|UAS_UID=720905|1110|00067|-|robot|Default User	67
<13>Dec 19 16:46:58 CRB15000_5_95 ABB-UAL:01:Log-in successful|-|UAS_UID=786442|1110|00068|-|robot|Default User	68
<13>Dec 19 16:48:59 CRB15000_5_95 ABB-UAL:01:Log-out (user logged out)|-|UAS_UID=720905|1210|00069|-|robot|	69
<13>Dec 19 16:49:00 CRB15000_5_95 ABB-UAL:01:Log-out (user logged out)|-|UAS_UID=786442|1210|00070|-|robot|	70
<13>Dec 19 16:50:13 CRB15000_5_95 ABB-UAL:01:Log-in successful|-|UAS_UID=851977|1110|00071|-|robot|Default User	71
<13>Dec 19 16:50:13 CRB15000_5_95 ABB-UAL:01:Log-in successful|-|UAS_UID=917514|1110|00072|-|robot|Default User	72
<13>Dec 19 16:50:13 CRB15000_5_95 ABB-UAL:01:Log-out (user logged out)|-|UAS_UID=851977|1210|00073|-|robot|	73
<13>Dec 19 16:50:13 CRB15000_5_95 ABB-UAL:01:Log-out (user logged out)|-|UAS_UID=917514|1210|00074|-|robot|	74
<13>Dec 19 16:50:13 CRB15000_5_95 ABB-UAL:01:Log-in successful|-|UAS_UID=983049|1110|00075|-|robot|Default User	75
<13>Dec 19 16:50:13 CRB15000_5_95 ABB-UAL:01:Log-in successful|-|UAS_UID=1048586|1110|00076|-|robot|Default User	76
<13>Dec 19 16:52:05 CRB15000_5_95 ABB-UAL:01:Log-out (user logged out)|-|UAS_UID=983049|1210|00077|-|robot|	77
<13>Dec 19 16:52:05 CRB15000_5_95 ABB-UAL:01:Log-out (user logged out)|-|UAS_UID=1048586|1210|00078|-|robot|	78
<13>Dec 19 16:52:07 CRB15000_5_95 ABB-UAL:01:Log-in successful|-|UAS_UID=1114121|1110|00079|-|robot|Default User	79
<13>Dec 19 16:52:07 CRB15000_5_95 ABB-UAL:01:Log-in successful|-|UAS_UID=1179658|1110|00080|-|robot|Default User	80
<13>Dec 19 16:52:07 CRB15000_5_95 ABB-UAL:01:Log-out (user logged out)|-|UAS_UID=1114121|1210|00081|-|robot|	81
<13>Dec 19 16:52:07 CRB15000_5_95 ABB-UAL:01:Log-out (user logged out)|-|UAS_UID=1179658|1210|00082|-|robot|	82
<13>Dec 19 16:52:07 CRB15000_5_95 ABB-UAL:01:Log-in successful|-|UAS_UID=1245193|1110|00083|-|robot|Default User	83
<13>Dec 19 16:52:07 CRB15000_5_95 ABB-UAL:01:Log-in successful|-|UAS_UID=1310730|1110|00084|-|robot|Default User	84
<13>Dec 19 16:57:52 CRB15000_5_95 ABB-UAL:01:Log-out (user logged out)|-|UAS_UID=1310730|1210|00085|-|robot|	85
<13>Dec 19 17:14:24 CRB15000_5_95 ABB-UAL:01:Log-out (user logged out)|-|UAS_UID=524296|1210|00086|-|robot|	86
<13>Dec 19 17:14:24 CRB15000_5_95 ABB-UAL:01:Log-out (user logged out)|-|UAS_UID=458759|1210|00087|-|robot|	87
<13>Jan 25 14:46:11 CRB15000_5_95 ABB-UAL:01:Log-in successful|-|UAS_UID=65537|1110|00088|-|robot|NativeUser	88
<13>Jan 25 14:46:12 CRB15000_5_95 ABB-UAL:01:Log-in successful|-|UAS_UID=131074|1110|00089|-|robot|NativeUser	89
<13>Jan 25 14:46:12 CRB15000_5_95 ABB-UAL:01:Log-in successful|-|UAS_UID=196611|1110|00090|-|robot|NativeUser	90
<13>Jan 25 14:46:12 CRB15000_5_95 ABB-UAL:01:Log-in successful|-|UAS_UID=262148|1110|00091|-|robot|NativeUser	91
<13>Jan 25 14:46:12 CRB15000_5_95 ABB-UAL:01:Log-in successful|-|UAS_UID=327685|1110|00092|-|robot|NativeUser	92
<13>Jan 25 14:46:12 CRB15000_5_95 ABB-UAL:01:Log-in successful|-|UAS_UID=393222|1110|00093|-|robot|NativeUser	93
<13>Jan 25 14:46:15 CRB15000_5_95 ABB-UAL:01:Log-in successful|-|UAS_UID=458759|1110|00094|-|robot|Admin	94
<13>Jan 25 14:46:23 CRB15000_5_95 ABB-UAL:01:Log-in successful|-|UAS_UID=524296|1110|00095|-|robot|Admin	95
<13>Jan 27 17:23:24 CRB15000_5_95 ABB-UAL:01:Log-in successful|-|UAS_UID=65537|1110|00096|-|robot|NativeUser	96
<13>Jan 27 17:23:25 CRB15000_5_95 ABB-UAL:01:Log-in successful|-|UAS_UID=131074|1110|00097|-|robot|NativeUser	97
<13>Jan 27 17:23:26 CRB15000_5_95 ABB-UAL:01:Log-in successful|-|UAS_UID=196611|1110|00098|-|robot|NativeUser	98
<13>Jan 27 17:23:26 CRB15000_5_95 ABB-UAL:01:Log-in successful|-|UAS_UID=262148|1110|00099|-|robot|NativeUser	99
<13>Jan 27 17:23:26 CRB15000_5_95 ABB-UAL:01:Log-in successful|-|UAS_UID=327685|1110|00100|-|robot|NativeUser	100
<13>Jan 27 17:23:26 CRB15000_5_95 ABB-UAL:01:Log-in successful|-|UAS_UID=393222|1110|00101|-|robot|NativeUser	101
<13>Jan 27 17:23:29 CRB15000_5_95 ABB-UAL:01:Log-in successful|-|UAS_UID=458759|1110|00102|-|robot|Admin	102
<13>Jan 27 17:23:37 CRB15000_5_95 ABB-UAL:01:Log-in successful|-|UAS_UID=524296|1110|00103|-|robot|Admin	103
<13>Jan 27 17:26:22 CRB15000_5_95 ABB-UAL:01:Log-out (user logged out)|-|UAS_UID=524296|1210|00104|-|robot|	104
<13>Jan 27 17:26:22 CRB15000_5_95 ABB-UAL:01:Log-out (user logged out)|-|UAS_UID=458759|1210|00105|-|robot|	105
<13>Jan 27 17:26:22 CRB15000_5_95 ABB-UAL:01:Log-out (user logged out)|-|Socket=7148|1210|00106|-|robot|	106
<13>Jan 30 17:52:58 CRB15000_5_95 ABB-UAL:01:Log-in successful|-|UAS_UID=65537|1110|00107|-|robot|NativeUser	107
<13>Jan 30 17:52:59 CRB15000_5_95 ABB-UAL:01:Log-in successful|-|UAS_UID=131074|1110|00108|-|robot|NativeUser	108
<13>Jan 30 17:53:00 CRB15000_5_95 ABB-UAL:01:Log-in successful|-|UAS_UID=196611|1110|00109|-|robot|NativeUser	109
<13>Jan 30 17:53:00 CRB15000_5_95 ABB-UAL:01:Log-in successful|-|UAS_UID=262148|1110|00110|-|robot|NativeUser	110
<13>Jan 30 17:53:00 CRB15000_5_95 ABB-UAL:01:Log-in successful|-|UAS_UID=327685|1110|00111|-|robot|NativeUser	111
<13>Jan 30 17:53:00 CRB15000_5_95 ABB-UAL:01:Log-in successful|-|UAS_UID=393222|1110|00112|-|robot|NativeUser	112
<13>Jan 30 17:53:03 CRB15000_5_95 ABB-UAL:01:Log-in successful|-|UAS_UID=458759|1110|00113|-|robot|Admin	113
<13>Jan 30 17:53:11 CRB15000_5_95 ABB-UAL:01:Log-in successful|-|UAS_UID=524296|1110|00114|-|robot|Admin	114
<13>Jan 30 17:54:57 CRB15000_5_95 ABB-UAL:01:Log-out (user logged out)|-|UAS_UID=524296|1210|00115|-|robot|	115
<13>Jan 30 17:54:57 CRB15000_5_95 ABB-UAL:01:Log-out (user logged out)|-|UAS_UID=458759|1210|00116|-|robot|	116
<13>Jan 30 17:54:57 CRB15000_5_95 ABB-UAL:01:Log-out (user logged out)|-|Socket=7148|1210|00117|-|robot|	117
<13>Jan 30 17:57:30 CRB15000_5_95 ABB-UAL:01:Log-in successful|-|UAS_UID=65537|1110|00118|-|robot|NativeUser	118
<13>Jan 30 17:57:30 CRB15000_5_95 ABB-UAL:01:Log-in successful|-|UAS_UID=131074|1110|00119|-|robot|NativeUser	119
<13>Jan 30 17:57:31 CRB15000_5_95 ABB-UAL:01:Log-in successful|-|UAS_UID=196611|1110|00120|-|robot|NativeUser	120
<13>Jan 30 17:57:31 CRB15000_5_95 ABB-UAL:01:Log-in successful|-|UAS_UID=262148|1110|00121|-|robot|NativeUser	121
<13>Jan 30 17:57:31 CRB15000_5_95 ABB-UAL:01:Log-in successful|-|UAS_UID=327685|1110|00122|-|robot|NativeUser	122
<13>Jan 30 17:57:31 CRB15000_5_95 ABB-UAL:01:Log-in successful|-|UAS_UID=393222|1110|00123|-|robot|NativeUser	123
<13>Jan 30 17:57:34 CRB15000_5_95 ABB-UAL:01:Log-in successful|-|UAS_UID=458759|1110|00124|-|robot|Admin	124
<13>Jan 30 17:57:42 CRB15000_5_95 ABB-UAL:01:Log-in successful|-|UAS_UID=524296|1110|00125|-|robot|Admin	125
<13>Jan 30 18:00:26 CRB15000_5_95 ABB-UAL:01:Log-out (user logged out)|-|UAS_UID=524296|1210|00126|-|robot|	126
<13>Jan 30 18:00:27 CRB15000_5_95 ABB-UAL:01:Log-out (user logged out)|-|UAS_UID=458759|1210|00127|-|robot|	127
<13>Jan 30 18:00:27 CRB15000_5_95 ABB-UAL:01:Log-out (user logged out)|-|Socket=7148|1210|00128|-|robot|	128
<13>Feb  8 16:04:42 CRB15000_5_95 ABB-UAL:01:Log-in successful|-|UAS_UID=65537|1110|00129|-|robot|NativeUser	129
<13>Feb  8 16:04:43 CRB15000_5_95 ABB-UAL:01:Log-in successful|-|UAS_UID=131074|1110|00130|-|robot|NativeUser	130
<13>Feb  8 16:04:43 CRB15000_5_95 ABB-UAL:01:Log-in successful|-|UAS_UID=196611|1110|00131|-|robot|NativeUser	131
<13>Feb  8 16:04:44 CRB15000_5_95 ABB-UAL:01:Log-in successful|-|UAS_UID=262148|1110|00132|-|robot|NativeUser	132
<13>Feb  8 16:04:44 CRB15000_5_95 ABB-UAL:01:Log-in successful|-|UAS_UID=327685|1110|00133|-|robot|NativeUser	133
<13>Feb  8 16:04:44 CRB15000_5_95 ABB-UAL:01:Log-in successful|-|UAS_UID=393222|1110|00134|-|robot|NativeUser	134
<13>Feb  8 16:04:46 CRB15000_5_95 ABB-UAL:01:Log-in successful|-|UAS_UID=458759|1110|00135|-|robot|Admin	135
<13>Feb  8 16:04:55 CRB15000_5_95 ABB-UAL:01:Log-in successful|-|UAS_UID=524296|1110|00136|-|robot|Admin	136
<13>Feb  8 18:00:28 CRB15000_5_95 ABB-UAL:01:Log-in successful|-|UAS_UID=589833|1110|00137|-|robot|Default User	137
<13>Feb  8 18:00:28 CRB15000_5_95 ABB-UAL:01:Log-in successful|-|UAS_UID=655370|1110|00138|-|robot|Default User	138
<13>Feb  8 18:00:28 CRB15000_5_95 ABB-UAL:01:Log-out (user logged out)|-|UAS_UID=589833|1210|00139|-|robot|	139
<13>Feb  8 18:00:28 CRB15000_5_95 ABB-UAL:01:Log-out (user logged out)|-|UAS_UID=655370|1210|00140|-|robot|	140
<13>Feb  8 18:00:28 CRB15000_5_95 ABB-UAL:01:Log-in successful|-|UAS_UID=720905|1110|00141|-|robot|Default User	141
<13>Feb  8 18:00:28 CRB15000_5_95 ABB-UAL:01:Log-in successful|-|UAS_UID=786442|1110|00142|-|robot|Default User	142
<13>Feb  8 18:01:23 CRB15000_5_95 ABB-UAL:01:Log-out (user logged out)|-|UAS_UID=720905|1210|00143|-|robot|	143
<13>Feb  8 18:01:23 CRB15000_5_95 ABB-UAL:01:Log-out (user logged out)|-|UAS_UID=786442|1210|00144|-|robot|	144
<13>Feb  8 18:03:11 CRB15000_5_95 ABB-UAL:01:Log-in successful|-|UAS_UID=851977|1110|00145|-|robot|Default User	145
<13>Feb  8 18:03:11 CRB15000_5_95 ABB-UAL:01:Log-in successful|-|UAS_UID=917514|1110|00146|-|robot|Default User	146
<13>Feb  8 18:03:11 CRB15000_5_95 ABB-UAL:01:Log-out (user logged out)|-|UAS_UID=851977|1210|00147|-|robot|	147
<13>Feb  8 18:03:11 CRB15000_5_95 ABB-UAL:01:Log-out (user logged out)|-|UAS_UID=917514|1210|00148|-|robot|	148
<13>Feb  8 18:03:11 CRB15000_5_95 ABB-UAL:01:Log-in successful|-|UAS_UID=983049|1110|00149|-|robot|Default User	149
<13>Feb  8 18:03:11 CRB15000_5_95 ABB-UAL:01:Log-in successful|-|UAS_UID=1048586|1110|00150|-|robot|Default User	150
<13>Feb  8 18:04:54 CRB15000_5_95 ABB-UAL:01:Log-out (user logged out)|-|UAS_UID=983049|1210|00151|-|robot|	151
<13>Feb  8 18:04:54 CRB15000_5_95 ABB-UAL:01:Log-out (user logged out)|-|UAS_UID=1048586|1210|00152|-|robot|	152
<13>Feb  8 18:04:56 CRB15000_5_95 ABB-UAL:01:Log-in successful|-|UAS_UID=1114121|1110|00153|-|robot|Default User	153
<13>Feb  8 18:04:56 CRB15000_5_95 ABB-UAL:01:Log-in successful|-|UAS_UID=1179658|1110|00154|-|robot|Default User	154
<13>Feb  8 18:04:56 CRB15000_5_95 ABB-UAL:01:Log-out (user logged out)|-|UAS_UID=1114121|1210|00155|-|robot|	155
<13>Feb  8 18:04:56 CRB15000_5_95 ABB-UAL:01:Log-out (user logged out)|-|UAS_UID=1179658|1210|00156|-|robot|	156
<13>Feb  8 18:04:56 CRB15000_5_95 ABB-UAL:01:Log-in successful|-|UAS_UID=1245193|1110|00157|-|robot|Default User	157
<13>Feb  8 18:04:56 CRB15000_5_95 ABB-UAL:01:Log-in successful|-|UAS_UID=1310730|1110|00158|-|robot|Default User	158
<13>Feb  8 18:05:17 CRB15000_5_95 ABB-UAL:01:Log-out (user logged out)|-|UAS_UID=1245193|1210|00159|-|robot|	159
<13>Feb  8 18:05:17 CRB15000_5_95 ABB-UAL:01:Log-out (user logged out)|-|UAS_UID=1310730|1210|00160|-|robot|	160
<13>Feb  8 18:18:27 CRB15000_5_95 ABB-UAL:01:Log-in successful|-|UAS_UID=1376265|1110|00161|-|robot|Default User	161
<13>Feb  8 18:18:27 CRB15000_5_95 ABB-UAL:01:Log-in successful|-|UAS_UID=1441802|1110|00162|-|robot|Default User	162
<13>Feb  8 18:18:27 CRB15000_5_95 ABB-UAL:01:Log-out (user logged out)|-|UAS_UID=1376265|1210|00163|-|robot|	163
<13>Feb  8 18:18:27 CRB15000_5_95 ABB-UAL:01:Log-out (user logged out)|-|UAS_UID=1441802|1210|00164|-|robot|	164
<13>Feb  8 18:18:27 CRB15000_5_95 ABB-UAL:01:Log-in successful|-|UAS_UID=1507337|1110|00165|-|robot|Default User	165
<13>Feb  8 18:18:27 CRB15000_5_95 ABB-UAL:01:Log-in successful|-|UAS_UID=1572874|1110|00166|-|robot|Default User	166
<13>Feb  8 18:18:46 CRB15000_5_95 ABB-UAL:01:Log-out (user logged out)|-|UAS_UID=1507337|1210|00167|-|robot|	167
<13>Feb  8 18:18:46 CRB15000_5_95 ABB-UAL:01:Log-out (user logged out)|-|UAS_UID=1572874|1210|00168|-|robot|	168
<13>Feb  8 18:23:08 CRB15000_5_95 ABB-UAL:01:Log-in successful|-|UAS_UID=1638409|1110|00169|-|robot|Default User	169
<13>Feb  8 18:23:08 CRB15000_5_95 ABB-UAL:01:Log-in successful|-|UAS_UID=1703946|1110|00170|-|robot|Default User	170
<13>Feb  8 18:23:08 CRB15000_5_95 ABB-UAL:01:Log-out (user logged out)|-|UAS_UID=1638409|1210|00171|-|robot|	171
<13>Feb  8 18:23:08 CRB15000_5_95 ABB-UAL:01:Log-out (user logged out)|-|UAS_UID=1703946|1210|00172|-|robot|	172
<13>Feb  8 18:23:08 CRB15000_5_95 ABB-UAL:01:Log-in successful|-|UAS_UID=1769481|1110|00173|-|robot|Default User	173
<13>Feb  8 18:23:08 CRB15000_5_95 ABB-UAL:01:Log-in successful|-|UAS_UID=1835018|1110|00174|-|robot|Default User	174
<13>Feb  8 18:23:24 CRB15000_5_95 ABB-UAL:01:Log-out (user logged out)|-|UAS_UID=1769481|1210|00175|-|robot|	175
<13>Feb  8 18:23:24 CRB15000_5_95 ABB-UAL:01:Log-out (user logged out)|-|UAS_UID=1835018|1210|00176|-|robot|	176
<13>Feb  8 18:27:54 CRB15000_5_95 ABB-UAL:01:Log-in successful|-|UAS_UID=1900553|1110|00177|-|robot|Default User	177
<13>Feb  8 18:27:54 CRB15000_5_95 ABB-UAL:01:Log-in successful|-|UAS_UID=1966090|1110|00178|-|robot|Default User	178
<13>Feb  8 18:27:54 CRB15000_5_95 ABB-UAL:01:Log-out (user logged out)|-|UAS_UID=1900553|1210|00179|-|robot|	179
<13>Feb  8 18:27:54 CRB15000_5_95 ABB-UAL:01:Log-out (user logged out)|-|UAS_UID=1966090|1210|00180|-|robot|	180
<13>Feb  8 18:27:54 CRB15000_5_95 ABB-UAL:01:Log-in successful|-|UAS_UID=2031625|1110|00181|-|robot|Default User	181
<13>Feb  8 18:27:54 CRB15000_5_95 ABB-UAL:01:Log-in successful|-|UAS_UID=2097162|1110|00182|-|robot|Default User	182
<13>Feb  8 18:30:21 CRB15000_5_95 ABB-UAL:01:Log-out (user logged out)|-|UAS_UID=2031625|1210|00183|-|robot|	183
<13>Feb  8 18:30:21 CRB15000_5_95 ABB-UAL:01:Log-out (user logged out)|-|UAS_UID=2097162|1210|00184|-|robot|	184
<13>Feb  8 18:31:35 CRB15000_5_95 ABB-UAL:01:Log-in successful|-|UAS_UID=2162697|1110|00185|-|robot|Default User	185
<13>Feb  8 18:31:35 CRB15000_5_95 ABB-UAL:01:Log-in successful|-|UAS_UID=2228234|1110|00186|-|robot|Default User	186
<13>Feb  8 18:31:35 CRB15000_5_95 ABB-UAL:01:Log-out (user logged out)|-|UAS_UID=2162697|1210|00187|-|robot|	187
<13>Feb  8 18:31:35 CRB15000_5_95 ABB-UAL:01:Log-out (user logged out)|-|UAS_UID=2228234|1210|00188|-|robot|	188
<13>Feb  8 18:31:35 CRB15000_5_95 ABB-UAL:01:Log-in successful|-|UAS_UID=2293769|1110|00189|-|robot|Default User	189
<13>Feb  8 18:31:35 CRB15000_5_95 ABB-UAL:01:Log-in successful|-|UAS_UID=2359306|1110|00190|-|robot|Default User	190
<13>Feb  8 18:32:14 CRB15000_5_95 ABB-UAL:01:Log-out (user logged out)|-|UAS_UID=2293769|1210|00191|-|robot|	191
<13>Feb  8 18:32:14 CRB15000_5_95 ABB-UAL:01:Log-out (user logged out)|-|UAS_UID=2359306|1210|00192|-|robot|	192
<13>Feb  8 18:44:48 CRB15000_5_95 ABB-UAL:01:Log-in successful|-|UAS_UID=2424841|1110|00193|-|robot|Default User	193
<13>Feb  8 18:44:48 CRB15000_5_95 ABB-UAL:01:Log-in successful|-|UAS_UID=2490378|1110|00194|-|robot|Default User	194
<13>Feb  8 18:44:48 CRB15000_5_95 ABB-UAL:01:Log-out (user logged out)|-|UAS_UID=2424841|1210|00195|-|robot|	195
<13>Feb  8 18:44:48 CRB15000_5_95 ABB-UAL:01:Log-out (user logged out)|-|UAS_UID=2490378|1210|00196|-|robot|	196
<13>Feb  8 18:44:48 CRB15000_5_95 ABB-UAL:01:Log-in successful|-|UAS_UID=2555913|1110|00197|-|robot|Default User	197
<13>Feb  8 18:44:48 CRB15000_5_95 ABB-UAL:01:Log-in successful|-|UAS_UID=2621450|1110|00198|-|robot|Default User	198
<13>Feb  8 18:47:12 CRB15000_5_95 ABB-UAL:01:Log-out (user logged out)|-|UAS_UID=2555913|1210|00199|-|robot|	199
<13>Feb  8 18:47:12 CRB15000_5_95 ABB-UAL:01:Log-out (user logged out)|-|UAS_UID=2621450|1210|00200|-|robot|	200
<13>Feb  8 18:53:47 CRB15000_5_95 ABB-UAL:01:Log-in successful|-|UAS_UID=2686985|1110|00201|-|robot|Default User	201
<13>Feb  8 18:53:48 CRB15000_5_95 ABB-UAL:01:Log-in successful|-|UAS_UID=2752522|1110|00202|-|robot|Default User	202
<13>Feb  8 18:53:48 CRB15000_5_95 ABB-UAL:01:Log-out (user logged out)|-|UAS_UID=2686985|1210|00203|-|robot|	203
<13>Feb  8 18:53:48 CRB15000_5_95 ABB-UAL:01:Log-out (user logged out)|-|UAS_UID=2752522|1210|00204|-|robot|	204
<13>Feb  8 18:53:48 CRB15000_5_95 ABB-UAL:01:Log-in successful|-|UAS_UID=2818057|1110|00205|-|robot|Default User	205
<13>Feb  8 18:53:48 CRB15000_5_95 ABB-UAL:01:Log-in successful|-|UAS_UID=2883594|1110|00206|-|robot|Default User	206
<13>Feb  8 18:54:17 CRB15000_5_95 ABB-UAL:01:Log-out (user logged out)|-|UAS_UID=2818057|1210|00207|-|robot|	207
<13>Feb  8 18:54:17 CRB15000_5_95 ABB-UAL:01:Log-out (user logged out)|-|UAS_UID=2883594|1210|00208|-|robot|	208
<13>Feb  8 18:55:55 CRB15000_5_95 ABB-UAL:01:Log-in successful|-|UAS_UID=2949129|1110|00209|-|robot|Default User	209
<13>Feb  8 18:55:55 CRB15000_5_95 ABB-UAL:01:Log-in successful|-|UAS_UID=3014666|1110|00210|-|robot|Default User	210
<13>Feb  8 18:55:55 CRB15000_5_95 ABB-UAL:01:Log-out (user logged out)|-|UAS_UID=2949129|1210|00211|-|robot|	211
<13>Feb  8 18:55:55 CRB15000_5_95 ABB-UAL:01:Log-out (user logged out)|-|UAS_UID=3014666|1210|00212|-|robot|	212
<13>Feb  8 18:55:55 CRB15000_5_95 ABB-UAL:01:Log-in successful|-|UAS_UID=3080201|1110|00213|-|robot|Default User	213
<13>Feb  8 18:55:55 CRB15000_5_95 ABB-UAL:01:Log-in successful|-|UAS_UID=3145738|1110|00214|-|robot|Default User	214
<13>Feb  8 19:00:01 CRB15000_5_95 ABB-UAL:01:Log-out (user logged out)|-|UAS_UID=3080201|1210|00215|-|robot|	215
<13>Feb  8 19:00:01 CRB15000_5_95 ABB-UAL:01:Log-out (user logged out)|-|UAS_UID=3145738|1210|00216|-|robot|	216
<13>Feb  8 19:00:02 CRB15000_5_95 ABB-UAL:01:Log-in successful|-|UAS_UID=3211273|1110|00217|-|robot|Default User	217
<13>Feb  8 19:00:02 CRB15000_5_95 ABB-UAL:01:Log-in successful|-|UAS_UID=3276810|1110|00218|-|robot|Default User	218
<13>Feb  8 19:00:02 CRB15000_5_95 ABB-UAL:01:Log-out (user logged out)|-|UAS_UID=3211273|1210|00219|-|robot|	219
<13>Feb  8 19:00:02 CRB15000_5_95 ABB-UAL:01:Log-out (user logged out)|-|UAS_UID=3276810|1210|00220|-|robot|	220
<13>Feb  8 19:00:02 CRB15000_5_95 ABB-UAL:01:Log-in successful|-|UAS_UID=3342345|1110|00221|-|robot|Default User	221
<13>Feb  8 19:00:02 CRB15000_5_95 ABB-UAL:01:Log-in successful|-|UAS_UID=3407882|1110|00222|-|robot|Default User	222
<13>Feb  8 19:02:35 CRB15000_5_95 ABB-UAL:01:Log-out (user logged out)|-|UAS_UID=3342345|1210|00223|-|robot|	223
<13>Feb  8 19:02:35 CRB15000_5_95 ABB-UAL:01:Log-out (user logged out)|-|UAS_UID=3407882|1210|00224|-|robot|	224
<13>Feb  8 19:02:36 CRB15000_5_95 ABB-UAL:01:Log-in successful|-|UAS_UID=3473417|1110|00225|-|robot|Default User	225
<13>Feb  8 19:02:36 CRB15000_5_95 ABB-UAL:01:Log-in successful|-|UAS_UID=3538954|1110|00226|-|robot|Default User	226
<13>Feb  8 19:02:36 CRB15000_5_95 ABB-UAL:01:Log-out (user logged out)|-|UAS_UID=3473417|1210|00227|-|robot|	227
<13>Feb  8 19:02:36 CRB15000_5_95 ABB-UAL:01:Log-out (user logged out)|-|UAS_UID=3538954|1210|00228|-|robot|	228
<13>Feb  8 19:02:36 CRB15000_5_95 ABB-UAL:01:Log-in successful|-|UAS_UID=3604489|1110|00229|-|robot|Default User	229
<13>Feb  8 19:02:36 CRB15000_5_95 ABB-UAL:01:Log-in successful|-|UAS_UID=3670026|1110|00230|-|robot|Default User	230
<13>Feb  8 19:04:23 CRB15000_5_95 ABB-UAL:01:Log-out (user logged out)|-|UAS_UID=3604489|1210|00231|-|robot|	231
<13>Feb  8 19:04:23 CRB15000_5_95 ABB-UAL:01:Log-out (user logged out)|-|UAS_UID=3670026|1210|00232|-|robot|	232
<13>Feb  8 19:04:24 CRB15000_5_95 ABB-UAL:01:Log-in successful|-|UAS_UID=3735561|1110|00233|-|robot|Default User	233
<13>Feb  8 19:04:24 CRB15000_5_95 ABB-UAL:01:Log-in successful|-|UAS_UID=3801098|1110|00234|-|robot|Default User	234
<13>Feb  8 19:04:24 CRB15000_5_95 ABB-UAL:01:Log-out (user logged out)|-|UAS_UID=3735561|1210|00235|-|robot|	235
<13>Feb  8 19:04:24 CRB15000_5_95 ABB-UAL:01:Log-out (user logged out)|-|UAS_UID=3801098|1210|00236|-|robot|	236
<13>Feb  8 19:04:24 CRB15000_5_95 ABB-UAL:01:Log-in successful|-|UAS_UID=3866633|1110|00237|-|robot|Default User	237
<13>Feb  8 19:04:24 CRB15000_5_95 ABB-UAL:01:Log-in successful|-|UAS_UID=3932170|1110|00238|-|robot|Default User	238
<13>Feb  8 19:05:01 CRB15000_5_95 ABB-UAL:01:Log-out (user logged out)|-|UAS_UID=3866633|1210|00239|-|robot|	239
<13>Feb  8 19:05:01 CRB15000_5_95 ABB-UAL:01:Log-out (user logged out)|-|UAS_UID=3932170|1210|00240|-|robot|	240
<13>Feb  8 19:05:02 CRB15000_5_95 ABB-UAL:01:Log-in successful|-|UAS_UID=3997705|1110|00241|-|robot|Default User	241
<13>Feb  8 19:05:02 CRB15000_5_95 ABB-UAL:01:Log-in successful|-|UAS_UID=4063242|1110|00242|-|robot|Default User	242
<13>Feb  8 19:05:02 CRB15000_5_95 ABB-UAL:01:Log-out (user logged out)|-|UAS_UID=3997705|1210|00243|-|robot|	243
<13>Feb  8 19:05:02 CRB15000_5_95 ABB-UAL:01:Log-out (user logged out)|-|UAS_UID=4063242|1210|00244|-|robot|	244
<13>Feb  8 19:05:02 CRB15000_5_95 ABB-UAL:01:Log-in successful|-|UAS_UID=4128777|1110|00245|-|robot|Default User	245
<13>Feb  8 19:05:02 CRB15000_5_95 ABB-UAL:01:Log-in successful|-|UAS_UID=4194314|1110|00246|-|robot|Default User	246
<13>Feb  8 19:05:43 CRB15000_5_95 ABB-UAL:01:Log-out (user logged out)|-|UAS_UID=4128777|1210|00247|-|robot|	247
<13>Feb  8 19:05:43 CRB15000_5_95 ABB-UAL:01:Log-out (user logged out)|-|UAS_UID=4194314|1210|00248|-|robot|	248
<13>Feb  8 19:05:48 CRB15000_5_95 ABB-UAL:01:Log-in successful|-|UAS_UID=4259849|1110|00249|-|robot|Default User	249
<13>Feb  8 19:05:48 CRB15000_5_95 ABB-UAL:01:Log-in successful|-|UAS_UID=4325386|1110|00250|-|robot|Default User	250
<13>Feb  8 19:05:48 CRB15000_5_95 ABB-UAL:01:Log-out (user logged out)|-|UAS_UID=4259849|1210|00251|-|robot|	251
<13>Feb  8 19:05:48 CRB15000_5_95 ABB-UAL:01:Log-out (user logged out)|-|UAS_UID=4325386|1210|00252|-|robot|	252
<13>Feb  8 19:05:48 CRB15000_5_95 ABB-UAL:01:Log-in successful|-|UAS_UID=4390921|1110|00253|-|robot|Default User	253
<13>Feb  8 19:05:48 CRB15000_5_95 ABB-UAL:01:Log-in successful|-|UAS_UID=4456458|1110|00254|-|robot|Default User	254
<13>Feb  8 19:06:41 CRB15000_5_95 ABB-UAL:01:Log-out (user logged out)|-|UAS_UID=4390921|1210|00255|-|robot|	255
<13>Feb  8 19:06:41 CRB15000_5_95 ABB-UAL:01:Log-out (user logged out)|-|UAS_UID=4456458|1210|00256|-|robot|	256
<13>Feb  8 19:27:19 CRB15000_5_95 ABB-UAL:01:Log-in successful|-|UAS_UID=4521993|1110|00257|-|robot|Default User	257
<13>Feb  8 19:27:19 CRB15000_5_95 ABB-UAL:01:Log-in successful|-|UAS_UID=4587530|1110|00258|-|robot|Default User	258
<13>Feb  8 19:27:19 CRB15000_5_95 ABB-UAL:01:Log-out (user logged out)|-|UAS_UID=4521993|1210|00259|-|robot|	259
<13>Feb  8 19:27:19 CRB15000_5_95 ABB-UAL:01:Log-out (user logged out)|-|UAS_UID=4587530|1210|00260|-|robot|	260
<13>Feb  8 19:27:19 CRB15000_5_95 ABB-UAL:01:Log-in successful|-|UAS_UID=4653065|1110|00261|-|robot|Default User	261
<13>Feb  8 19:27:19 CRB15000_5_95 ABB-UAL:01:Log-in successful|-|UAS_UID=4718602|1110|00262|-|robot|Default User	262
<13>Feb  8 19:28:24 CRB15000_5_95 ABB-UAL:01:Log-out (user logged out)|-|UAS_UID=4653065|1210|00263|-|robot|	263
<13>Feb  8 19:28:24 CRB15000_5_95 ABB-UAL:01:Log-out (user logged out)|-|UAS_UID=4718602|1210|00264|-|robot|	264
<13>Feb  8 19:28:50 CRB15000_5_95 ABB-UAL:01:Log-in successful|-|UAS_UID=4784137|1110|00265|-|robot|Default User	265
<13>Feb  8 19:28:50 CRB15000_5_95 ABB-UAL:01:Log-in successful|-|UAS_UID=4849674|1110|00266|-|robot|Default User	266
<13>Feb  8 19:28:50 CRB15000_5_95 ABB-UAL:01:Log-out (user logged out)|-|UAS_UID=4784137|1210|00267|-|robot|	267
<13>Feb  8 19:28:50 CRB15000_5_95 ABB-UAL:01:Log-out (user logged out)|-|UAS_UID=4849674|1210|00268|-|robot|	268
<13>Feb  8 19:28:50 CRB15000_5_95 ABB-UAL:01:Log-in successful|-|UAS_UID=4915209|1110|00269|-|robot|Default User	269
<13>Feb  8 19:28:50 CRB15000_5_95 ABB-UAL:01:Log-in successful|-|UAS_UID=4980746|1110|00270|-|robot|Default User	270
<13>Feb  8 19:28:53 CRB15000_5_95 ABB-UAL:01:Log-out (user logged out)|-|UAS_UID=4915209|1210|00271|-|robot|	271
<13>Feb  8 19:28:53 CRB15000_5_95 ABB-UAL:01:Log-out (user logged out)|-|UAS_UID=4980746|1210|00272|-|robot|	272
<13>Feb  8 19:29:13 CRB15000_5_95 ABB-UAL:01:Log-in successful|-|UAS_UID=5046281|1110|00273|-|robot|Default User	273
<13>Feb  8 19:29:13 CRB15000_5_95 ABB-UAL:01:Log-in successful|-|UAS_UID=5111818|1110|00274|-|robot|Default User	274
<13>Feb  8 19:29:13 CRB15000_5_95 ABB-UAL:01:Log-out (user logged out)|-|UAS_UID=5046281|1210|00275|-|robot|	275
<13>Feb  8 19:29:13 CRB15000_5_95 ABB-UAL:01:Log-out (user logged out)|-|UAS_UID=5111818|1210|00276|-|robot|	276
<13>Feb  8 19:29:13 CRB15000_5_95 ABB-UAL:01:Log-in successful|-|UAS_UID=5177353|1110|00277|-|robot|Default User	277
<13>Feb  8 19:29:13 CRB15000_5_95 ABB-UAL:01:Log-in successful|-|UAS_UID=5242890|1110|00278|-|robot|Default User	278
<13>Feb  8 19:31:31 CRB15000_5_95 ABB-UAL:01:Log-out (user logged out)|-|UAS_UID=5177353|1210|00279|-|robot|	279
<13>Feb  8 19:31:31 CRB15000_5_95 ABB-UAL:01:Log-out (user logged out)|-|UAS_UID=5242890|1210|00280|-|robot|	280
<13>Feb  8 19:48:19 CRB15000_5_95 ABB-UAL:01:Log-in successful|-|UAS_UID=5308425|1110|00281|-|robot|Default User	281
<13>Feb  8 19:48:19 CRB15000_5_95 ABB-UAL:01:Log-in successful|-|UAS_UID=5373962|1110|00282|-|robot|Default User	282
<13>Feb  8 19:48:19 CRB15000_5_95 ABB-UAL:01:Log-out (user logged out)|-|UAS_UID=5308425|1210|00283|-|robot|	283
<13>Feb  8 19:48:19 CRB15000_5_95 ABB-UAL:01:Log-out (user logged out)|-|UAS_UID=5373962|1210|00284|-|robot|	284
<13>Feb  8 19:48:19 CRB15000_5_95 ABB-UAL:01:Log-in successful|-|UAS_UID=5439497|1110|00285|-|robot|Default User	285
<13>Feb  8 19:48:19 CRB15000_5_95 ABB-UAL:01:Log-in successful|-|UAS_UID=5505034|1110|00286|-|robot|Default User	286
<13>Feb  8 19:51:32 CRB15000_5_95 ABB-UAL:01:Log-out (user logged out)|-|UAS_UID=5439497|1210|00287|-|robot|	287
<13>Feb  8 19:51:32 CRB15000_5_95 ABB-UAL:01:Log-out (user logged out)|-|UAS_UID=5505034|1210|00288|-|robot|	288
<13>Feb  8 20:12:01 CRB15000_5_95 ABB-UAL:01:Log-out (user logged out)|-|UAS_UID=524296|1210|00289|-|robot|	289
<13>Feb  8 20:12:01 CRB15000_5_95 ABB-UAL:01:Log-out (user logged out)|-|UAS_UID=458759|1210|00290|-|robot|	290
<13>Feb  8 20:12:01 CRB15000_5_95 ABB-UAL:01:Log-out (user logged out)|-|Socket=7148|1210|00291|-|robot|	291
<13>Feb  9 16:04:07 CRB15000_5_95 ABB-UAL:01:Log-in successful|-|UAS_UID=65537|1110|00292|-|robot|NativeUser	292
<13>Feb  9 16:04:08 CRB15000_5_95 ABB-UAL:01:Log-in successful|-|UAS_UID=131074|1110|00293|-|robot|NativeUser	293
<13>Feb  9 16:04:09 CRB15000_5_95 ABB-UAL:01:Log-in successful|-|UAS_UID=196611|1110|00294|-|robot|NativeUser	294
<13>Feb  9 16:04:09 CRB15000_5_95 ABB-UAL:01:Log-in successful|-|UAS_UID=262148|1110|00295|-|robot|NativeUser	295
<13>Feb  9 16:04:09 CRB15000_5_95 ABB-UAL:01:Log-in successful|-|UAS_UID=327685|1110|00296|-|robot|NativeUser	296
<13>Feb  9 16:04:09 CRB15000_5_95 ABB-UAL:01:Log-in successful|-|UAS_UID=393222|1110|00297|-|robot|NativeUser	297
<13>Feb  9 16:04:11 CRB15000_5_95 ABB-UAL:01:Log-in successful|-|UAS_UID=458759|1110|00298|-|robot|Admin	298
<13>Feb  9 16:04:20 CRB15000_5_95 ABB-UAL:01:Log-in successful|-|UAS_UID=524296|1110|00299|-|robot|Admin	299
<13>Feb  9 16:06:02 CRB15000_5_95 ABB-UAL:01:Log-in successful|-|UAS_UID=589833|1110|00300|-|robot|Default User	300
<13>Feb  9 16:06:03 CRB15000_5_95 ABB-UAL:01:Log-in successful|-|UAS_UID=655370|1110|00301|-|robot|Default User	301
<13>Feb  9 16:06:03 CRB15000_5_95 ABB-UAL:01:Log-out (user logged out)|-|UAS_UID=589833|1210|00302|-|robot|	302
<13>Feb  9 16:06:03 CRB15000_5_95 ABB-UAL:01:Log-out (user logged out)|-|UAS_UID=655370|1210|00303|-|robot|	303
<13>Feb  9 16:06:03 CRB15000_5_95 ABB-UAL:01:Log-in successful|-|UAS_UID=720905|1110|00304|-|robot|Default User	304
<13>Feb  9 16:06:03 CRB15000_5_95 ABB-UAL:01:Log-in successful|-|UAS_UID=786442|1110|00305|-|robot|Default User	305
<13>Feb  9 16:07:14 CRB15000_5_95 ABB-UAL:01:Log-out (user logged out)|-|UAS_UID=720905|1210|00306|-|robot|	306
<13>Feb  9 16:07:14 CRB15000_5_95 ABB-UAL:01:Log-out (user logged out)|-|UAS_UID=786442|1210|00307|-|robot|	307
<13>Feb  9 16:08:37 CRB15000_5_95 ABB-UAL:01:Log-in successful|-|UAS_UID=851977|1110|00308|-|robot|Default User	308
<13>Feb  9 16:08:37 CRB15000_5_95 ABB-UAL:01:Log-in successful|-|UAS_UID=917514|1110|00309|-|robot|Default User	309
<13>Feb  9 16:08:37 CRB15000_5_95 ABB-UAL:01:Log-out (user logged out)|-|UAS_UID=851977|1210|00310|-|robot|	310
<13>Feb  9 16:08:37 CRB15000_5_95 ABB-UAL:01:Log-out (user logged out)|-|UAS_UID=917514|1210|00311|-|robot|	311
<13>Feb  9 16:08:37 CRB15000_5_95 ABB-UAL:01:Log-in successful|-|UAS_UID=983049|1110|00312|-|robot|Default User	312
<13>Feb  9 16:08:37 CRB15000_5_95 ABB-UAL:01:Log-in successful|-|UAS_UID=1048586|1110|00313|-|robot|Default User	313
<13>Feb  9 16:09:11 CRB15000_5_95 ABB-UAL:01:Log-out (user logged out)|-|UAS_UID=983049|1210|00314|-|robot|	314
<13>Feb  9 16:09:11 CRB15000_5_95 ABB-UAL:01:Log-out (user logged out)|-|UAS_UID=1048586|1210|00315|-|robot|	315
<13>Feb  9 16:44:49 CRB15000_5_95 ABB-UAL:01:Log-out (user logged out)|-|UAS_UID=524296|1210|00316|-|robot|	316
<13>Feb  9 16:44:49 CRB15000_5_95 ABB-UAL:01:Log-out (user logged out)|-|UAS_UID=458759|1210|00317|-|robot|	317
<13>Feb  9 16:44:49 CRB15000_5_95 ABB-UAL:01:Log-out (user logged out)|-|Socket=7148|1210|00318|-|robot|	318
-----BEGIN DIGEST-----
pYeng2wRCHmZRg6Pzy1S4dWE1sHVCKnryo7dWZveBRoVMUxTuoJH+iNmXIz4eSXz+12jqg==
-----END DIGEST-----
