#######  Log open at 22-11-14  16:47:08 Eastern Standard Time -0500 #######
22-11-14  16:47:08	C:\BUILDAGENTS\SEABB-IS-13900.2\_work\267\s\DpManager\DpManagerRWI.cpp,628,[INFO]:	Current RWI versionName: '1.6.0'
22-11-14  16:47:08	C:\BUILDAGENTS\SEABB-IS-13900.2\_work\267\s\DpManager\DpManagerRWI.cpp,639,[INFO]:	Current RWI version detail '1.6.0+25'
22-11-14  16:47:08	C:\BUILDAGENTS\SEABB-IS-13900.2\_work\267\s\Startup\Startup.cpp,775,[INFO]:	Current RWI: 1.6.0+25, 1.6.0
22-11-14  16:47:08	C:\BUILDAGENTS\SEABB-IS-13900.2\_work\267\s\DpManager\DpManagerSysInstall.cpp,844,[INFO]:	Starting SystemInstallImp::InitInstallation()...
22-11-14  16:47:08	C:\BUILDAGENTS\SEABB-IS-13900.2\_work\267\s\DpManager\DpManagerSystemCommon.cpp,1294,[INFO]:	Package version check for HW Platform completed. No problem found. current HWPlatform: vc, required pkg ver = 1 
22-11-14  16:47:08	C:\BUILDAGENTS\SEABB-IS-13900.2\_work\267\s\DpManager\DpManagerSysInstall.cpp,699,[INFO]:	Installation type 3, m_ctrl = '', rootPath = C:\Users\praveen.ravishankar\AppData\Local\Temp\tmpA7B2.tmp\CRB15000_5_95, systemPath = 'C:\Users\praveen.ravishankar\AppData\Local\Temp\tmpA7B2.tmp\CRB15000_5_95/Systems/CRB15000_5_95'.
22-11-14  16:47:08	D:\BUILDAGENTS\SEABB-IS-13900.5\_work\176\s\ControllerProperties\ControllerProperties.cpp,165,[WARN]:	Previous controller properties file is not present or cannot be loaded.
22-11-14  16:47:08	C:\BUILDAGENTS\SEABB-IS-13900.2\_work\267\s\LicenseManager\LicenseManager.cpp,687,[INFO]:	Validate file 'virtual.abb.cn.robotics.wizard_1.3.0.rlf'
22-11-14  16:47:08	C:\BUILDAGENTS\SEABB-IS-13900.2\_work\267\s\LicenseManager\LicenseManager.cpp,687,[INFO]:	Validate file 'virtual.abb.robotics.robotcontrol.rlf'
22-11-14  16:47:08	D:\BUILDAGENTS\SEABB-IS-13900.5\_work\176\s\ControllerManagerUtility\ControllerManagerUtility.cpp,668,[INFO]:	'C:/Users/praveen.ravishankar/AppData/Local/Temp/tmpA7B2.tmp/CRB15000_5_95/Licenses/virtual.abb.robotics.robotcontrol.rlf' is not encrypted. 
22-11-14  16:47:08	D:\BUILDAGENTS\SEABB-IS-13900.5\_work\176\s\ControllerManagerUtility\ControllerManagerUtility.cpp,668,[INFO]:	'C:/Users/praveen.ravishankar/Documents/RobotStudio/Projects/DigitalTwin/Virtual Controllers/CRB15000_5_95/internal/temp/INSTALLTEMP/LICENSE/virtual.abb.robotics.robotcontrol.rlf' is not encrypted. 
22-11-14  16:47:08	D:\BUILDAGENTS\SEABB-IS-13900.5\_work\176\s\ControllerManagerUtility\ControllerManagerUtility.cpp,668,[INFO]:	'C:/Users/praveen.ravishankar/Documents/RobotStudio/Projects/DigitalTwin/Virtual Controllers/CRB15000_5_95/internal/temp/INSTALLTEMP/LICENSE/virtual.abb.robotics.robotcontrol.rlf' is not encrypted. 
22-11-14  16:47:08	C:\BUILDAGENTS\SEABB-IS-13900.2\_work\267\s\LicenseManager\LicenseManager.cpp,687,[INFO]:	Validate file 'virtual.abb.robotics.robots.rlf'
22-11-14  16:47:08	C:\BUILDAGENTS\SEABB-IS-13900.2\_work\267\s\DpManager\DpManagerSystemCommon.cpp,990,[INFO]:	Reading content in file path 'C:\Users\praveen.ravishankar\AppData\Local\Temp\tmpA7B2.tmp\CRB15000_5_95/Systems/CRB15000_5_95/controller.rsf'.
22-11-14  16:47:08	C:\BUILDAGENTS\SEABB-IS-13900.2\_work\267\s\DpManager\DpManagerSysInstall.cpp,1846,[INFO]:	Path = 'C:\Users\praveen.ravishankar\AppData\Local\Temp\tmpA7B2.tmp\CRB15000_5_95/Products/abb.robotics.robotcontrol', manifestfile = 'abb.robotics.robotcontrol.rmf'.
22-11-14  16:47:08	C:\BUILDAGENTS\SEABB-IS-13900.2\_work\267\s\DpManager\DpManagerSysInstall.cpp,1846,[INFO]:	Path = 'C:\Users\praveen.ravishankar\AppData\Local\Temp\tmpA7B2.tmp\CRB15000_5_95/Products/abb.robotics.robotos', manifestfile = 'abb.robotics.robotos.rmf'.
22-11-14  16:47:08	C:\BUILDAGENTS\SEABB-IS-13900.2\_work\267\s\DpManager\DpManagerSysInstall.cpp,1846,[INFO]:	Path = 'C:\Users\praveen.ravishankar\AppData\Local\Temp\tmpA7B2.tmp\CRB15000_5_95/Products/abb.robotics.robots', manifestfile = 'abb.robotics.robots.rmf'.
22-11-14  16:47:08	C:\BUILDAGENTS\SEABB-IS-13900.2\_work\267\s\DpManager\DpManagerSysInstall.cpp,1846,[INFO]:	Path = 'C:\Users\praveen.ravishankar\AppData\Local\Temp\tmpA7B2.tmp\CRB15000_5_95/Products/abb.cn.robotics.wizard', manifestfile = 'abb.cn.robotics.wizard_1.4.1.rmf'.
22-11-14  16:47:08	C:\BUILDAGENTS\SEABB-IS-13900.2\_work\267\s\DpManager\DpManagerSystemCommon.cpp,745,[INFO]:	versionMin Major value: 5
22-11-14  16:47:08	C:\BUILDAGENTS\SEABB-IS-13900.2\_work\267\s\DpManager\DpManagerSystemCommon.cpp,768,[INFO]:	New dependency: RobotOS, min:5.0.1, max:5.99999999.99999999.
22-11-14  16:47:08	C:\BUILDAGENTS\SEABB-IS-13900.2\_work\267\s\DpManager\DpManagerSystemCommon.cpp,745,[INFO]:	versionMin Major value: 1
22-11-14  16:47:08	C:\BUILDAGENTS\SEABB-IS-13900.2\_work\267\s\DpManager\DpManagerSystemCommon.cpp,768,[INFO]:	New dependency: RobotWareInstallationUtilities, min:1.6.0, max:1.99999999.99999999.
22-11-14  16:47:08	C:\BUILDAGENTS\SEABB-IS-13900.2\_work\267\s\DpManager\DpManagerSystemCommon.cpp,745,[INFO]:	versionMin Major value: 1
22-11-14  16:47:08	C:\BUILDAGENTS\SEABB-IS-13900.2\_work\267\s\DpManager\DpManagerSystemCommon.cpp,768,[INFO]:	New dependency: RobotWareInstallationUtilities, min:1.6.0, max:1.99999999.99999999.
22-11-14  16:47:08	C:\BUILDAGENTS\SEABB-IS-13900.2\_work\267\s\DpManager\DpManagerSystemCommon.cpp,699,[INFO]:	Using default hwplatform for AddIns: '*'.
22-11-14  16:47:08	C:\BUILDAGENTS\SEABB-IS-13900.2\_work\267\s\DpManager\DpManagerSystemCommon.cpp,745,[INFO]:	versionMin Major value: 7
22-11-14  16:47:08	C:\BUILDAGENTS\SEABB-IS-13900.2\_work\267\s\DpManager\DpManagerSystemCommon.cpp,768,[INFO]:	New dependency: RobotControl, min:7.1.0-225.Internal, max:7.99999999.99999999.
22-11-14  16:47:08	C:\BUILDAGENTS\SEABB-IS-13900.2\_work\267\s\DpManager\DpManagerSystemCommon.cpp,699,[INFO]:	Using default hwplatform for AddIns: '*'.
22-11-14  16:47:08	C:\BUILDAGENTS\SEABB-IS-13900.2\_work\267\s\DpManager\DpManagerSystemCommon.cpp,714,[INFO]:	No <Dependecy> found in product 'Wizard' in file 'abb.cn.robotics.wizard_1.4.1.rmf'.
22-11-14  16:47:08	D:\BUILDAGENTS\SEABB-IS-13900.5\_work\176\s\ControllerManagerUtility\ControllerManagerUtility.cpp,668,[INFO]:	'C:/Users/praveen.ravishankar/Documents/RobotStudio/Projects/DigitalTwin/Virtual Controllers/CRB15000_5_95/internal/temp/INSTALLTEMP/LICENSE/virtual.abb.robotics.robotcontrol.rlf' is not encrypted. 
22-11-14  16:47:08	D:\BUILDAGENTS\SEABB-IS-13900.5\_work\176\s\ControllerManagerUtility\ControllerManagerUtility.cpp,668,[INFO]:	'C:/Users/praveen.ravishankar/Documents/RobotStudio/Projects/DigitalTwin/Virtual Controllers/CRB15000_5_95/internal/temp/INSTALLTEMP/LICENSE/virtual.abb.robotics.robotcontrol.rlf' is not encrypted. 
22-11-14  16:47:08	C:\BUILDAGENTS\SEABB-IS-13900.2\_work\267\s\DpManager\DpManagerUtility.cpp,676,[INFO]:	Validate manifest 'C:\Users\praveen.ravishankar\AppData\Local\Temp\tmpA7B2.tmp\CRB15000_5_95/Products/abb.robotics.robotcontrol/abb.robotics.robotcontrol.rmf'
22-11-14  16:47:08	C:\BUILDAGENTS\SEABB-IS-13900.2\_work\267\s\DpManager\DpManagerUtility.cpp,717,[WARN]:	Untrusted root certificate C:\Users\praveen.ravishankar\AppData\Local\Temp\tmpA7B2.tmp\CRB15000_5_95/Products/abb.robotics.robotcontrol/abb.robotics.robotcontrol.rmf
22-11-14  16:47:08	C:\BUILDAGENTS\SEABB-IS-13900.2\_work\267\s\DpManager\DpManagerUtility.cpp,739,[INFO]:	Validate all .rpk files.
22-11-14  16:47:08	C:\BUILDAGENTS\SEABB-IS-13900.2\_work\267\s\DpManager\DpManagerUtility.cpp,676,[INFO]:	Validate manifest 'C:\Users\praveen.ravishankar\AppData\Local\Temp\tmpA7B2.tmp\CRB15000_5_95/Products/abb.robotics.robotos/abb.robotics.robotos.rmf'
22-11-14  16:47:08	C:\BUILDAGENTS\SEABB-IS-13900.2\_work\267\s\DpManager\DpManagerUtility.cpp,717,[WARN]:	Untrusted root certificate C:\Users\praveen.ravishankar\AppData\Local\Temp\tmpA7B2.tmp\CRB15000_5_95/Products/abb.robotics.robotos/abb.robotics.robotos.rmf
22-11-14  16:47:08	C:\BUILDAGENTS\SEABB-IS-13900.2\_work\267\s\DpManager\DpManagerUtility.cpp,739,[INFO]:	Validate all .rpk files.
22-11-14  16:47:08	C:\BUILDAGENTS\SEABB-IS-13900.2\_work\267\s\DpManager\DpManagerUtility.cpp,676,[INFO]:	Validate manifest 'C:\Users\praveen.ravishankar\AppData\Local\Temp\tmpA7B2.tmp\CRB15000_5_95/Products/abb.robotics.robots/abb.robotics.robots.rmf'
22-11-14  16:47:08	C:\BUILDAGENTS\SEABB-IS-13900.2\_work\267\s\DpManager\DpManagerUtility.cpp,717,[WARN]:	Untrusted root certificate C:\Users\praveen.ravishankar\AppData\Local\Temp\tmpA7B2.tmp\CRB15000_5_95/Products/abb.robotics.robots/abb.robotics.robots.rmf
22-11-14  16:47:08	C:\BUILDAGENTS\SEABB-IS-13900.2\_work\267\s\DpManager\DpManagerUtility.cpp,739,[INFO]:	Validate all .rpk files.
22-11-14  16:47:08	C:\BUILDAGENTS\SEABB-IS-13900.2\_work\267\s\DpManager\DpManagerUtility.cpp,676,[INFO]:	Validate manifest 'C:\Users\praveen.ravishankar\AppData\Local\Temp\tmpA7B2.tmp\CRB15000_5_95/Products/abb.cn.robotics.wizard/abb.cn.robotics.wizard_1.4.1.rmf'
22-11-14  16:47:08	C:\BUILDAGENTS\SEABB-IS-13900.2\_work\267\s\DpManager\DpManagerUtility.cpp,717,[WARN]:	Untrusted root certificate C:\Users\praveen.ravishankar\AppData\Local\Temp\tmpA7B2.tmp\CRB15000_5_95/Products/abb.cn.robotics.wizard/abb.cn.robotics.wizard_1.4.1.rmf
22-11-14  16:47:08	C:\BUILDAGENTS\SEABB-IS-13900.2\_work\267\s\DpManager\DpManagerUtility.cpp,739,[INFO]:	Validate all .rpk files.
22-11-14  16:47:08	C:\BUILDAGENTS\SEABB-IS-13900.2\_work\267\s\DpManager\DpManagerRWI.cpp,628,[INFO]:	Current RWI versionName: '1.6.0'
22-11-14  16:47:08	C:\BUILDAGENTS\SEABB-IS-13900.2\_work\267\s\DpManager\DpManagerRWI.cpp,639,[INFO]:	Current RWI version detail '1.6.0+25'
22-11-14  16:47:08	C:\BUILDAGENTS\SEABB-IS-13900.2\_work\267\s\DpManager\DpManagerRWI.cpp,628,[INFO]:	Current RWI versionName: '1.6.0'
22-11-14  16:47:08	C:\BUILDAGENTS\SEABB-IS-13900.2\_work\267\s\DpManager\DpManagerRWI.cpp,639,[INFO]:	Current RWI version detail '1.6.0+25'
22-11-14  16:47:08	C:\BUILDAGENTS\SEABB-IS-13900.2\_work\267\s\DpManager\DpManagerSystemCommon.cpp,1225,[INFO]:	Product HW platform compatibility check done.
22-11-14  16:47:08	C:\BUILDAGENTS\SEABB-IS-13900.2\_work\267\s\DpManager\DpManagerSystemCommon.cpp,160,[INFO]:	Starting resolve dependencies. Current platform is 'vc', nr of products is 4.
22-11-14  16:47:08	C:\BUILDAGENTS\SEABB-IS-13900.2\_work\267\s\DpManager\DpManagerSystemCommon.cpp,208,[INFO]:	Added RobotOS, version '5.0.1+0'. Number of products left is 3.
22-11-14  16:47:08	C:\BUILDAGENTS\SEABB-IS-13900.2\_work\267\s\DpManager\DpManagerSystemCommon.cpp,248,[INFO]:	Dependency check to RobotOS.
22-11-14  16:47:08	C:\BUILDAGENTS\SEABB-IS-13900.2\_work\267\s\DpManager\DpManagerSystemCommon.cpp,323,[INFO]:	Add product RobotControl. Nr of products left is 2.
22-11-14  16:47:08	C:\BUILDAGENTS\SEABB-IS-13900.2\_work\267\s\DpManager\DpManagerSystemCommon.cpp,334,[INFO]:	Add all products that have only one dependency and it is RobotControl.
22-11-14  16:47:08	C:\BUILDAGENTS\SEABB-IS-13900.2\_work\267\s\DpManager\DpManagerSystemCommon.cpp,351,[INFO]:	Only dependency on RobotControl. Add product 'Robots' to the sorted List.
22-11-14  16:47:08	C:\BUILDAGENTS\SEABB-IS-13900.2\_work\267\s\DpManager\DpManagerSystemCommon.cpp,369,[INFO]:	Check dependency loop 0 starts, nr of products to solve dependency is 1.
22-11-14  16:47:08	C:\BUILDAGENTS\SEABB-IS-13900.2\_work\267\s\DpManager\DpManagerSystemCommon.cpp,424,[INFO]:	Add product 'Wizard' to the sorted List.
22-11-14  16:47:08	C:\BUILDAGENTS\SEABB-IS-13900.2\_work\267\s\DpManager\DpManagerSystemCommon.cpp,364,[INFO]:	No more products left to check dependency.
22-11-14  16:47:08	C:\BUILDAGENTS\SEABB-IS-13900.2\_work\267\s\DpManager\DpManagerSystemCommon.cpp,471,[INFO]:	Done resolving dependencies, status = 0.
22-11-14  16:47:08	C:\BUILDAGENTS\SEABB-IS-13900.2\_work\267\s\DpManager\DpManagerSysInstall.cpp,1076,[INFO]:	Product root dir path 'C:/Users/praveen.ravishankar/AppData/Local/ABB/RobotWare'.
22-11-14  16:47:08	C:\BUILDAGENTS\SEABB-IS-13900.2\_work\267\s\DpManager\DpManagerSysInstall.cpp,1097,[INFO]:	Install product 'RobotOS' to 'C:/Users/praveen.ravishankar/AppData/Local/ABB/RobotWare/RobotOS_5.0.1'.
22-11-14  16:47:08	C:\BUILDAGENTS\SEABB-IS-13900.2\_work\267\s\DpManager\DpManagerSysInstall.cpp,1113,[INFO]:	Product 'RobotOS' is already installed.
22-11-14  16:47:08	C:\BUILDAGENTS\SEABB-IS-13900.2\_work\267\s\DpManager\DpManagerSysInstall.cpp,1097,[INFO]:	Install product 'RobotControl' to 'C:/Users/praveen.ravishankar/AppData/Local/ABB/RobotWare/RobotControl_7.6.1'.
22-11-14  16:47:08	C:\BUILDAGENTS\SEABB-IS-13900.2\_work\267\s\DpManager\DpManagerSysInstall.cpp,1113,[INFO]:	Product 'RobotControl' is already installed.
22-11-14  16:47:08	C:\BUILDAGENTS\SEABB-IS-13900.2\_work\267\s\DpManager\DpManagerSysInstall.cpp,1097,[INFO]:	Install product 'Robots' to 'C:/Users/praveen.ravishankar/AppData/Local/ABB/RobotWare/Robots_1.6.1'.
22-11-14  16:47:08	C:\BUILDAGENTS\SEABB-IS-13900.2\_work\267\s\DpManager\DpManagerSysInstall.cpp,1113,[INFO]:	Product 'Robots' is already installed.
22-11-14  16:47:08	C:\BUILDAGENTS\SEABB-IS-13900.2\_work\267\s\DpManager\DpManagerSysInstall.cpp,1097,[INFO]:	Install product 'Wizard' to 'C:/Users/praveen.ravishankar/AppData/Local/ABB/RobotWare/Wizard_1.4.1'.
22-11-14  16:47:08	C:\BUILDAGENTS\SEABB-IS-13900.2\_work\267\s\DpManager\DpManagerSysInstall.cpp,1113,[INFO]:	Product 'Wizard' is already installed.
22-11-14  16:47:08	C:\BUILDAGENTS\SEABB-IS-13900.2\_work\267\s\DpManager\DpManagerSysInstall.cpp,1970,[INFO]:	Write return message to file 'C:/Users/praveen.ravishankar/Documents/RobotStudio/Projects/DigitalTwin/Virtual Controllers/CRB15000_5_95/internal/inbox/message'.
22-11-14  16:47:08	C:\BUILDAGENTS\SEABB-IS-13900.2\_work\267\s\DpManager\DpManagerSystemCommon.cpp,1671,[INFO]:	S27 OS image path from boot info: C:/Users/praveen.ravishankar/AppData/Local/ABB/RobotWare/RobotOS_5.0.1/S27.01/bin/s27.01.dll.
22-11-14  16:47:08	C:\BUILDAGENTS\SEABB-IS-13900.2\_work\267\s\DpManager\DpManagerSysInstall.cpp,1342,[INFO]:	Installation has been finished, status = 0.
22-11-14  16:47:08	C:\BUILDAGENTS\SEABB-IS-13900.2\_work\267\s\DpManager\DpManagerSysInstall.cpp,1343,[INFO]:	Clean up the temporary files.
22-11-14  16:47:08	C:\BUILDAGENTS\SEABB-IS-13900.2\_work\267\s\VCInstaller\VCInstaller.cpp,575,[INFO]:	No HW settings file used.
#######  Log open at 22-12-13  02:58:33 Eastern Standard Time -0500 #######
22-12-13  02:58:33	C:\BUILDAGENTS\SEABB-IS-13900.2\_work\267\s\DpManager\DpManagerRWI.cpp,628,[INFO]:	Current RWI versionName: '1.6.0'
22-12-13  02:58:33	C:\BUILDAGENTS\SEABB-IS-13900.2\_work\267\s\DpManager\DpManagerRWI.cpp,639,[INFO]:	Current RWI version detail '1.6.0+25'
22-12-13  02:58:33	C:\BUILDAGENTS\SEABB-IS-13900.2\_work\267\s\Startup\Startup.cpp,775,[INFO]:	Current RWI: 1.6.0+25, 1.6.0
22-12-13  02:58:33	C:\BUILDAGENTS\SEABB-IS-13900.2\_work\267\s\DpManager\DpManagerSysInstall.cpp,844,[INFO]:	Starting SystemInstallImp::InitInstallation()...
22-12-13  02:58:33	C:\BUILDAGENTS\SEABB-IS-13900.2\_work\267\s\DpManager\DpManagerSystemCommon.cpp,1294,[INFO]:	Package version check for HW Platform completed. No problem found. current HWPlatform: vc, required pkg ver = 1 
22-12-13  02:58:33	C:\BUILDAGENTS\SEABB-IS-13900.2\_work\267\s\DpManager\DpManagerSysInstall.cpp,699,[INFO]:	Installation type 3, m_ctrl = '', rootPath = C:\Users\praveen.ravishankar\AppData\Local\Temp\tmpB86E.tmp\CRB15000_5_95, systemPath = 'C:\Users\praveen.ravishankar\AppData\Local\Temp\tmpB86E.tmp\CRB15000_5_95/Systems/CRB15000_5_95'.
22-12-13  02:58:33	C:\BUILDAGENTS\SEABB-IS-13900.2\_work\267\s\LicenseManager\LicenseManager.cpp,666,[INFO]:	File 'virtual.abb.cn.robotics.wizard_1.3.0.rlf' already exists. Delete the existing one.
22-12-13  02:58:33	D:\BUILDAGENTS\SEABB-IS-13900.5\_work\176\s\ControllerManagerUtility\ControllerManagerUtility.cpp,668,[INFO]:	'C:/Users/praveen.ravishankar/Desktop/ABBPathPlanningProject/RobotStudio Solutions/DigitalTwin/Virtual Controllers/CRB15000_5_95/internal/temp/INSTALLTEMP/LICENSE/virtual.abb.robotics.robotcontrol.rlf' is not encrypted. 
22-12-13  02:58:33	D:\BUILDAGENTS\SEABB-IS-13900.5\_work\176\s\ControllerManagerUtility\ControllerManagerUtility.cpp,668,[INFO]:	'C:/Users/praveen.ravishankar/Desktop/ABBPathPlanningProject/RobotStudio Solutions/DigitalTwin/Virtual Controllers/CRB15000_5_95/internal/temp/INSTALLTEMP/LICENSE/virtual.abb.robotics.robotcontrol.rlf' is not encrypted. 
22-12-13  02:58:33	C:\BUILDAGENTS\SEABB-IS-13900.2\_work\267\s\LicenseManager\LicenseManager.cpp,687,[INFO]:	Validate file 'virtual.abb.cn.robotics.wizard_1.3.0.rlf'
22-12-13  02:58:33	C:\BUILDAGENTS\SEABB-IS-13900.2\_work\267\s\LicenseManager\LicenseManager.cpp,666,[INFO]:	File 'virtual.abb.robotics.robotcontrol.rlf' already exists. Delete the existing one.
22-12-13  02:58:33	C:\BUILDAGENTS\SEABB-IS-13900.2\_work\267\s\LicenseManager\LicenseManager.cpp,687,[INFO]:	Validate file 'virtual.abb.robotics.robotcontrol.rlf'
22-12-13  02:58:33	D:\BUILDAGENTS\SEABB-IS-13900.5\_work\176\s\ControllerManagerUtility\ControllerManagerUtility.cpp,668,[INFO]:	'C:/Users/praveen.ravishankar/AppData/Local/Temp/tmpB86E.tmp/CRB15000_5_95/Licenses/virtual.abb.robotics.robotcontrol.rlf' is not encrypted. 
22-12-13  02:58:33	C:\BUILDAGENTS\SEABB-IS-13900.2\_work\267\s\LicenseManager\LicenseManager.cpp,666,[INFO]:	File 'virtual.abb.robotics.robots.rlf' already exists. Delete the existing one.
22-12-13  02:58:33	D:\BUILDAGENTS\SEABB-IS-13900.5\_work\176\s\ControllerManagerUtility\ControllerManagerUtility.cpp,668,[INFO]:	'C:/Users/praveen.ravishankar/Desktop/ABBPathPlanningProject/RobotStudio Solutions/DigitalTwin/Virtual Controllers/CRB15000_5_95/internal/temp/INSTALLTEMP/LICENSE/virtual.abb.robotics.robotcontrol.rlf' is not encrypted. 
22-12-13  02:58:33	D:\BUILDAGENTS\SEABB-IS-13900.5\_work\176\s\ControllerManagerUtility\ControllerManagerUtility.cpp,668,[INFO]:	'C:/Users/praveen.ravishankar/Desktop/ABBPathPlanningProject/RobotStudio Solutions/DigitalTwin/Virtual Controllers/CRB15000_5_95/internal/temp/INSTALLTEMP/LICENSE/virtual.abb.robotics.robotcontrol.rlf' is not encrypted. 
22-12-13  02:58:33	C:\BUILDAGENTS\SEABB-IS-13900.2\_work\267\s\LicenseManager\LicenseManager.cpp,687,[INFO]:	Validate file 'virtual.abb.robotics.robots.rlf'
22-12-13  02:58:33	C:\BUILDAGENTS\SEABB-IS-13900.2\_work\267\s\DpManager\DpManagerSystemCommon.cpp,990,[INFO]:	Reading content in file path 'C:\Users\praveen.ravishankar\AppData\Local\Temp\tmpB86E.tmp\CRB15000_5_95/Systems/CRB15000_5_95/controller.rsf'.
22-12-13  02:58:33	C:\BUILDAGENTS\SEABB-IS-13900.2\_work\267\s\DpManager\DpManagerSysInstall.cpp,1846,[INFO]:	Path = 'C:\Users\praveen.ravishankar\AppData\Local\Temp\tmpB86E.tmp\CRB15000_5_95/Products/abb.robotics.robotcontrol', manifestfile = 'abb.robotics.robotcontrol.rmf'.
22-12-13  02:58:33	C:\BUILDAGENTS\SEABB-IS-13900.2\_work\267\s\DpManager\DpManagerSysInstall.cpp,1846,[INFO]:	Path = 'C:\Users\praveen.ravishankar\AppData\Local\Temp\tmpB86E.tmp\CRB15000_5_95/Products/abb.robotics.robotos', manifestfile = 'abb.robotics.robotos.rmf'.
22-12-13  02:58:33	C:\BUILDAGENTS\SEABB-IS-13900.2\_work\267\s\DpManager\DpManagerSysInstall.cpp,1846,[INFO]:	Path = 'C:\Users\praveen.ravishankar\AppData\Local\Temp\tmpB86E.tmp\CRB15000_5_95/Products/abb.robotics.robots', manifestfile = 'abb.robotics.robots.rmf'.
22-12-13  02:58:33	C:\BUILDAGENTS\SEABB-IS-13900.2\_work\267\s\DpManager\DpManagerSysInstall.cpp,1846,[INFO]:	Path = 'C:\Users\praveen.ravishankar\AppData\Local\Temp\tmpB86E.tmp\CRB15000_5_95/Products/abb.cn.robotics.wizard', manifestfile = 'abb.cn.robotics.wizard_1.4.1.rmf'.
22-12-13  02:58:33	C:\BUILDAGENTS\SEABB-IS-13900.2\_work\267\s\DpManager\DpManagerSystemCommon.cpp,745,[INFO]:	versionMin Major value: 5
22-12-13  02:58:33	C:\BUILDAGENTS\SEABB-IS-13900.2\_work\267\s\DpManager\DpManagerSystemCommon.cpp,768,[INFO]:	New dependency: RobotOS, min:5.0.1, max:5.99999999.99999999.
22-12-13  02:58:33	C:\BUILDAGENTS\SEABB-IS-13900.2\_work\267\s\DpManager\DpManagerSystemCommon.cpp,745,[INFO]:	versionMin Major value: 1
22-12-13  02:58:33	C:\BUILDAGENTS\SEABB-IS-13900.2\_work\267\s\DpManager\DpManagerSystemCommon.cpp,768,[INFO]:	New dependency: RobotWareInstallationUtilities, min:1.6.0, max:1.99999999.99999999.
22-12-13  02:58:33	C:\BUILDAGENTS\SEABB-IS-13900.2\_work\267\s\DpManager\DpManagerSystemCommon.cpp,745,[INFO]:	versionMin Major value: 1
22-12-13  02:58:33	C:\BUILDAGENTS\SEABB-IS-13900.2\_work\267\s\DpManager\DpManagerSystemCommon.cpp,768,[INFO]:	New dependency: RobotWareInstallationUtilities, min:1.6.0, max:1.99999999.99999999.
22-12-13  02:58:33	C:\BUILDAGENTS\SEABB-IS-13900.2\_work\267\s\DpManager\DpManagerSystemCommon.cpp,699,[INFO]:	Using default hwplatform for AddIns: '*'.
22-12-13  02:58:33	C:\BUILDAGENTS\SEABB-IS-13900.2\_work\267\s\DpManager\DpManagerSystemCommon.cpp,745,[INFO]:	versionMin Major value: 7
22-12-13  02:58:33	C:\BUILDAGENTS\SEABB-IS-13900.2\_work\267\s\DpManager\DpManagerSystemCommon.cpp,768,[INFO]:	New dependency: RobotControl, min:7.1.0-225.Internal, max:7.99999999.99999999.
22-12-13  02:58:33	C:\BUILDAGENTS\SEABB-IS-13900.2\_work\267\s\DpManager\DpManagerSystemCommon.cpp,699,[INFO]:	Using default hwplatform for AddIns: '*'.
22-12-13  02:58:33	C:\BUILDAGENTS\SEABB-IS-13900.2\_work\267\s\DpManager\DpManagerSystemCommon.cpp,714,[INFO]:	No <Dependecy> found in product 'Wizard' in file 'abb.cn.robotics.wizard_1.4.1.rmf'.
22-12-13  02:58:33	D:\BUILDAGENTS\SEABB-IS-13900.5\_work\176\s\ControllerManagerUtility\ControllerManagerUtility.cpp,668,[INFO]:	'C:/Users/praveen.ravishankar/Desktop/ABBPathPlanningProject/RobotStudio Solutions/DigitalTwin/Virtual Controllers/CRB15000_5_95/internal/temp/INSTALLTEMP/LICENSE/virtual.abb.robotics.robotcontrol.rlf' is not encrypted. 
22-12-13  02:58:33	D:\BUILDAGENTS\SEABB-IS-13900.5\_work\176\s\ControllerManagerUtility\ControllerManagerUtility.cpp,668,[INFO]:	'C:/Users/praveen.ravishankar/Desktop/ABBPathPlanningProject/RobotStudio Solutions/DigitalTwin/Virtual Controllers/CRB15000_5_95/internal/temp/INSTALLTEMP/LICENSE/virtual.abb.robotics.robotcontrol.rlf' is not encrypted. 
22-12-13  02:58:33	C:\BUILDAGENTS\SEABB-IS-13900.2\_work\267\s\DpManager\DpManagerUtility.cpp,676,[INFO]:	Validate manifest 'C:\Users\praveen.ravishankar\AppData\Local\Temp\tmpB86E.tmp\CRB15000_5_95/Products/abb.robotics.robotcontrol/abb.robotics.robotcontrol.rmf'
22-12-13  02:58:33	C:\BUILDAGENTS\SEABB-IS-13900.2\_work\267\s\DpManager\DpManagerUtility.cpp,717,[WARN]:	Untrusted root certificate C:\Users\praveen.ravishankar\AppData\Local\Temp\tmpB86E.tmp\CRB15000_5_95/Products/abb.robotics.robotcontrol/abb.robotics.robotcontrol.rmf
22-12-13  02:58:33	C:\BUILDAGENTS\SEABB-IS-13900.2\_work\267\s\DpManager\DpManagerUtility.cpp,739,[INFO]:	Validate all .rpk files.
22-12-13  02:58:34	C:\BUILDAGENTS\SEABB-IS-13900.2\_work\267\s\DpManager\DpManagerUtility.cpp,676,[INFO]:	Validate manifest 'C:\Users\praveen.ravishankar\AppData\Local\Temp\tmpB86E.tmp\CRB15000_5_95/Products/abb.robotics.robotos/abb.robotics.robotos.rmf'
22-12-13  02:58:34	C:\BUILDAGENTS\SEABB-IS-13900.2\_work\267\s\DpManager\DpManagerUtility.cpp,717,[WARN]:	Untrusted root certificate C:\Users\praveen.ravishankar\AppData\Local\Temp\tmpB86E.tmp\CRB15000_5_95/Products/abb.robotics.robotos/abb.robotics.robotos.rmf
22-12-13  02:58:34	C:\BUILDAGENTS\SEABB-IS-13900.2\_work\267\s\DpManager\DpManagerUtility.cpp,739,[INFO]:	Validate all .rpk files.
22-12-13  02:58:34	C:\BUILDAGENTS\SEABB-IS-13900.2\_work\267\s\DpManager\DpManagerUtility.cpp,676,[INFO]:	Validate manifest 'C:\Users\praveen.ravishankar\AppData\Local\Temp\tmpB86E.tmp\CRB15000_5_95/Products/abb.robotics.robots/abb.robotics.robots.rmf'
22-12-13  02:58:34	C:\BUILDAGENTS\SEABB-IS-13900.2\_work\267\s\DpManager\DpManagerUtility.cpp,717,[WARN]:	Untrusted root certificate C:\Users\praveen.ravishankar\AppData\Local\Temp\tmpB86E.tmp\CRB15000_5_95/Products/abb.robotics.robots/abb.robotics.robots.rmf
22-12-13  02:58:34	C:\BUILDAGENTS\SEABB-IS-13900.2\_work\267\s\DpManager\DpManagerUtility.cpp,739,[INFO]:	Validate all .rpk files.
22-12-13  02:58:34	C:\BUILDAGENTS\SEABB-IS-13900.2\_work\267\s\DpManager\DpManagerUtility.cpp,676,[INFO]:	Validate manifest 'C:\Users\praveen.ravishankar\AppData\Local\Temp\tmpB86E.tmp\CRB15000_5_95/Products/abb.cn.robotics.wizard/abb.cn.robotics.wizard_1.4.1.rmf'
22-12-13  02:58:34	C:\BUILDAGENTS\SEABB-IS-13900.2\_work\267\s\DpManager\DpManagerUtility.cpp,717,[WARN]:	Untrusted root certificate C:\Users\praveen.ravishankar\AppData\Local\Temp\tmpB86E.tmp\CRB15000_5_95/Products/abb.cn.robotics.wizard/abb.cn.robotics.wizard_1.4.1.rmf
22-12-13  02:58:34	C:\BUILDAGENTS\SEABB-IS-13900.2\_work\267\s\DpManager\DpManagerUtility.cpp,739,[INFO]:	Validate all .rpk files.
22-12-13  02:58:34	C:\BUILDAGENTS\SEABB-IS-13900.2\_work\267\s\DpManager\DpManagerRWI.cpp,628,[INFO]:	Current RWI versionName: '1.6.0'
22-12-13  02:58:34	C:\BUILDAGENTS\SEABB-IS-13900.2\_work\267\s\DpManager\DpManagerRWI.cpp,639,[INFO]:	Current RWI version detail '1.6.0+25'
22-12-13  02:58:34	C:\BUILDAGENTS\SEABB-IS-13900.2\_work\267\s\DpManager\DpManagerRWI.cpp,628,[INFO]:	Current RWI versionName: '1.6.0'
22-12-13  02:58:34	C:\BUILDAGENTS\SEABB-IS-13900.2\_work\267\s\DpManager\DpManagerRWI.cpp,639,[INFO]:	Current RWI version detail '1.6.0+25'
22-12-13  02:58:34	C:\BUILDAGENTS\SEABB-IS-13900.2\_work\267\s\DpManager\DpManagerSystemCommon.cpp,1225,[INFO]:	Product HW platform compatibility check done.
22-12-13  02:58:34	C:\BUILDAGENTS\SEABB-IS-13900.2\_work\267\s\DpManager\DpManagerSystemCommon.cpp,160,[INFO]:	Starting resolve dependencies. Current platform is 'vc', nr of products is 4.
22-12-13  02:58:34	C:\BUILDAGENTS\SEABB-IS-13900.2\_work\267\s\DpManager\DpManagerSystemCommon.cpp,208,[INFO]:	Added RobotOS, version '5.0.1+0'. Number of products left is 3.
22-12-13  02:58:34	C:\BUILDAGENTS\SEABB-IS-13900.2\_work\267\s\DpManager\DpManagerSystemCommon.cpp,248,[INFO]:	Dependency check to RobotOS.
22-12-13  02:58:34	C:\BUILDAGENTS\SEABB-IS-13900.2\_work\267\s\DpManager\DpManagerSystemCommon.cpp,323,[INFO]:	Add product RobotControl. Nr of products left is 2.
22-12-13  02:58:34	C:\BUILDAGENTS\SEABB-IS-13900.2\_work\267\s\DpManager\DpManagerSystemCommon.cpp,334,[INFO]:	Add all products that have only one dependency and it is RobotControl.
22-12-13  02:58:34	C:\BUILDAGENTS\SEABB-IS-13900.2\_work\267\s\DpManager\DpManagerSystemCommon.cpp,351,[INFO]:	Only dependency on RobotControl. Add product 'Robots' to the sorted List.
22-12-13  02:58:34	C:\BUILDAGENTS\SEABB-IS-13900.2\_work\267\s\DpManager\DpManagerSystemCommon.cpp,369,[INFO]:	Check dependency loop 0 starts, nr of products to solve dependency is 1.
22-12-13  02:58:34	C:\BUILDAGENTS\SEABB-IS-13900.2\_work\267\s\DpManager\DpManagerSystemCommon.cpp,424,[INFO]:	Add product 'Wizard' to the sorted List.
22-12-13  02:58:34	C:\BUILDAGENTS\SEABB-IS-13900.2\_work\267\s\DpManager\DpManagerSystemCommon.cpp,364,[INFO]:	No more products left to check dependency.
22-12-13  02:58:34	C:\BUILDAGENTS\SEABB-IS-13900.2\_work\267\s\DpManager\DpManagerSystemCommon.cpp,471,[INFO]:	Done resolving dependencies, status = 0.
22-12-13  02:58:34	C:\BUILDAGENTS\SEABB-IS-13900.2\_work\267\s\DpManager\DpManagerSysInstall.cpp,1076,[INFO]:	Product root dir path 'C:/Users/praveen.ravishankar/AppData/Local/ABB/RobotWare'.
22-12-13  02:58:34	C:\BUILDAGENTS\SEABB-IS-13900.2\_work\267\s\DpManager\DpManagerSysInstall.cpp,1097,[INFO]:	Install product 'RobotOS' to 'C:/Users/praveen.ravishankar/AppData/Local/ABB/RobotWare/RobotOS_5.0.1'.
22-12-13  02:58:34	C:\BUILDAGENTS\SEABB-IS-13900.2\_work\267\s\DpManager\DpManagerSysInstall.cpp,1113,[INFO]:	Product 'RobotOS' is already installed.
22-12-13  02:58:34	C:\BUILDAGENTS\SEABB-IS-13900.2\_work\267\s\DpManager\DpManagerSysInstall.cpp,1097,[INFO]:	Install product 'RobotControl' to 'C:/Users/praveen.ravishankar/AppData/Local/ABB/RobotWare/RobotControl_7.6.1'.
22-12-13  02:58:34	C:\BUILDAGENTS\SEABB-IS-13900.2\_work\267\s\DpManager\DpManagerSysInstall.cpp,1113,[INFO]:	Product 'RobotControl' is already installed.
22-12-13  02:58:34	C:\BUILDAGENTS\SEABB-IS-13900.2\_work\267\s\DpManager\DpManagerSysInstall.cpp,1097,[INFO]:	Install product 'Robots' to 'C:/Users/praveen.ravishankar/AppData/Local/ABB/RobotWare/Robots_1.6.1'.
22-12-13  02:58:34	C:\BUILDAGENTS\SEABB-IS-13900.2\_work\267\s\DpManager\DpManagerSysInstall.cpp,1113,[INFO]:	Product 'Robots' is already installed.
22-12-13  02:58:34	C:\BUILDAGENTS\SEABB-IS-13900.2\_work\267\s\DpManager\DpManagerSysInstall.cpp,1097,[INFO]:	Install product 'Wizard' to 'C:/Users/praveen.ravishankar/AppData/Local/ABB/RobotWare/Wizard_1.4.1'.
22-12-13  02:58:34	C:\BUILDAGENTS\SEABB-IS-13900.2\_work\267\s\DpManager\DpManagerSysInstall.cpp,1113,[INFO]:	Product 'Wizard' is already installed.
22-12-13  02:58:34	C:\BUILDAGENTS\SEABB-IS-13900.2\_work\267\s\DpManager\DpManagerSysInstall.cpp,1970,[INFO]:	Write return message to file 'C:/Users/praveen.ravishankar/Desktop/ABBPathPlanningProject/RobotStudio Solutions/DigitalTwin/Virtual Controllers/CRB15000_5_95/internal/inbox/message'.
22-12-13  02:58:34	C:\BUILDAGENTS\SEABB-IS-13900.2\_work\267\s\DpManager\DpManagerSystemCommon.cpp,1671,[INFO]:	S27 OS image path from boot info: C:/Users/praveen.ravishankar/AppData/Local/ABB/RobotWare/RobotOS_5.0.1/S27.01/bin/s27.01.dll.
22-12-13  02:58:34	C:\BUILDAGENTS\SEABB-IS-13900.2\_work\267\s\DpManager\DpManagerSysInstall.cpp,1342,[INFO]:	Installation has been finished, status = 0.
22-12-13  02:58:34	C:\BUILDAGENTS\SEABB-IS-13900.2\_work\267\s\DpManager\DpManagerSysInstall.cpp,1343,[INFO]:	Clean up the temporary files.
22-12-13  02:58:34	C:\BUILDAGENTS\SEABB-IS-13900.2\_work\267\s\VCInstaller\VCInstaller.cpp,575,[INFO]:	No HW settings file used.
