D:\BUILDAGENTS\SEABB-IS-13900.5\_work\178\s\DpUpdates\DpUpdates_i.cpp, 849	[INFO] Update prodinfo.xml. 
D:\BUILDAGENTS\SEABB-IS-13900.5\_work\178\s\DpUpdates\DpUpdates_i.cpp, 979	[INFO] File C:/Users/praveen.ravishankar/Desktop/ABBPathPlanningProject/RobotStudio Solutions/DigitalTwin/Virtual Controllers/CRB15000_5_95/internal/prodinfo.xml has been created, status = 0. 
D:\BUILDAGENTS\SEABB-IS-13900.5\_work\178\s\DpUpdates\DpUpdates_i.cpp, 849	[INFO] Update prodinfo.xml. 
D:\BUILDAGENTS\SEABB-IS-13900.5\_work\178\s\DpUpdates\DpUpdates_i.cpp, 979	[INFO] File C:/Users/praveen.ravishankar/Desktop/ABBPathPlanningProject/RobotStudio Solutions/DigitalTwin/Virtual Controllers/CRB15000_5_95/internal/prodinfo.xml has been created, status = 0. 
D:\BUILDAGENTS\SEABB-IS-13900.5\_work\178\s\DpUpdates\DpUpdates_i.cpp, 849	[INFO] Update prodinfo.xml. 
D:\BUILDAGENTS\SEABB-IS-13900.5\_work\178\s\DpUpdates\DpUpdates_i.cpp, 979	[INFO] File C:/Users/praveen.ravishankar/Desktop/ABBPathPlanningProject/RobotStudio Solutions/DigitalTwin/Virtual Controllers/CRB15000_5_95/internal/prodinfo.xml has been created, status = 0. 
D:\BUILDAGENTS\SEABB-IS-13900.5\_work\178\s\DpUpdates\DpUpdates_i.cpp, 1352	GetProdsAndFeaturesFromCtrlrsfFile(), file path = 'C:/Users/praveen.ravishankar/Desktop/ABBPathPlanningProject/RobotStudio Solutions/DigitalTwin/Virtual Controllers/CRB15000_5_95/internal/controller.rsf'. 
D:\BUILDAGENTS\SEABB-IS-13900.5\_work\178\s\DpUpdates\DpUpdates_i.cpp, 1396	GetProdsAndFeaturesFromCtrlrsfFile(), got 4 products. 
D:\BUILDAGENTS\SEABB-IS-13900.5\_work\178\s\DpUpdates\DpUpdates_i.cpp, 1462	GetProdsAndFeaturesFromCtrlrsfFile(), got 10 features for product 'RobotControl'. 
D:\BUILDAGENTS\SEABB-IS-13900.5\_work\178\s\DpUpdates\DpUpdates_i.cpp, 1462	GetProdsAndFeaturesFromCtrlrsfFile(), got 1 features for product 'RobotOS'. 
D:\BUILDAGENTS\SEABB-IS-13900.5\_work\178\s\DpUpdates\DpUpdates_i.cpp, 1462	GetProdsAndFeaturesFromCtrlrsfFile(), got 1 features for product 'Robots'. 
D:\BUILDAGENTS\SEABB-IS-13900.5\_work\178\s\DpUpdates\DpUpdates_i.cpp, 1462	GetProdsAndFeaturesFromCtrlrsfFile(), got 1 features for product 'Wizard'. 
D:\BUILDAGENTS\SEABB-IS-13900.5\_work\178\s\DpUpdates\DpUpdates_i.cpp, 1889	[INFO] ResetAddInData status =0.
D:\BUILDAGENTS\SEABB-IS-13900.5\_work\178\s\DpUpdates\DpUpdates_i.cpp, 849	[INFO] Update prodinfo.xml. 
D:\BUILDAGENTS\SEABB-IS-13900.5\_work\178\s\DpUpdates\DpUpdates_i.cpp, 979	[INFO] File C:/Users/praveen.ravishankar/Desktop/ABBPathPlanningProject/RobotStudio Solutions/DigitalTwin/Virtual Controllers/CRB15000_5_95/internal/prodinfo.xml has been created, status = 0. 
D:\BUILDAGENTS\SEABB-IS-13900.5\_work\178\s\DpUpdates\DpUpdates_i.cpp, 849	[INFO] Update prodinfo.xml. 
D:\BUILDAGENTS\SEABB-IS-13900.5\_work\178\s\DpUpdates\DpUpdates_i.cpp, 979	[INFO] File C:/Users/praveen.ravishankar/Desktop/ABBPathPlanningProject/RobotStudio Solutions/DigitalTwin/Virtual Controllers/CRB15000_5_95/internal/prodinfo.xml has been created, status = 0. 
D:\BUILDAGENTS\SEABB-IS-13900.5\_work\178\s\DpUpdates\DpUpdates_i.cpp, 849	[INFO] Update prodinfo.xml. 
D:\BUILDAGENTS\SEABB-IS-13900.5\_work\178\s\DpUpdates\DpUpdates_i.cpp, 979	[INFO] File C:/Users/praveen.ravishankar/Desktop/ABBPathPlanningProject/RobotStudio Solutions/DigitalTwin/Virtual Controllers/CRB15000_5_95/internal/prodinfo.xml has been created, status = 0. 
D:\BUILDAGENTS\SEABB-IS-13900.5\_work\178\s\DpUpdates\DpUpdates_i.cpp, 1352	GetProdsAndFeaturesFromCtrlrsfFile(), file path = 'C:/Users/praveen.ravishankar/Desktop/ABBPathPlanningProject/RobotStudio Solutions/DigitalTwin/Virtual Controllers/CRB15000_5_95/internal/controller.rsf'. 
D:\BUILDAGENTS\SEABB-IS-13900.5\_work\178\s\DpUpdates\DpUpdates_i.cpp, 1396	GetProdsAndFeaturesFromCtrlrsfFile(), got 4 products. 
D:\BUILDAGENTS\SEABB-IS-13900.5\_work\178\s\DpUpdates\DpUpdates_i.cpp, 1462	GetProdsAndFeaturesFromCtrlrsfFile(), got 10 features for product 'RobotControl'. 
D:\BUILDAGENTS\SEABB-IS-13900.5\_work\178\s\DpUpdates\DpUpdates_i.cpp, 1462	GetProdsAndFeaturesFromCtrlrsfFile(), got 1 features for product 'RobotOS'. 
D:\BUILDAGENTS\SEABB-IS-13900.5\_work\178\s\DpUpdates\DpUpdates_i.cpp, 1462	GetProdsAndFeaturesFromCtrlrsfFile(), got 1 features for product 'Robots'. 
D:\BUILDAGENTS\SEABB-IS-13900.5\_work\178\s\DpUpdates\DpUpdates_i.cpp, 1462	GetProdsAndFeaturesFromCtrlrsfFile(), got 1 features for product 'Wizard'. 
D:\BUILDAGENTS\SEABB-IS-13900.5\_work\178\s\DpUpdates\DpUpdates_i.cpp, 1889	[INFO] ResetAddInData status =0.
D:\BUILDAGENTS\SEABB-IS-13900.5\_work\178\s\DpUpdates\DpUpdates_i.cpp, 849	[INFO] Update prodinfo.xml. 
D:\BUILDAGENTS\SEABB-IS-13900.5\_work\178\s\DpUpdates\DpUpdates_i.cpp, 979	[INFO] File C:/Users/praveen.ravishankar/Desktop/ABBPathPlanningProject/RobotStudio Solutions/DigitalTwin/Virtual Controllers/CRB15000_5_95/internal/prodinfo.xml has been created, status = 0. 
D:\BUILDAGENTS\SEABB-IS-13900.5\_work\178\s\DpUpdates\DpUpdates_i.cpp, 849	[INFO] Update prodinfo.xml. 
D:\BUILDAGENTS\SEABB-IS-13900.5\_work\178\s\DpUpdates\DpUpdates_i.cpp, 979	[INFO] File C:/Users/praveen.ravishankar/Desktop/ABBPathPlanningProject/RobotStudio Solutions/DigitalTwin/Virtual Controllers/CRB15000_5_95/internal/prodinfo.xml has been created, status = 0. 
D:\BUILDAGENTS\SEABB-IS-13900.5\_work\178\s\DpUpdates\DpUpdates_i.cpp, 849	[INFO] Update prodinfo.xml. 
D:\BUILDAGENTS\SEABB-IS-13900.5\_work\178\s\DpUpdates\DpUpdates_i.cpp, 979	[INFO] File C:/Users/praveen.ravishankar/Desktop/ABBPathPlanningProject/RobotStudio Solutions/DigitalTwin/Virtual Controllers/CRB15000_5_95/internal/prodinfo.xml has been created, status = 0. 
D:\BUILDAGENTS\SEABB-IS-13900.5\_work\178\s\DpUpdates\DpUpdates_i.cpp, 1352	GetProdsAndFeaturesFromCtrlrsfFile(), file path = 'C:/Users/praveen.ravishankar/Desktop/ABBPathPlanningProject/RobotStudio Solutions/DigitalTwin/Virtual Controllers/CRB15000_5_95/internal/controller.rsf'. 
D:\BUILDAGENTS\SEABB-IS-13900.5\_work\178\s\DpUpdates\DpUpdates_i.cpp, 1396	GetProdsAndFeaturesFromCtrlrsfFile(), got 4 products. 
D:\BUILDAGENTS\SEABB-IS-13900.5\_work\178\s\DpUpdates\DpUpdates_i.cpp, 1462	GetProdsAndFeaturesFromCtrlrsfFile(), got 10 features for product 'RobotControl'. 
D:\BUILDAGENTS\SEABB-IS-13900.5\_work\178\s\DpUpdates\DpUpdates_i.cpp, 1462	GetProdsAndFeaturesFromCtrlrsfFile(), got 1 features for product 'RobotOS'. 
D:\BUILDAGENTS\SEABB-IS-13900.5\_work\178\s\DpUpdates\DpUpdates_i.cpp, 1462	GetProdsAndFeaturesFromCtrlrsfFile(), got 1 features for product 'Robots'. 
D:\BUILDAGENTS\SEABB-IS-13900.5\_work\178\s\DpUpdates\DpUpdates_i.cpp, 1462	GetProdsAndFeaturesFromCtrlrsfFile(), got 1 features for product 'Wizard'. 
D:\BUILDAGENTS\SEABB-IS-13900.5\_work\178\s\DpUpdates\DpUpdates_i.cpp, 1889	[INFO] ResetAddInData status =0.
D:\BUILDAGENTS\SEABB-IS-13900.5\_work\178\s\DpUpdates\DpUpdates_i.cpp, 849	[INFO] Update prodinfo.xml. 
D:\BUILDAGENTS\SEABB-IS-13900.5\_work\178\s\DpUpdates\DpUpdates_i.cpp, 979	[INFO] File C:/Users/praveen.ravishankar/Desktop/ABBPathPlanningProject/RobotStudio Solutions/DigitalTwin/Virtual Controllers/CRB15000_5_95/internal/prodinfo.xml has been created, status = 0. 
D:\BUILDAGENTS\SEABB-IS-13900.5\_work\178\s\DpUpdates\DpUpdates_i.cpp, 849	[INFO] Update prodinfo.xml. 
D:\BUILDAGENTS\SEABB-IS-13900.5\_work\178\s\DpUpdates\DpUpdates_i.cpp, 979	[INFO] File C:/Users/praveen.ravishankar/Desktop/ABBPathPlanningProject/RobotStudio Solutions/DigitalTwin/Virtual Controllers/CRB15000_5_95/internal/prodinfo.xml has been created, status = 0. 
