<9>Nov 14 16:47:11 CRB15000_5_95 ABB-UAL:01:Security log file deleted by user|-|syslog.log not found|3420|00001|-|robot|syslog	1
<13>Nov 14 16:47:13 CRB15000_5_95 ABB-UAL:01:Log-in successful|-|UAS_UID=65537|1110|00002|-|robot|NativeUser	2
<13>Nov 14 16:47:14 CRB15000_5_95 ABB-UAL:01:Log-in successful|-|UAS_UID=131074|1110|00003|-|robot|NativeUser	3
<13>Nov 14 16:47:15 CRB15000_5_95 ABB-UAL:01:Log-in successful|-|UAS_UID=196611|1110|00004|-|robot|NativeUser	4
<13>Nov 14 16:47:17 CRB15000_5_95 ABB-UAL:01:Log-in successful|-|UAS_UID=262148|1110|00005|-|robot|NativeUser	5
<13>Nov 14 16:47:17 CRB15000_5_95 ABB-UAL:01:Log-in successful|-|UAS_UID=327685|1110|00006|-|robot|NativeUser	6
<13>Nov 14 16:47:17 CRB15000_5_95 ABB-UAL:01:Log-in successful|-|UAS_UID=393222|1110|00007|-|robot|NativeUser	7
<13>Nov 14 16:47:23 CRB15000_5_95 ABB-UAL:01:Log-in successful|-|UAS_UID=458759|1110|00008|-|robot|Default User	8
<13>Nov 14 16:47:26 CRB15000_5_95 ABB-UAL:01:Log-in successful|-|UAS_UID=524296|1110|00009|-|robot|Default User	9
<13>Nov 14 16:47:27 CRB15000_5_95 ABB-UAL:01:Configuration upload|-|Start restore|1331|00010|-|robot|458759	10
<13>Nov 14 16:47:32 CRB15000_5_95 ABB-UAL:01:Log-in successful|-|UAS_UID=65537|1110|00011|-|robot|NativeUser	11
<13>Nov 14 16:47:33 CRB15000_5_95 ABB-UAL:01:Log-in successful|-|UAS_UID=131074|1110|00012|-|robot|NativeUser	12
<13>Nov 14 16:47:33 CRB15000_5_95 ABB-UAL:01:Log-in successful|-|UAS_UID=196611|1110|00013|-|robot|NativeUser	13
<13>Nov 14 16:47:36 CRB15000_5_95 ABB-UAL:01:Log-in successful|-|UAS_UID=262148|1110|00014|-|robot|NativeUser	14
<13>Nov 14 16:47:36 CRB15000_5_95 ABB-UAL:01:Log-in successful|-|UAS_UID=327685|1110|00015|-|robot|NativeUser	15
<13>Nov 14 16:47:36 CRB15000_5_95 ABB-UAL:01:Log-in successful|-|UAS_UID=393222|1110|00016|-|robot|NativeUser	16
<13>Nov 14 16:47:40 CRB15000_5_95 ABB-UAL:01:Log-in successful|-|UAS_UID=458759|1110|00017|-|robot|Default User	17
<13>Nov 14 16:47:45 CRB15000_5_95 ABB-UAL:01:Log-in successful|-|UAS_UID=524296|1110|00018|-|robot|Default User	18
<13>Nov 14 16:47:50 CRB15000_5_95 ABB-UAL:01:Log-out (user logged out)|-|UAS_UID=524296|1210|00019|-|robot|	19
<13>Nov 14 16:47:50 CRB15000_5_95 ABB-UAL:01:Log-out (user logged out)|-|UAS_UID=458759|1210|00020|-|robot|	20
<13>Nov 14 16:47:50 CRB15000_5_95 ABB-UAL:01:Log-out (user logged out)|-|Socket=7228|1210|00021|-|robot|	21
<13>Nov 14 16:47:55 CRB15000_5_95 ABB-UAL:01:Log-in successful|-|UAS_UID=65537|1110|00022|-|robot|NativeUser	22
<13>Nov 14 16:47:56 CRB15000_5_95 ABB-UAL:01:Log-in successful|-|UAS_UID=131074|1110|00023|-|robot|NativeUser	23
<13>Nov 14 16:47:57 CRB15000_5_95 ABB-UAL:01:Log-in successful|-|UAS_UID=196611|1110|00024|-|robot|NativeUser	24
<13>Nov 14 16:47:57 CRB15000_5_95 ABB-UAL:01:Log-in successful|-|UAS_UID=262148|1110|00025|-|robot|NativeUser	25
<13>Nov 14 16:47:57 CRB15000_5_95 ABB-UAL:01:Log-in successful|-|UAS_UID=327685|1110|00026|-|robot|NativeUser	26
<13>Nov 14 16:47:57 CRB15000_5_95 ABB-UAL:01:Log-in successful|-|UAS_UID=393222|1110|00027|-|robot|NativeUser	27
<13>Nov 14 16:48:00 CRB15000_5_95 ABB-UAL:01:Log-in successful|-|UAS_UID=458759|1110|00028|-|robot|Admin	28
<13>Nov 14 16:48:08 CRB15000_5_95 ABB-UAL:01:Log-in successful|-|UAS_UID=524296|1110|00029|-|robot|Admin	29
<13>Nov 14 16:50:00 CRB15000_5_95 ABB-UAL:01:Log-out (user logged out)|-|UAS_UID=524296|1210|00030|-|robot|	30
<13>Nov 14 16:50:00 CRB15000_5_95 ABB-UAL:01:Log-out (user logged out)|-|UAS_UID=458759|1210|00031|-|robot|	31
<13>Nov 14 16:50:00 CRB15000_5_95 ABB-UAL:01:Log-out (user logged out)|-|Socket=7212|1210|00032|-|robot|	32
<13>Nov 14 16:51:56 CRB15000_5_95 ABB-UAL:01:Log-in successful|-|UAS_UID=65537|1110|00033|-|robot|NativeUser	33
<13>Nov 14 16:51:57 CRB15000_5_95 ABB-UAL:01:Log-in successful|-|UAS_UID=131074|1110|00034|-|robot|NativeUser	34
<13>Nov 14 16:51:58 CRB15000_5_95 ABB-UAL:01:Log-in successful|-|UAS_UID=196611|1110|00035|-|robot|NativeUser	35
<13>Nov 14 16:51:58 CRB15000_5_95 ABB-UAL:01:Log-in successful|-|UAS_UID=262148|1110|00036|-|robot|NativeUser	36
<13>Nov 14 16:51:58 CRB15000_5_95 ABB-UAL:01:Log-in successful|-|UAS_UID=327685|1110|00037|-|robot|NativeUser	37
<13>Nov 14 16:51:58 CRB15000_5_95 ABB-UAL:01:Log-in successful|-|UAS_UID=393222|1110|00038|-|robot|NativeUser	38
<13>Nov 14 16:52:00 CRB15000_5_95 ABB-UAL:01:Log-in successful|-|UAS_UID=458759|1110|00039|-|robot|Admin	39
<13>Nov 14 16:52:08 CRB15000_5_95 ABB-UAL:01:Log-in successful|-|UAS_UID=524296|1110|00040|-|robot|Admin	40
<13>Nov 14 16:53:33 CRB15000_5_95 ABB-UAL:01:Log-out (user logged out)|-|UAS_UID=524296|1210|00041|-|robot|	41
<13>Nov 14 16:53:33 CRB15000_5_95 ABB-UAL:01:Log-out (user logged out)|-|UAS_UID=458759|1210|00042|-|robot|	42
<13>Nov 14 16:53:33 CRB15000_5_95 ABB-UAL:01:Log-out (user logged out)|-|Socket=7212|1210|00043|-|robot|	43
<13>Nov 14 16:55:19 CRB15000_5_95 ABB-UAL:01:Log-in successful|-|UAS_UID=65537|1110|00044|-|robot|NativeUser	44
<13>Nov 14 16:55:20 CRB15000_5_95 ABB-UAL:01:Log-in successful|-|UAS_UID=131074|1110|00045|-|robot|NativeUser	45
<13>Nov 14 16:55:21 CRB15000_5_95 ABB-UAL:01:Log-in successful|-|UAS_UID=196611|1110|00046|-|robot|NativeUser	46
<13>Nov 14 16:55:21 CRB15000_5_95 ABB-UAL:01:Log-in successful|-|UAS_UID=262148|1110|00047|-|robot|NativeUser	47
<13>Nov 14 16:55:21 CRB15000_5_95 ABB-UAL:01:Log-in successful|-|UAS_UID=327685|1110|00048|-|robot|NativeUser	48
<13>Nov 14 16:55:21 CRB15000_5_95 ABB-UAL:01:Log-in successful|-|UAS_UID=393222|1110|00049|-|robot|NativeUser	49
<13>Nov 14 16:55:23 CRB15000_5_95 ABB-UAL:01:Log-in successful|-|UAS_UID=458759|1110|00050|-|robot|Admin	50
<13>Nov 14 16:55:31 CRB15000_5_95 ABB-UAL:01:Log-in successful|-|UAS_UID=524296|1110|00051|-|robot|Admin	51
<13>Nov 14 16:56:32 CRB15000_5_95 ABB-UAL:01:Log-in successful|-|UAS_UID=589833|1110|00052|-|robot|Default User	52
<13>Nov 14 16:56:32 CRB15000_5_95 ABB-UAL:01:Log-in successful|-|UAS_UID=655370|1110|00053|-|robot|Default User	53
<13>Nov 14 16:56:32 CRB15000_5_95 ABB-UAL:01:Log-out (user logged out)|-|UAS_UID=589833|1210|00054|-|robot|	54
<13>Nov 14 16:56:32 CRB15000_5_95 ABB-UAL:01:Log-out (user logged out)|-|UAS_UID=655370|1210|00055|-|robot|	55
<13>Nov 14 16:56:32 CRB15000_5_95 ABB-UAL:01:Log-in successful|-|UAS_UID=720905|1110|00056|-|robot|Default User	56
<13>Nov 14 16:56:32 CRB15000_5_95 ABB-UAL:01:Log-in successful|-|UAS_UID=786442|1110|00057|-|robot|Default User	57
<13>Nov 14 16:56:33 CRB15000_5_95 ABB-UAL:01:Log-in successful|-|UAS_UID=851979|1110|00058|-|robot|NativeUser	58
<13>Nov 14 16:58:15 CRB15000_5_95 ABB-UAL:01:Log-out (user logged out)|-|UAS_UID=720905|1210|00059|-|robot|	59
<13>Nov 14 16:58:15 CRB15000_5_95 ABB-UAL:01:Log-out (user logged out)|-|UAS_UID=786442|1210|00060|-|robot|	60
<13>Nov 14 16:58:17 CRB15000_5_95 ABB-UAL:01:Log-in successful|-|UAS_UID=917513|1110|00061|-|robot|Default User	61
<13>Nov 14 16:58:17 CRB15000_5_95 ABB-UAL:01:Log-in successful|-|UAS_UID=983050|1110|00062|-|robot|Default User	62
<13>Nov 14 16:58:17 CRB15000_5_95 ABB-UAL:01:Log-out (user logged out)|-|UAS_UID=917513|1210|00063|-|robot|	63
<13>Nov 14 16:58:17 CRB15000_5_95 ABB-UAL:01:Log-out (user logged out)|-|UAS_UID=983050|1210|00064|-|robot|	64
<13>Nov 14 16:58:17 CRB15000_5_95 ABB-UAL:01:Log-in successful|-|UAS_UID=1048585|1110|00065|-|robot|Default User	65
<13>Nov 14 16:58:17 CRB15000_5_95 ABB-UAL:01:Log-in successful|-|UAS_UID=1114122|1110|00066|-|robot|Default User	66
<13>Nov 14 17:01:51 CRB15000_5_95 ABB-UAL:01:Log-out (user logged out)|-|UAS_UID=1048585|1210|00067|-|robot|	67
<13>Nov 14 17:01:51 CRB15000_5_95 ABB-UAL:01:Log-out (user logged out)|-|UAS_UID=1114122|1210|00068|-|robot|	68
<13>Nov 14 17:04:26 CRB15000_5_95 ABB-UAL:01:Log-in successful|-|UAS_UID=1179657|1110|00069|-|robot|Default User	69
<13>Nov 14 17:04:26 CRB15000_5_95 ABB-UAL:01:Log-in successful|-|UAS_UID=1245194|1110|00070|-|robot|Default User	70
<13>Nov 14 17:04:27 CRB15000_5_95 ABB-UAL:01:Log-out (user logged out)|-|UAS_UID=1179657|1210|00071|-|robot|	71
<13>Nov 14 17:04:27 CRB15000_5_95 ABB-UAL:01:Log-out (user logged out)|-|UAS_UID=1245194|1210|00072|-|robot|	72
<13>Nov 14 17:04:27 CRB15000_5_95 ABB-UAL:01:Log-in successful|-|UAS_UID=1310729|1110|00073|-|robot|Default User	73
<13>Nov 14 17:04:27 CRB15000_5_95 ABB-UAL:01:Log-in successful|-|UAS_UID=1376266|1110|00074|-|robot|Default User	74
<13>Nov 14 17:04:55 CRB15000_5_95 ABB-UAL:01:Log-out (user logged out)|-|UAS_UID=1310729|1210|00075|-|robot|	75
<13>Nov 14 17:04:55 CRB15000_5_95 ABB-UAL:01:Log-out (user logged out)|-|UAS_UID=1376266|1210|00076|-|robot|	76
<13>Nov 14 17:20:48 CRB15000_5_95 ABB-UAL:01:Log-in successful|-|UAS_UID=1441801|1110|00077|-|robot|Default User	77
<13>Nov 14 17:20:48 CRB15000_5_95 ABB-UAL:01:Log-in successful|-|UAS_UID=1507338|1110|00078|-|robot|Default User	78
<13>Nov 14 17:20:48 CRB15000_5_95 ABB-UAL:01:Log-out (user logged out)|-|UAS_UID=1441801|1210|00079|-|robot|	79
<13>Nov 14 17:20:48 CRB15000_5_95 ABB-UAL:01:Log-out (user logged out)|-|UAS_UID=1507338|1210|00080|-|robot|	80
<13>Nov 14 17:20:48 CRB15000_5_95 ABB-UAL:01:Log-in successful|-|UAS_UID=1572873|1110|00081|-|robot|Default User	81
<13>Nov 14 17:20:48 CRB15000_5_95 ABB-UAL:01:Log-in successful|-|UAS_UID=1638410|1110|00082|-|robot|Default User	82
<13>Nov 14 17:21:00 CRB15000_5_95 ABB-UAL:01:Log-out (user logged out)|-|UAS_UID=1572873|1210|00083|-|robot|	83
<13>Nov 14 17:21:00 CRB15000_5_95 ABB-UAL:01:Log-out (user logged out)|-|UAS_UID=1638410|1210|00084|-|robot|	84
<13>Nov 14 17:36:58 CRB15000_5_95 ABB-UAL:01:Log-out (user logged out)|-|UAS_UID=524296|1210|00085|-|robot|	85
<13>Nov 14 17:36:58 CRB15000_5_95 ABB-UAL:01:Log-out (user logged out)|-|UAS_UID=458759|1210|00086|-|robot|	86
<13>Nov 14 17:36:58 CRB15000_5_95 ABB-UAL:01:Log-out (user logged out)|-|Socket=7212|1210|00087|-|robot|	87
<13>Nov 15 17:08:03 CRB15000_5_95 ABB-UAL:01:Log-in successful|-|UAS_UID=65537|1110|00088|-|robot|NativeUser	88
<13>Nov 15 17:08:04 CRB15000_5_95 ABB-UAL:01:Log-in successful|-|UAS_UID=131074|1110|00089|-|robot|NativeUser	89
<13>Nov 15 17:08:05 CRB15000_5_95 ABB-UAL:01:Log-in successful|-|UAS_UID=196611|1110|00090|-|robot|NativeUser	90
<13>Nov 15 17:08:05 CRB15000_5_95 ABB-UAL:01:Log-in successful|-|UAS_UID=262148|1110|00091|-|robot|NativeUser	91
<13>Nov 15 17:08:05 CRB15000_5_95 ABB-UAL:01:Log-in successful|-|UAS_UID=327685|1110|00092|-|robot|NativeUser	92
<13>Nov 15 17:08:05 CRB15000_5_95 ABB-UAL:01:Log-in successful|-|UAS_UID=393222|1110|00093|-|robot|NativeUser	93
<13>Nov 15 17:08:07 CRB15000_5_95 ABB-UAL:01:Log-in successful|-|UAS_UID=458759|1110|00094|-|robot|Admin	94
<13>Nov 15 17:08:15 CRB15000_5_95 ABB-UAL:01:Log-in successful|-|UAS_UID=524296|1110|00095|-|robot|Admin	95
<13>Nov 15 17:15:25 CRB15000_5_95 ABB-UAL:01:Log-in successful|-|UAS_UID=589833|1110|00096|-|robot|Admin	96
<13>Nov 15 17:15:25 CRB15000_5_95 ABB-UAL:01:Log-in successful|-|UAS_UID=655370|1110|00097|-|robot|Admin	97
<13>Nov 15 17:31:23 CRB15000_5_95 ABB-UAL:01:Log-out (user logged out)|-|UAS_UID=655370|1210|00098|-|robot|	98
<13>Nov 15 17:31:23 CRB15000_5_95 ABB-UAL:01:Log-out (user logged out)|-|UAS_UID=589833|1210|00099|-|robot|	99
<13>Nov 15 17:57:51 CRB15000_5_95 ABB-UAL:01:Log-in successful|-|UAS_UID=65537|1110|00100|-|robot|NativeUser	100
<13>Nov 15 17:57:52 CRB15000_5_95 ABB-UAL:01:Log-in successful|-|UAS_UID=131074|1110|00101|-|robot|NativeUser	101
<13>Nov 15 17:57:53 CRB15000_5_95 ABB-UAL:01:Log-in successful|-|UAS_UID=196611|1110|00102|-|robot|NativeUser	102
<13>Nov 15 17:57:53 CRB15000_5_95 ABB-UAL:01:Log-in successful|-|UAS_UID=262148|1110|00103|-|robot|NativeUser	103
<13>Nov 15 17:57:53 CRB15000_5_95 ABB-UAL:01:Log-in successful|-|UAS_UID=327685|1110|00104|-|robot|NativeUser	104
<13>Nov 15 17:57:53 CRB15000_5_95 ABB-UAL:01:Log-in successful|-|UAS_UID=393222|1110|00105|-|robot|NativeUser	105
<13>Nov 15 17:57:57 CRB15000_5_95 ABB-UAL:01:Log-in successful|-|UAS_UID=458759|1110|00106|-|robot|Admin	106
<13>Nov 15 17:58:04 CRB15000_5_95 ABB-UAL:01:Log-in successful|-|UAS_UID=524296|1110|00107|-|robot|Admin	107
<13>Nov 15 18:30:01 CRB15000_5_95 ABB-UAL:01:Log-out (user logged out)|-|UAS_UID=524296|1210|00108|-|robot|	108
<13>Nov 15 18:30:01 CRB15000_5_95 ABB-UAL:01:Log-out (user logged out)|-|UAS_UID=458759|1210|00109|-|robot|	109
<13>Nov 15 18:30:01 CRB15000_5_95 ABB-UAL:01:Log-out (user logged out)|-|Socket=7212|1210|00110|-|robot|	110
<13>Nov 17 13:37:47 CRB15000_5_95 ABB-UAL:01:Log-in successful|-|UAS_UID=65537|1110|00111|-|robot|NativeUser	111
<13>Nov 17 13:37:48 CRB15000_5_95 ABB-UAL:01:Log-in successful|-|UAS_UID=131074|1110|00112|-|robot|NativeUser	112
<13>Nov 17 13:37:48 CRB15000_5_95 ABB-UAL:01:Log-in successful|-|UAS_UID=196611|1110|00113|-|robot|NativeUser	113
<13>Nov 17 13:37:48 CRB15000_5_95 ABB-UAL:01:Log-in successful|-|UAS_UID=262148|1110|00114|-|robot|NativeUser	114
<13>Nov 17 13:37:48 CRB15000_5_95 ABB-UAL:01:Log-in successful|-|UAS_UID=327685|1110|00115|-|robot|NativeUser	115
<13>Nov 17 13:37:48 CRB15000_5_95 ABB-UAL:01:Log-in successful|-|UAS_UID=393222|1110|00116|-|robot|NativeUser	116
<13>Nov 17 13:37:51 CRB15000_5_95 ABB-UAL:01:Log-in successful|-|UAS_UID=458759|1110|00117|-|robot|Admin	117
<13>Nov 17 13:37:59 CRB15000_5_95 ABB-UAL:01:Log-in successful|-|UAS_UID=524296|1110|00118|-|robot|Admin	118
<13>Nov 17 14:24:05 CRB15000_5_95 ABB-UAL:01:Log-in successful|-|UAS_UID=589833|1110|00119|-|robot|Default User	119
<13>Nov 17 14:24:06 CRB15000_5_95 ABB-UAL:01:Log-in successful|-|UAS_UID=655370|1110|00120|-|robot|Default User	120
<13>Nov 17 14:24:06 CRB15000_5_95 ABB-UAL:01:Log-out (user logged out)|-|UAS_UID=589833|1210|00121|-|robot|	121
<13>Nov 17 14:24:06 CRB15000_5_95 ABB-UAL:01:Log-out (user logged out)|-|UAS_UID=655370|1210|00122|-|robot|	122
<13>Nov 17 14:24:06 CRB15000_5_95 ABB-UAL:01:Log-in successful|-|UAS_UID=720905|1110|00123|-|robot|Default User	123
<13>Nov 17 14:24:06 CRB15000_5_95 ABB-UAL:01:Log-in successful|-|UAS_UID=786442|1110|00124|-|robot|Default User	124
<13>Nov 17 14:25:09 CRB15000_5_95 ABB-UAL:01:Log-out (user logged out)|-|UAS_UID=720905|1210|00125|-|robot|	125
<13>Nov 17 14:25:09 CRB15000_5_95 ABB-UAL:01:Log-out (user logged out)|-|UAS_UID=786442|1210|00126|-|robot|	126
<13>Nov 17 14:26:19 CRB15000_5_95 ABB-UAL:01:Log-in successful|-|UAS_UID=851977|1110|00127|-|robot|Default User	127
<13>Nov 17 14:26:19 CRB15000_5_95 ABB-UAL:01:Log-in successful|-|UAS_UID=917514|1110|00128|-|robot|Default User	128
<13>Nov 17 14:26:19 CRB15000_5_95 ABB-UAL:01:Log-out (user logged out)|-|UAS_UID=851977|1210|00129|-|robot|	129
<13>Nov 17 14:26:19 CRB15000_5_95 ABB-UAL:01:Log-out (user logged out)|-|UAS_UID=917514|1210|00130|-|robot|	130
<13>Nov 17 14:26:19 CRB15000_5_95 ABB-UAL:01:Log-in successful|-|UAS_UID=983049|1110|00131|-|robot|Default User	131
<13>Nov 17 14:26:19 CRB15000_5_95 ABB-UAL:01:Log-in successful|-|UAS_UID=1048586|1110|00132|-|robot|Default User	132
<13>Nov 17 14:27:26 CRB15000_5_95 ABB-UAL:01:Log-out (user logged out)|-|UAS_UID=983049|1210|00133|-|robot|	133
<13>Nov 17 14:27:26 CRB15000_5_95 ABB-UAL:01:Log-out (user logged out)|-|UAS_UID=1048586|1210|00134|-|robot|	134
<13>Nov 17 14:27:43 CRB15000_5_95 ABB-UAL:01:Log-in successful|-|UAS_UID=1114121|1110|00135|-|robot|Default User	135
<13>Nov 17 14:27:44 CRB15000_5_95 ABB-UAL:01:Log-in successful|-|UAS_UID=1179658|1110|00136|-|robot|Default User	136
<13>Nov 17 14:27:44 CRB15000_5_95 ABB-UAL:01:Log-out (user logged out)|-|UAS_UID=1114121|1210|00137|-|robot|	137
<13>Nov 17 14:27:44 CRB15000_5_95 ABB-UAL:01:Log-out (user logged out)|-|UAS_UID=1179658|1210|00138|-|robot|	138
<13>Nov 17 14:27:44 CRB15000_5_95 ABB-UAL:01:Log-in successful|-|UAS_UID=1245193|1110|00139|-|robot|Default User	139
<13>Nov 17 14:27:44 CRB15000_5_95 ABB-UAL:01:Log-in successful|-|UAS_UID=1310730|1110|00140|-|robot|Default User	140
<13>Nov 17 14:32:20 CRB15000_5_95 ABB-UAL:01:Log-out (user logged out)|-|UAS_UID=1245193|1210|00141|-|robot|	141
<13>Nov 17 14:32:20 CRB15000_5_95 ABB-UAL:01:Log-out (user logged out)|-|UAS_UID=1310730|1210|00142|-|robot|	142
<13>Nov 17 14:41:00 CRB15000_5_95 ABB-UAL:01:Log-in successful|-|UAS_UID=1376265|1110|00143|-|robot|Default User	143
<13>Nov 17 14:41:00 CRB15000_5_95 ABB-UAL:01:Log-in successful|-|UAS_UID=1441802|1110|00144|-|robot|Default User	144
<13>Nov 17 14:41:00 CRB15000_5_95 ABB-UAL:01:Log-out (user logged out)|-|UAS_UID=1376265|1210|00145|-|robot|	145
<13>Nov 17 14:41:00 CRB15000_5_95 ABB-UAL:01:Log-out (user logged out)|-|UAS_UID=1441802|1210|00146|-|robot|	146
<13>Nov 17 14:41:00 CRB15000_5_95 ABB-UAL:01:Log-in successful|-|UAS_UID=1507337|1110|00147|-|robot|Default User	147
<13>Nov 17 14:41:00 CRB15000_5_95 ABB-UAL:01:Log-in successful|-|UAS_UID=1572874|1110|00148|-|robot|Default User	148
<13>Nov 17 14:41:45 CRB15000_5_95 ABB-UAL:01:Log-out (user logged out)|-|UAS_UID=1507337|1210|00149|-|robot|	149
<13>Nov 17 14:41:45 CRB15000_5_95 ABB-UAL:01:Log-out (user logged out)|-|UAS_UID=1572874|1210|00150|-|robot|	150
<13>Nov 17 14:43:21 CRB15000_5_95 ABB-UAL:01:Log-in successful|-|UAS_UID=1638409|1110|00151|-|robot|Default User	151
<13>Nov 17 14:43:21 CRB15000_5_95 ABB-UAL:01:Log-in successful|-|UAS_UID=1703946|1110|00152|-|robot|Default User	152
<13>Nov 17 14:43:21 CRB15000_5_95 ABB-UAL:01:Log-out (user logged out)|-|UAS_UID=1638409|1210|00153|-|robot|	153
<13>Nov 17 14:43:21 CRB15000_5_95 ABB-UAL:01:Log-out (user logged out)|-|UAS_UID=1703946|1210|00154|-|robot|	154
<13>Nov 17 14:43:21 CRB15000_5_95 ABB-UAL:01:Log-in successful|-|UAS_UID=1769481|1110|00155|-|robot|Default User	155
<13>Nov 17 14:43:22 CRB15000_5_95 ABB-UAL:01:Log-in successful|-|UAS_UID=1835018|1110|00156|-|robot|Default User	156
<13>Nov 17 14:46:06 CRB15000_5_95 ABB-UAL:01:Log-out (user logged out)|-|UAS_UID=1769481|1210|00157|-|robot|	157
<13>Nov 17 14:46:06 CRB15000_5_95 ABB-UAL:01:Log-out (user logged out)|-|UAS_UID=1835018|1210|00158|-|robot|	158
<13>Nov 17 14:52:41 CRB15000_5_95 ABB-UAL:01:Log-in successful|-|UAS_UID=1900553|1110|00159|-|robot|Default User	159
<13>Nov 17 14:52:41 CRB15000_5_95 ABB-UAL:01:Log-in successful|-|UAS_UID=1966090|1110|00160|-|robot|Default User	160
<13>Nov 17 14:52:41 CRB15000_5_95 ABB-UAL:01:Log-out (user logged out)|-|UAS_UID=1900553|1210|00161|-|robot|	161
<13>Nov 17 14:52:41 CRB15000_5_95 ABB-UAL:01:Log-out (user logged out)|-|UAS_UID=1966090|1210|00162|-|robot|	162
<13>Nov 17 14:52:41 CRB15000_5_95 ABB-UAL:01:Log-in successful|-|UAS_UID=2031625|1110|00163|-|robot|Default User	163
<13>Nov 17 14:52:41 CRB15000_5_95 ABB-UAL:01:Log-in successful|-|UAS_UID=2097162|1110|00164|-|robot|Default User	164
<13>Nov 17 14:54:50 CRB15000_5_95 ABB-UAL:01:Log-out (user logged out)|-|UAS_UID=2031625|1210|00165|-|robot|	165
<13>Nov 17 14:54:50 CRB15000_5_95 ABB-UAL:01:Log-out (user logged out)|-|UAS_UID=2097162|1210|00166|-|robot|	166
<13>Nov 17 14:57:42 CRB15000_5_95 ABB-UAL:01:Log-in successful|-|UAS_UID=2162697|1110|00167|-|robot|Default User	167
<13>Nov 17 14:57:42 CRB15000_5_95 ABB-UAL:01:Log-in successful|-|UAS_UID=2228234|1110|00168|-|robot|Default User	168
<13>Nov 17 14:57:42 CRB15000_5_95 ABB-UAL:01:Log-out (user logged out)|-|UAS_UID=2162697|1210|00169|-|robot|	169
<13>Nov 17 14:57:42 CRB15000_5_95 ABB-UAL:01:Log-out (user logged out)|-|UAS_UID=2228234|1210|00170|-|robot|	170
<13>Nov 17 14:57:42 CRB15000_5_95 ABB-UAL:01:Log-in successful|-|UAS_UID=2293769|1110|00171|-|robot|Default User	171
<13>Nov 17 14:57:42 CRB15000_5_95 ABB-UAL:01:Log-in successful|-|UAS_UID=2359306|1110|00172|-|robot|Default User	172
<13>Nov 17 14:59:57 CRB15000_5_95 ABB-UAL:01:Log-out (user logged out)|-|UAS_UID=2293769|1210|00173|-|robot|	173
<13>Nov 17 14:59:57 CRB15000_5_95 ABB-UAL:01:Log-out (user logged out)|-|UAS_UID=2359306|1210|00174|-|robot|	174
<13>Nov 17 15:00:00 CRB15000_5_95 ABB-UAL:01:Log-in successful|-|UAS_UID=2424841|1110|00175|-|robot|Default User	175
<13>Nov 17 15:00:00 CRB15000_5_95 ABB-UAL:01:Log-in successful|-|UAS_UID=2490378|1110|00176|-|robot|Default User	176
<13>Nov 17 15:00:00 CRB15000_5_95 ABB-UAL:01:Log-out (user logged out)|-|UAS_UID=2424841|1210|00177|-|robot|	177
<13>Nov 17 15:00:00 CRB15000_5_95 ABB-UAL:01:Log-out (user logged out)|-|UAS_UID=2490378|1210|00178|-|robot|	178
<13>Nov 17 15:00:00 CRB15000_5_95 ABB-UAL:01:Log-in successful|-|UAS_UID=2555913|1110|00179|-|robot|Default User	179
<13>Nov 17 15:00:00 CRB15000_5_95 ABB-UAL:01:Log-in successful|-|UAS_UID=2621450|1110|00180|-|robot|Default User	180
<13>Nov 17 15:04:08 CRB15000_5_95 ABB-UAL:01:Log-out (user logged out)|-|UAS_UID=2555913|1210|00181|-|robot|	181
<13>Nov 17 15:04:08 CRB15000_5_95 ABB-UAL:01:Log-out (user logged out)|-|UAS_UID=2621450|1210|00182|-|robot|	182
<13>Nov 17 15:10:31 CRB15000_5_95 ABB-UAL:01:Log-out (user logged out)|-|UAS_UID=524296|1210|00183|-|robot|	183
<13>Nov 17 15:10:31 CRB15000_5_95 ABB-UAL:01:Log-out (user logged out)|-|UAS_UID=458759|1210|00184|-|robot|	184
<13>Nov 17 15:10:31 CRB15000_5_95 ABB-UAL:01:Log-out (user logged out)|-|Socket=7212|1210|00185|-|robot|	185
<13>Dec  9 15:21:31 CRB15000_5_95 ABB-UAL:01:Log-in successful|-|UAS_UID=65537|1110|00186|-|robot|NativeUser	186
<13>Dec  9 15:21:32 CRB15000_5_95 ABB-UAL:01:Log-in successful|-|UAS_UID=131074|1110|00187|-|robot|NativeUser	187
<13>Dec  9 15:21:33 CRB15000_5_95 ABB-UAL:01:Log-in successful|-|UAS_UID=196611|1110|00188|-|robot|NativeUser	188
<13>Dec  9 15:21:33 CRB15000_5_95 ABB-UAL:01:Log-in successful|-|UAS_UID=262148|1110|00189|-|robot|NativeUser	189
<13>Dec  9 15:21:33 CRB15000_5_95 ABB-UAL:01:Log-in successful|-|UAS_UID=327685|1110|00190|-|robot|NativeUser	190
<13>Dec  9 15:21:33 CRB15000_5_95 ABB-UAL:01:Log-in successful|-|UAS_UID=393222|1110|00191|-|robot|NativeUser	191
<13>Dec  9 15:21:36 CRB15000_5_95 ABB-UAL:01:Log-in successful|-|UAS_UID=458759|1110|00192|-|robot|Default User	192
<13>Dec  9 15:21:44 CRB15000_5_95 ABB-UAL:01:Log-in successful|-|UAS_UID=524296|1110|00193|-|robot|Default User	193
<13>Dec  9 15:24:53 CRB15000_5_95 ABB-UAL:01:Log-in successful|-|UAS_UID=589833|1110|00194|-|robot|Default User	194
<13>Dec  9 15:24:53 CRB15000_5_95 ABB-UAL:01:Log-in successful|-|UAS_UID=655370|1110|00195|-|robot|Default User	195
<13>Dec  9 15:24:53 CRB15000_5_95 ABB-UAL:01:Log-out (user logged out)|-|UAS_UID=589833|1210|00196|-|robot|	196
<13>Dec  9 15:24:53 CRB15000_5_95 ABB-UAL:01:Log-out (user logged out)|-|UAS_UID=655370|1210|00197|-|robot|	197
<13>Dec  9 15:24:53 CRB15000_5_95 ABB-UAL:01:Log-in successful|-|UAS_UID=720905|1110|00198|-|robot|Default User	198
<13>Dec  9 15:24:53 CRB15000_5_95 ABB-UAL:01:Log-in successful|-|UAS_UID=786442|1110|00199|-|robot|Default User	199
<13>Dec  9 15:26:53 CRB15000_5_95 ABB-UAL:01:Log-out (user logged out)|-|UAS_UID=720905|1210|00200|-|robot|	200
<13>Dec  9 15:26:53 CRB15000_5_95 ABB-UAL:01:Log-out (user logged out)|-|UAS_UID=786442|1210|00201|-|robot|	201
<13>Dec  9 16:48:57 CRB15000_5_95 ABB-UAL:01:Log-out (user logged out)|-|UAS_UID=524296|1210|00202|-|robot|	202
<13>Dec  9 16:48:57 CRB15000_5_95 ABB-UAL:01:Log-out (user logged out)|-|UAS_UID=458759|1210|00203|-|robot|	203
<13>Dec  9 16:48:57 CRB15000_5_95 ABB-UAL:01:Log-out (user logged out)|-|Socket=7212|1210|00204|-|robot|	204
<13>Dec 13 02:50:43 CRB15000_5_95 ABB-UAL:01:Log-in successful|-|UAS_UID=65537|1110|00205|-|robot|NativeUser	205
<13>Dec 13 02:50:44 CRB15000_5_95 ABB-UAL:01:Log-in successful|-|UAS_UID=131074|1110|00206|-|robot|NativeUser	206
<13>Dec 13 02:50:44 CRB15000_5_95 ABB-UAL:01:Log-in successful|-|UAS_UID=196611|1110|00207|-|robot|NativeUser	207
<13>Dec 13 02:50:44 CRB15000_5_95 ABB-UAL:01:Log-in successful|-|UAS_UID=262148|1110|00208|-|robot|NativeUser	208
<13>Dec 13 02:50:44 CRB15000_5_95 ABB-UAL:01:Log-in successful|-|UAS_UID=327685|1110|00209|-|robot|NativeUser	209
<13>Dec 13 02:50:44 CRB15000_5_95 ABB-UAL:01:Log-in successful|-|UAS_UID=393222|1110|00210|-|robot|NativeUser	210
<13>Dec 13 02:50:47 CRB15000_5_95 ABB-UAL:01:Log-in successful|-|UAS_UID=458759|1110|00211|-|robot|Default User	211
<13>Dec 13 02:50:55 CRB15000_5_95 ABB-UAL:01:Log-in successful|-|UAS_UID=524296|1110|00212|-|robot|Default User	212
<13>Dec 13 02:52:44 CRB15000_5_95 ABB-UAL:01:Log-in successful|-|UAS_UID=589833|1110|00213|-|robot|Admin	213
<13>Dec 13 02:52:44 CRB15000_5_95 ABB-UAL:01:Log-in successful|-|UAS_UID=655370|1110|00214|-|robot|Admin	214
<13>Dec 13 02:52:57 CRB15000_5_95 ABB-UAL:01:Log-out (user logged out)|-|UAS_UID=524296|1210|00215|-|robot|	215
<13>Dec 13 02:52:57 CRB15000_5_95 ABB-UAL:01:Log-out (user logged out)|-|UAS_UID=458759|1210|00216|-|robot|	216
<9>Dec 13 02:58:36 CRB15000_5_95 ABB-UAL:01:Log data hash check failed (Log data altered)|-|invalid digest syslog.log|3220|00217|-|robot|syslog	217
<13>Dec 13 02:58:39 CRB15000_5_95 ABB-UAL:01:Log-in successful|-|UAS_UID=65537|1110|00218|-|robot|NativeUser	218
<13>Dec 13 02:58:39 CRB15000_5_95 ABB-UAL:01:Log-in successful|-|UAS_UID=131074|1110|00219|-|robot|NativeUser	219
<13>Dec 13 02:58:40 CRB15000_5_95 ABB-UAL:01:Log-in successful|-|UAS_UID=196611|1110|00220|-|robot|NativeUser	220
<13>Dec 13 02:58:42 CRB15000_5_95 ABB-UAL:01:Log-in successful|-|UAS_UID=262148|1110|00221|-|robot|NativeUser	221
<13>Dec 13 02:58:42 CRB15000_5_95 ABB-UAL:01:Log-in successful|-|UAS_UID=327685|1110|00222|-|robot|NativeUser	222
<13>Dec 13 02:58:42 CRB15000_5_95 ABB-UAL:01:Log-in successful|-|UAS_UID=393222|1110|00223|-|robot|NativeUser	223
<13>Dec 13 02:58:48 CRB15000_5_95 ABB-UAL:01:Log-in successful|-|UAS_UID=458759|1110|00224|-|robot|Default User	224
<13>Dec 13 02:58:51 CRB15000_5_95 ABB-UAL:01:Log-in successful|-|UAS_UID=524296|1110|00225|-|robot|Default User	225
<13>Dec 13 02:58:51 CRB15000_5_95 ABB-UAL:01:Configuration upload|-|Start restore|1331|00226|-|robot|458759	226
<13>Dec 13 02:59:03 CRB15000_5_95 ABB-UAL:01:Configuration upload|-|Start restore|1331|00227|-|robot|458759	227
<13>Dec 13 02:59:15 CRB15000_5_95 ABB-UAL:01:Configuration upload|-|Start restore|1331|00228|-|robot|458759	228
<13>Dec 13 02:59:25 CRB15000_5_95 ABB-UAL:01:Log-out (user logged out)|-|UAS_UID=524296|1210|00229|-|robot|	229
<13>Dec 13 02:59:25 CRB15000_5_95 ABB-UAL:01:Log-out (user logged out)|-|UAS_UID=458759|1210|00230|-|robot|	230
<13>Dec 13 02:59:25 CRB15000_5_95 ABB-UAL:01:Log-out (user logged out)|-|Socket=7140|1210|00231|-|robot|	231
<13>Dec 13 02:59:30 CRB15000_5_95 ABB-UAL:01:Log-in successful|-|UAS_UID=65537|1110|00232|-|robot|NativeUser	232
<13>Dec 13 02:59:31 CRB15000_5_95 ABB-UAL:01:Log-in successful|-|UAS_UID=131074|1110|00233|-|robot|NativeUser	233
<13>Dec 13 02:59:31 CRB15000_5_95 ABB-UAL:01:Log-in successful|-|UAS_UID=196611|1110|00234|-|robot|NativeUser	234
<13>Dec 13 02:59:31 CRB15000_5_95 ABB-UAL:01:Log-in successful|-|UAS_UID=262148|1110|00235|-|robot|NativeUser	235
<13>Dec 13 02:59:31 CRB15000_5_95 ABB-UAL:01:Log-in successful|-|UAS_UID=327685|1110|00236|-|robot|NativeUser	236
<13>Dec 13 02:59:31 CRB15000_5_95 ABB-UAL:01:Log-in successful|-|UAS_UID=393222|1110|00237|-|robot|NativeUser	237
<13>Dec 13 02:59:34 CRB15000_5_95 ABB-UAL:01:Log-in successful|-|UAS_UID=458759|1110|00238|-|robot|Admin	238
<13>Dec 13 02:59:42 CRB15000_5_95 ABB-UAL:01:Log-in successful|-|UAS_UID=524296|1110|00239|-|robot|Admin	239
<13>Dec 13 03:00:46 CRB15000_5_95 ABB-UAL:01:Log-out (user logged out)|-|UAS_UID=524296|1210|00240|-|robot|	240
<13>Dec 13 03:00:46 CRB15000_5_95 ABB-UAL:01:Log-out (user logged out)|-|UAS_UID=458759|1210|00241|-|robot|	241
<13>Dec 13 03:00:46 CRB15000_5_95 ABB-UAL:01:Log-out (user logged out)|-|Socket=7140|1210|00242|-|robot|	242
<13>Dec 15 03:53:00 CRB15000_5_95 ABB-UAL:01:Log-in successful|-|UAS_UID=65537|1110|00243|-|robot|NativeUser	243
<13>Dec 15 03:53:01 CRB15000_5_95 ABB-UAL:01:Log-in successful|-|UAS_UID=131074|1110|00244|-|robot|NativeUser	244
<13>Dec 15 03:53:01 CRB15000_5_95 ABB-UAL:01:Log-in successful|-|UAS_UID=196611|1110|00245|-|robot|NativeUser	245
<13>Dec 15 03:53:01 CRB15000_5_95 ABB-UAL:01:Log-in successful|-|UAS_UID=262148|1110|00246|-|robot|NativeUser	246
<13>Dec 15 03:53:01 CRB15000_5_95 ABB-UAL:01:Log-in successful|-|UAS_UID=327685|1110|00247|-|robot|NativeUser	247
<13>Dec 15 03:53:01 CRB15000_5_95 ABB-UAL:01:Log-in successful|-|UAS_UID=393222|1110|00248|-|robot|NativeUser	248
<13>Dec 15 03:53:04 CRB15000_5_95 ABB-UAL:01:Log-in successful|-|UAS_UID=458759|1110|00249|-|robot|Admin	249
<13>Dec 15 03:53:12 CRB15000_5_95 ABB-UAL:01:Log-in successful|-|UAS_UID=524296|1110|00250|-|robot|Admin	250
<13>Dec 15 03:53:20 CRB15000_5_95 ABB-UAL:01:Log-in successful|-|UAS_UID=589833|1110|00251|-|robot|Default User	251
<13>Dec 15 03:53:21 CRB15000_5_95 ABB-UAL:01:Log-in successful|-|UAS_UID=655370|1110|00252|-|robot|Default User	252
<13>Dec 15 03:53:21 CRB15000_5_95 ABB-UAL:01:Log-out (user logged out)|-|UAS_UID=589833|1210|00253|-|robot|	253
<13>Dec 15 03:53:21 CRB15000_5_95 ABB-UAL:01:Log-out (user logged out)|-|UAS_UID=655370|1210|00254|-|robot|	254
<13>Dec 15 03:53:21 CRB15000_5_95 ABB-UAL:01:Log-in successful|-|UAS_UID=720905|1110|00255|-|robot|Default User	255
<13>Dec 15 03:53:21 CRB15000_5_95 ABB-UAL:01:Log-in successful|-|UAS_UID=786442|1110|00256|-|robot|Default User	256
<13>Dec 15 03:55:45 CRB15000_5_95 ABB-UAL:01:Log-in successful|-|UAS_UID=851979|1110|00257|-|robot|Default User	257
<13>Dec 15 03:55:45 CRB15000_5_95 ABB-UAL:01:Log-in successful|-|UAS_UID=917516|1110|00258|-|robot|Default User	258
<13>Dec 15 03:55:45 CRB15000_5_95 ABB-UAL:01:Log-out (user logged out)|-|UAS_UID=851979|1210|00259|-|robot|	259
<13>Dec 15 03:55:45 CRB15000_5_95 ABB-UAL:01:Log-out (user logged out)|-|UAS_UID=917516|1210|00260|-|robot|	260
<13>Dec 15 03:55:45 CRB15000_5_95 ABB-UAL:01:Log-in successful|-|UAS_UID=983051|1110|00261|-|robot|Default User	261
<13>Dec 15 03:55:45 CRB15000_5_95 ABB-UAL:01:Log-in successful|-|UAS_UID=1048588|1110|00262|-|robot|Default User	262
<13>Dec 15 03:59:12 CRB15000_5_95 ABB-UAL:01:Log-out (user logged out)|-|UAS_UID=786442|1210|00263|-|robot|	263
<13>Dec 15 04:01:12 CRB15000_5_95 ABB-UAL:01:Log-out (user logged out)|-|UAS_UID=1048588|1210|00264|-|robot|	264
<13>Dec 15 04:01:35 CRB15000_5_95 ABB-UAL:01:Log-in successful|-|UAS_UID=1114122|1110|00265|-|robot|Default User	265
<13>Dec 15 04:01:35 CRB15000_5_95 ABB-UAL:01:Log-in successful|-|UAS_UID=1179660|1110|00266|-|robot|Default User	266
<13>Dec 15 04:01:35 CRB15000_5_95 ABB-UAL:01:Log-out (user logged out)|-|UAS_UID=1114122|1210|00267|-|robot|	267
<13>Dec 15 04:01:35 CRB15000_5_95 ABB-UAL:01:Log-out (user logged out)|-|UAS_UID=1179660|1210|00268|-|robot|	268
<13>Dec 15 04:01:35 CRB15000_5_95 ABB-UAL:01:Log-in successful|-|UAS_UID=1245194|1110|00269|-|robot|Default User	269
<13>Dec 15 04:01:35 CRB15000_5_95 ABB-UAL:01:Log-in successful|-|UAS_UID=1310732|1110|00270|-|robot|Default User	270
<13>Dec 15 04:03:37 CRB15000_5_95 ABB-UAL:01:Log-out (user logged out)|-|UAS_UID=1245194|1210|00271|-|robot|	271
<13>Dec 15 04:03:37 CRB15000_5_95 ABB-UAL:01:Log-out (user logged out)|-|UAS_UID=1310732|1210|00272|-|robot|	272
<13>Dec 15 04:03:54 CRB15000_5_95 ABB-UAL:01:Log-in successful|-|UAS_UID=1376266|1110|00273|-|robot|Default User	273
<13>Dec 15 04:03:54 CRB15000_5_95 ABB-UAL:01:Log-in successful|-|UAS_UID=1441804|1110|00274|-|robot|Default User	274
<13>Dec 15 04:03:54 CRB15000_5_95 ABB-UAL:01:Log-out (user logged out)|-|UAS_UID=1376266|1210|00275|-|robot|	275
<13>Dec 15 04:03:54 CRB15000_5_95 ABB-UAL:01:Log-out (user logged out)|-|UAS_UID=1441804|1210|00276|-|robot|	276
<13>Dec 15 04:03:54 CRB15000_5_95 ABB-UAL:01:Log-in successful|-|UAS_UID=1507338|1110|00277|-|robot|Default User	277
<13>Dec 15 04:03:54 CRB15000_5_95 ABB-UAL:01:Log-in successful|-|UAS_UID=1572876|1110|00278|-|robot|Default User	278
<13>Dec 15 04:03:56 CRB15000_5_95 ABB-UAL:01:Log-in successful|-|UAS_UID=1638413|1110|00279|-|robot|NativeUser	279
<13>Dec 15 04:09:12 CRB15000_5_95 ABB-UAL:01:Log-out (user logged out)|-|UAS_UID=1572876|1210|00280|-|robot|	280
<13>Dec 15 04:09:23 CRB15000_5_95 ABB-UAL:01:Log-out (user logged out)|-|UAS_UID=1507338|1210|00281|-|robot|	281
<13>Dec 15 04:09:23 CRB15000_5_95 ABB-UAL:01:Log-in successful|-|UAS_UID=1703946|1110|00282|-|robot|Default User	282
<13>Dec 15 04:09:42 CRB15000_5_95 ABB-UAL:01:Log-out (user logged out)|-|UAS_UID=524296|1210|00283|-|robot|	283
<13>Dec 15 04:09:42 CRB15000_5_95 ABB-UAL:01:Log-out (user logged out)|-|UAS_UID=458759|1210|00284|-|robot|	284
<13>Dec 19 16:43:59 CRB15000_5_95 ABB-UAL:01:Log-in successful|-|UAS_UID=65537|1110|00285|-|robot|NativeUser	285
<13>Dec 19 16:44:00 CRB15000_5_95 ABB-UAL:01:Log-in successful|-|UAS_UID=131074|1110|00286|-|robot|NativeUser	286
<13>Dec 19 16:44:01 CRB15000_5_95 ABB-UAL:01:Log-in successful|-|UAS_UID=196611|1110|00287|-|robot|NativeUser	287
<13>Dec 19 16:44:01 CRB15000_5_95 ABB-UAL:01:Log-in successful|-|UAS_UID=262148|1110|00288|-|robot|NativeUser	288
<13>Dec 19 16:44:01 CRB15000_5_95 ABB-UAL:01:Log-in successful|-|UAS_UID=327685|1110|00289|-|robot|NativeUser	289
<13>Dec 19 16:44:01 CRB15000_5_95 ABB-UAL:01:Log-in successful|-|UAS_UID=393222|1110|00290|-|robot|NativeUser	290
<13>Dec 19 16:44:03 CRB15000_5_95 ABB-UAL:01:Log-in successful|-|UAS_UID=458759|1110|00291|-|robot|Admin	291
<13>Dec 19 16:44:12 CRB15000_5_95 ABB-UAL:01:Log-in successful|-|UAS_UID=524296|1110|00292|-|robot|Admin	292
<13>Dec 19 16:44:27 CRB15000_5_95 ABB-UAL:01:Log-out (user logged out)|-|UAS_UID=524296|1210|00293|-|robot|	293
<13>Dec 19 16:44:27 CRB15000_5_95 ABB-UAL:01:Log-out (user logged out)|-|UAS_UID=458759|1210|00294|-|robot|	294
<13>Dec 19 16:44:27 CRB15000_5_95 ABB-UAL:01:Log-out (user logged out)|-|Socket=7148|1210|00295|-|robot|	295
<13>Dec 19 16:44:52 CRB15000_5_95 ABB-UAL:01:Log-in successful|-|UAS_UID=65537|1110|00296|-|robot|NativeUser	296
<13>Dec 19 16:44:52 CRB15000_5_95 ABB-UAL:01:Log-in successful|-|UAS_UID=131074|1110|00297|-|robot|NativeUser	297
<13>Dec 19 16:44:53 CRB15000_5_95 ABB-UAL:01:Log-in successful|-|UAS_UID=196611|1110|00298|-|robot|NativeUser	298
<13>Dec 19 16:44:53 CRB15000_5_95 ABB-UAL:01:Log-in successful|-|UAS_UID=262148|1110|00299|-|robot|NativeUser	299
<13>Dec 19 16:44:53 CRB15000_5_95 ABB-UAL:01:Log-in successful|-|UAS_UID=327685|1110|00300|-|robot|NativeUser	300
<13>Dec 19 16:44:53 CRB15000_5_95 ABB-UAL:01:Log-in successful|-|UAS_UID=393222|1110|00301|-|robot|NativeUser	301
<13>Dec 19 16:44:56 CRB15000_5_95 ABB-UAL:01:Log-in successful|-|UAS_UID=458759|1110|00302|-|robot|Admin	302
<13>Dec 19 16:45:04 CRB15000_5_95 ABB-UAL:01:Log-in successful|-|UAS_UID=524296|1110|00303|-|robot|Admin	303
<13>Dec 19 16:46:58 CRB15000_5_95 ABB-UAL:01:Log-in successful|-|UAS_UID=589833|1110|00304|-|robot|Default User	304
<13>Dec 19 16:46:58 CRB15000_5_95 ABB-UAL:01:Log-in successful|-|UAS_UID=655370|1110|00305|-|robot|Default User	305
<13>Dec 19 16:46:58 CRB15000_5_95 ABB-UAL:01:Log-out (user logged out)|-|UAS_UID=589833|1210|00306|-|robot|	306
<13>Dec 19 16:46:58 CRB15000_5_95 ABB-UAL:01:Log-out (user logged out)|-|UAS_UID=655370|1210|00307|-|robot|	307
<13>Dec 19 16:46:58 CRB15000_5_95 ABB-UAL:01:Log-in successful|-|UAS_UID=720905|1110|00308|-|robot|Default User	308
<13>Dec 19 16:46:58 CRB15000_5_95 ABB-UAL:01:Log-in successful|-|UAS_UID=786442|1110|00309|-|robot|Default User	309
<13>Dec 19 16:49:02 CRB15000_5_95 ABB-UAL:01:Log-out (user logged out)|-|UAS_UID=720905|1210|00310|-|robot|	310
<13>Dec 19 16:49:02 CRB15000_5_95 ABB-UAL:01:Log-out (user logged out)|-|UAS_UID=786442|1210|00311|-|robot|	311
<13>Dec 19 16:50:13 CRB15000_5_95 ABB-UAL:01:Log-in successful|-|UAS_UID=851977|1110|00312|-|robot|Default User	312
<13>Dec 19 16:50:13 CRB15000_5_95 ABB-UAL:01:Log-in successful|-|UAS_UID=917514|1110|00313|-|robot|Default User	313
<13>Dec 19 16:50:13 CRB15000_5_95 ABB-UAL:01:Log-out (user logged out)|-|UAS_UID=851977|1210|00314|-|robot|	314
<13>Dec 19 16:50:13 CRB15000_5_95 ABB-UAL:01:Log-out (user logged out)|-|UAS_UID=917514|1210|00315|-|robot|	315
<13>Dec 19 16:50:13 CRB15000_5_95 ABB-UAL:01:Log-in successful|-|UAS_UID=983049|1110|00316|-|robot|Default User	316
<13>Dec 19 16:50:13 CRB15000_5_95 ABB-UAL:01:Log-in successful|-|UAS_UID=1048586|1110|00317|-|robot|Default User	317
<13>Dec 19 16:52:06 CRB15000_5_95 ABB-UAL:01:Log-out (user logged out)|-|UAS_UID=983049|1210|00318|-|robot|	318
<13>Dec 19 16:52:06 CRB15000_5_95 ABB-UAL:01:Log-out (user logged out)|-|UAS_UID=1048586|1210|00319|-|robot|	319
<13>Dec 19 16:52:10 CRB15000_5_95 ABB-UAL:01:Log-in successful|-|UAS_UID=1114121|1110|00320|-|robot|Default User	320
<13>Dec 19 16:52:10 CRB15000_5_95 ABB-UAL:01:Log-in successful|-|UAS_UID=1179658|1110|00321|-|robot|Default User	321
<13>Dec 19 16:52:10 CRB15000_5_95 ABB-UAL:01:Log-out (user logged out)|-|UAS_UID=1114121|1210|00322|-|robot|	322
<13>Dec 19 16:52:10 CRB15000_5_95 ABB-UAL:01:Log-out (user logged out)|-|UAS_UID=1179658|1210|00323|-|robot|	323
<13>Dec 19 16:52:10 CRB15000_5_95 ABB-UAL:01:Log-in successful|-|UAS_UID=1245193|1110|00324|-|robot|Default User	324
<13>Dec 19 16:52:10 CRB15000_5_95 ABB-UAL:01:Log-in successful|-|UAS_UID=1310730|1110|00325|-|robot|Default User	325
<13>Dec 19 16:58:04 CRB15000_5_95 ABB-UAL:01:Log-out (user logged out)|-|UAS_UID=1310730|1210|00326|-|robot|	326
<13>Dec 19 17:14:29 CRB15000_5_95 ABB-UAL:01:Log-out (user logged out)|-|UAS_UID=524296|1210|00327|-|robot|	327
<13>Dec 19 17:14:29 CRB15000_5_95 ABB-UAL:01:Log-out (user logged out)|-|UAS_UID=458759|1210|00328|-|robot|	328
<13>Jan 25 14:45:21 CRB15000_5_95 ABB-UAL:01:Log-in successful|-|UAS_UID=65537|1110|00329|-|robot|NativeUser	329
<13>Jan 25 14:45:21 CRB15000_5_95 ABB-UAL:01:Log-in successful|-|UAS_UID=131074|1110|00330|-|robot|NativeUser	330
<13>Jan 25 14:45:22 CRB15000_5_95 ABB-UAL:01:Log-in successful|-|UAS_UID=196611|1110|00331|-|robot|NativeUser	331
<13>Jan 25 14:45:22 CRB15000_5_95 ABB-UAL:01:Log-in successful|-|UAS_UID=262148|1110|00332|-|robot|NativeUser	332
<13>Jan 25 14:45:22 CRB15000_5_95 ABB-UAL:01:Log-in successful|-|UAS_UID=327685|1110|00333|-|robot|NativeUser	333
<13>Jan 25 14:45:22 CRB15000_5_95 ABB-UAL:01:Log-in successful|-|UAS_UID=393222|1110|00334|-|robot|NativeUser	334
<13>Jan 25 14:45:25 CRB15000_5_95 ABB-UAL:01:Log-in successful|-|UAS_UID=458759|1110|00335|-|robot|Admin	335
<13>Jan 25 14:45:33 CRB15000_5_95 ABB-UAL:01:Log-in successful|-|UAS_UID=524296|1110|00336|-|robot|Admin	336
<13>Jan 25 14:45:33 CRB15000_5_95 ABB-UAL:01:Log-out (user logged out)|-|UAS_UID=458759|1210|00337|-|robot|	337
<13>Jan 25 14:45:33 CRB15000_5_95 ABB-UAL:01:Log-out (user logged out)|-|Socket=7148|1210|00338|-|robot|	338
<13>Jan 25 14:48:16 CRB15000_5_95 ABB-UAL:01:Log-in successful|-|UAS_UID=589831|1110|00339|-|robot|Admin	339
<13>Jan 25 14:48:16 CRB15000_5_95 ABB-UAL:01:Log-in successful|-|UAS_UID=655369|1110|00340|-|robot|Admin	340
<13>Jan 25 14:51:33 CRB15000_5_95 ABB-UAL:01:Log-out (user logged out)|-|UAS_UID=524296|1210|00341|-|robot|	341
<13>Jan 25 15:02:34 CRB15000_5_95 ABB-UAL:01:Log-in successful|-|UAS_UID=720904|1110|00342|-|robot|Default User	342
<13>Jan 25 15:02:34 CRB15000_5_95 ABB-UAL:01:Log-in successful|-|UAS_UID=786442|1110|00343|-|robot|Default User	343
<13>Jan 25 15:02:34 CRB15000_5_95 ABB-UAL:01:Log-out (user logged out)|-|UAS_UID=720904|1210|00344|-|robot|	344
<13>Jan 25 15:02:34 CRB15000_5_95 ABB-UAL:01:Log-out (user logged out)|-|UAS_UID=786442|1210|00345|-|robot|	345
<13>Jan 25 15:02:34 CRB15000_5_95 ABB-UAL:01:Log-in successful|-|UAS_UID=851976|1110|00346|-|robot|Default User	346
<13>Jan 25 15:02:34 CRB15000_5_95 ABB-UAL:01:Log-in successful|-|UAS_UID=917514|1110|00347|-|robot|Default User	347
<13>Jan 25 15:05:39 CRB15000_5_95 ABB-UAL:01:Log-out (user logged out)|-|UAS_UID=851976|1210|00348|-|robot|	348
<13>Jan 25 15:05:39 CRB15000_5_95 ABB-UAL:01:Log-out (user logged out)|-|UAS_UID=917514|1210|00349|-|robot|	349
<13>Jan 25 15:05:54 CRB15000_5_95 ABB-UAL:01:Log-in successful|-|UAS_UID=983048|1110|00350|-|robot|Default User	350
<13>Jan 25 15:05:54 CRB15000_5_95 ABB-UAL:01:Log-in successful|-|UAS_UID=1048586|1110|00351|-|robot|Default User	351
<13>Jan 25 15:05:54 CRB15000_5_95 ABB-UAL:01:Log-out (user logged out)|-|UAS_UID=983048|1210|00352|-|robot|	352
<13>Jan 25 15:05:54 CRB15000_5_95 ABB-UAL:01:Log-out (user logged out)|-|UAS_UID=1048586|1210|00353|-|robot|	353
<13>Jan 25 15:05:54 CRB15000_5_95 ABB-UAL:01:Log-in successful|-|UAS_UID=1114120|1110|00354|-|robot|Default User	354
<13>Jan 25 15:05:54 CRB15000_5_95 ABB-UAL:01:Log-in successful|-|UAS_UID=1179658|1110|00355|-|robot|Default User	355
<13>Jan 25 15:09:50 CRB15000_5_95 ABB-UAL:01:Log-out (user logged out)|-|UAS_UID=1114120|1210|00356|-|robot|	356
<13>Jan 25 15:09:50 CRB15000_5_95 ABB-UAL:01:Log-out (user logged out)|-|UAS_UID=1179658|1210|00357|-|robot|	357
<13>Jan 25 16:55:11 CRB15000_5_95 ABB-UAL:01:Log-out (user logged out)|-|UAS_UID=655369|1210|00358|-|robot|	358
<13>Jan 25 16:55:11 CRB15000_5_95 ABB-UAL:01:Log-out (user logged out)|-|UAS_UID=589831|1210|00359|-|robot|	359
<13>Jan 25 16:55:11 CRB15000_5_95 ABB-UAL:01:Log-out (user logged out)|-|Socket=7188|1210|00360|-|robot|	360
<13>Jan 27 17:26:54 CRB15000_5_95 ABB-UAL:01:Log-in successful|-|UAS_UID=65537|1110|00361|-|robot|NativeUser	361
<13>Jan 27 17:26:55 CRB15000_5_95 ABB-UAL:01:Log-in successful|-|UAS_UID=131074|1110|00362|-|robot|NativeUser	362
<13>Jan 27 17:26:55 CRB15000_5_95 ABB-UAL:01:Log-in successful|-|UAS_UID=196611|1110|00363|-|robot|NativeUser	363
<13>Jan 27 17:26:55 CRB15000_5_95 ABB-UAL:01:Log-in successful|-|UAS_UID=262148|1110|00364|-|robot|NativeUser	364
<13>Jan 27 17:26:55 CRB15000_5_95 ABB-UAL:01:Log-in successful|-|UAS_UID=327685|1110|00365|-|robot|NativeUser	365
<13>Jan 27 17:26:55 CRB15000_5_95 ABB-UAL:01:Log-in successful|-|UAS_UID=393222|1110|00366|-|robot|NativeUser	366
<13>Jan 27 17:26:58 CRB15000_5_95 ABB-UAL:01:Log-in successful|-|UAS_UID=458759|1110|00367|-|robot|Admin	367
<13>Jan 27 17:27:06 CRB15000_5_95 ABB-UAL:01:Log-in successful|-|UAS_UID=524296|1110|00368|-|robot|Admin	368
<13>Jan 27 17:31:36 CRB15000_5_95 ABB-UAL:01:Log-in successful|-|UAS_UID=589833|1110|00369|-|robot|Default User	369
<13>Jan 27 17:31:36 CRB15000_5_95 ABB-UAL:01:Log-in successful|-|UAS_UID=655370|1110|00370|-|robot|Default User	370
<13>Jan 27 17:31:36 CRB15000_5_95 ABB-UAL:01:Log-out (user logged out)|-|UAS_UID=589833|1210|00371|-|robot|	371
<13>Jan 27 17:31:36 CRB15000_5_95 ABB-UAL:01:Log-out (user logged out)|-|UAS_UID=655370|1210|00372|-|robot|	372
<13>Jan 27 17:31:36 CRB15000_5_95 ABB-UAL:01:Log-in successful|-|UAS_UID=720905|1110|00373|-|robot|Default User	373
<13>Jan 27 17:31:36 CRB15000_5_95 ABB-UAL:01:Log-in successful|-|UAS_UID=786442|1110|00374|-|robot|Default User	374
<13>Jan 27 17:37:06 CRB15000_5_95 ABB-UAL:01:Log-out (user logged out)|-|UAS_UID=786442|1210|00375|-|robot|	375
<13>Jan 27 18:18:13 CRB15000_5_95 ABB-UAL:01:Log-in successful|-|UAS_UID=851978|1110|00376|-|robot|Default User	376
<13>Jan 27 18:18:13 CRB15000_5_95 ABB-UAL:01:Log-in successful|-|UAS_UID=917515|1110|00377|-|robot|Default User	377
<13>Jan 27 18:18:13 CRB15000_5_95 ABB-UAL:01:Log-out (user logged out)|-|UAS_UID=851978|1210|00378|-|robot|	378
<13>Jan 27 18:18:13 CRB15000_5_95 ABB-UAL:01:Log-out (user logged out)|-|UAS_UID=917515|1210|00379|-|robot|	379
<13>Jan 27 18:18:13 CRB15000_5_95 ABB-UAL:01:Log-in successful|-|UAS_UID=983050|1110|00380|-|robot|Default User	380
<13>Jan 27 18:18:13 CRB15000_5_95 ABB-UAL:01:Log-in successful|-|UAS_UID=1048587|1110|00381|-|robot|Default User	381
<13>Jan 27 18:24:07 CRB15000_5_95 ABB-UAL:01:Log-out (user logged out)|-|UAS_UID=1048587|1210|00382|-|robot|	382
<13>Jan 27 18:48:19 CRB15000_5_95 ABB-UAL:01:Log-out (user logged out)|-|UAS_UID=524296|1210|00383|-|robot|	383
<13>Jan 27 18:48:19 CRB15000_5_95 ABB-UAL:01:Log-out (user logged out)|-|UAS_UID=458759|1210|00384|-|robot|	384
<13>Jan 30 17:55:14 CRB15000_5_95 ABB-UAL:01:Log-in successful|-|UAS_UID=65537|1110|00385|-|robot|NativeUser	385
<13>Jan 30 17:55:15 CRB15000_5_95 ABB-UAL:01:Log-in successful|-|UAS_UID=131074|1110|00386|-|robot|NativeUser	386
<13>Jan 30 17:55:15 CRB15000_5_95 ABB-UAL:01:Log-in successful|-|UAS_UID=196611|1110|00387|-|robot|NativeUser	387
<13>Jan 30 17:55:16 CRB15000_5_95 ABB-UAL:01:Log-in successful|-|UAS_UID=262148|1110|00388|-|robot|NativeUser	388
<13>Jan 30 17:55:16 CRB15000_5_95 ABB-UAL:01:Log-in successful|-|UAS_UID=327685|1110|00389|-|robot|NativeUser	389
<13>Jan 30 17:55:16 CRB15000_5_95 ABB-UAL:01:Log-in successful|-|UAS_UID=393222|1110|00390|-|robot|NativeUser	390
<13>Jan 30 17:55:18 CRB15000_5_95 ABB-UAL:01:Log-in successful|-|UAS_UID=458759|1110|00391|-|robot|Admin	391
<13>Jan 30 17:55:26 CRB15000_5_95 ABB-UAL:01:Log-in successful|-|UAS_UID=524296|1110|00392|-|robot|Admin	392
<13>Jan 30 18:08:35 CRB15000_5_95 ABB-UAL:01:Log-in successful|-|UAS_UID=589833|1110|00393|-|robot|Default User	393
<13>Jan 30 18:08:35 CRB15000_5_95 ABB-UAL:01:Log-in successful|-|UAS_UID=655370|1110|00394|-|robot|Default User	394
<13>Jan 30 18:08:35 CRB15000_5_95 ABB-UAL:01:Log-out (user logged out)|-|UAS_UID=589833|1210|00395|-|robot|	395
<13>Jan 30 18:08:35 CRB15000_5_95 ABB-UAL:01:Log-out (user logged out)|-|UAS_UID=655370|1210|00396|-|robot|	396
<13>Jan 30 18:08:35 CRB15000_5_95 ABB-UAL:01:Log-in successful|-|UAS_UID=720905|1110|00397|-|robot|Default User	397
<13>Jan 30 18:08:35 CRB15000_5_95 ABB-UAL:01:Log-in successful|-|UAS_UID=786442|1110|00398|-|robot|Default User	398
<13>Jan 30 18:08:46 CRB15000_5_95 ABB-UAL:01:Log-out (user logged out)|-|UAS_UID=720905|1210|00399|-|robot|	399
<13>Jan 30 18:08:46 CRB15000_5_95 ABB-UAL:01:Log-out (user logged out)|-|UAS_UID=786442|1210|00400|-|robot|	400
<13>Jan 30 18:08:55 CRB15000_5_95 ABB-UAL:01:Log-in successful|-|UAS_UID=851977|1110|00401|-|robot|Default User	401
<13>Jan 30 18:08:55 CRB15000_5_95 ABB-UAL:01:Log-in successful|-|UAS_UID=917514|1110|00402|-|robot|Default User	402
<13>Jan 30 18:08:55 CRB15000_5_95 ABB-UAL:01:Log-out (user logged out)|-|UAS_UID=851977|1210|00403|-|robot|	403
<13>Jan 30 18:08:55 CRB15000_5_95 ABB-UAL:01:Log-out (user logged out)|-|UAS_UID=917514|1210|00404|-|robot|	404
<13>Jan 30 18:08:55 CRB15000_5_95 ABB-UAL:01:Log-in successful|-|UAS_UID=983049|1110|00405|-|robot|Default User	405
<13>Jan 30 18:08:55 CRB15000_5_95 ABB-UAL:01:Log-in successful|-|UAS_UID=1048586|1110|00406|-|robot|Default User	406
<13>Jan 30 18:09:13 CRB15000_5_95 ABB-UAL:01:Log-out (user logged out)|-|UAS_UID=983049|1210|00407|-|robot|	407
<13>Jan 30 18:09:13 CRB15000_5_95 ABB-UAL:01:Log-out (user logged out)|-|UAS_UID=1048586|1210|00408|-|robot|	408
<13>Jan 30 18:12:16 CRB15000_5_95 ABB-UAL:01:Log-in successful|-|UAS_UID=1114121|1110|00409|-|robot|Default User	409
<13>Jan 30 18:12:16 CRB15000_5_95 ABB-UAL:01:Log-in successful|-|UAS_UID=1179658|1110|00410|-|robot|Default User	410
<13>Jan 30 18:12:16 CRB15000_5_95 ABB-UAL:01:Log-out (user logged out)|-|UAS_UID=1114121|1210|00411|-|robot|	411
<13>Jan 30 18:12:16 CRB15000_5_95 ABB-UAL:01:Log-out (user logged out)|-|UAS_UID=1179658|1210|00412|-|robot|	412
<13>Jan 30 18:12:16 CRB15000_5_95 ABB-UAL:01:Log-in successful|-|UAS_UID=1245193|1110|00413|-|robot|Default User	413
<13>Jan 30 18:12:16 CRB15000_5_95 ABB-UAL:01:Log-in successful|-|UAS_UID=1310730|1110|00414|-|robot|Default User	414
<13>Jan 30 18:12:28 CRB15000_5_95 ABB-UAL:01:Log-out (user logged out)|-|UAS_UID=1245193|1210|00415|-|robot|	415
<13>Jan 30 18:12:28 CRB15000_5_95 ABB-UAL:01:Log-out (user logged out)|-|UAS_UID=1310730|1210|00416|-|robot|	416
<13>Jan 30 18:12:39 CRB15000_5_95 ABB-UAL:01:Log-in successful|-|UAS_UID=1376265|1110|00417|-|robot|Default User	417
<13>Jan 30 18:12:39 CRB15000_5_95 ABB-UAL:01:Log-in successful|-|UAS_UID=1441802|1110|00418|-|robot|Default User	418
<13>Jan 30 18:12:39 CRB15000_5_95 ABB-UAL:01:Log-out (user logged out)|-|UAS_UID=1376265|1210|00419|-|robot|	419
<13>Jan 30 18:12:39 CRB15000_5_95 ABB-UAL:01:Log-out (user logged out)|-|UAS_UID=1441802|1210|00420|-|robot|	420
<13>Jan 30 18:12:39 CRB15000_5_95 ABB-UAL:01:Log-in successful|-|UAS_UID=1507337|1110|00421|-|robot|Default User	421
<13>Jan 30 18:12:39 CRB15000_5_95 ABB-UAL:01:Log-in successful|-|UAS_UID=1572874|1110|00422|-|robot|Default User	422
<13>Jan 30 18:14:23 CRB15000_5_95 ABB-UAL:01:Log-out (user logged out)|-|UAS_UID=1507337|1210|00423|-|robot|	423
<13>Jan 30 18:14:23 CRB15000_5_95 ABB-UAL:01:Log-out (user logged out)|-|UAS_UID=1572874|1210|00424|-|robot|	424
<13>Jan 30 18:14:38 CRB15000_5_95 ABB-UAL:01:Log-in successful|-|UAS_UID=1638409|1110|00425|-|robot|Default User	425
<13>Jan 30 18:14:38 CRB15000_5_95 ABB-UAL:01:Log-in successful|-|UAS_UID=1703946|1110|00426|-|robot|Default User	426
<13>Jan 30 18:14:38 CRB15000_5_95 ABB-UAL:01:Log-out (user logged out)|-|UAS_UID=1638409|1210|00427|-|robot|	427
<13>Jan 30 18:14:38 CRB15000_5_95 ABB-UAL:01:Log-out (user logged out)|-|UAS_UID=1703946|1210|00428|-|robot|	428
<13>Jan 30 18:14:38 CRB15000_5_95 ABB-UAL:01:Log-in successful|-|UAS_UID=1769481|1110|00429|-|robot|Default User	429
<13>Jan 30 18:14:38 CRB15000_5_95 ABB-UAL:01:Log-in successful|-|UAS_UID=1835018|1110|00430|-|robot|Default User	430
<13>Jan 30 18:20:28 CRB15000_5_95 ABB-UAL:01:Log-out (user logged out)|-|UAS_UID=1835018|1210|00431|-|robot|	431
<13>Jan 30 18:20:35 CRB15000_5_95 ABB-UAL:01:Log-in successful|-|UAS_UID=1900554|1110|00432|-|robot|Default User	432
<13>Jan 30 18:20:35 CRB15000_5_95 ABB-UAL:01:Log-in successful|-|UAS_UID=1966091|1110|00433|-|robot|Default User	433
<13>Jan 30 18:20:35 CRB15000_5_95 ABB-UAL:01:Log-out (user logged out)|-|UAS_UID=1900554|1210|00434|-|robot|	434
<13>Jan 30 18:20:35 CRB15000_5_95 ABB-UAL:01:Log-out (user logged out)|-|UAS_UID=1966091|1210|00435|-|robot|	435
<13>Jan 30 18:20:35 CRB15000_5_95 ABB-UAL:01:Log-in successful|-|UAS_UID=2031626|1110|00436|-|robot|Default User	436
<13>Jan 30 18:20:35 CRB15000_5_95 ABB-UAL:01:Log-in successful|-|UAS_UID=2097163|1110|00437|-|robot|Default User	437
<13>Jan 30 18:26:28 CRB15000_5_95 ABB-UAL:01:Log-out (user logged out)|-|UAS_UID=2097163|1210|00438|-|robot|	438
<13>Jan 30 18:29:27 CRB15000_5_95 ABB-UAL:01:Log-in successful|-|UAS_UID=2162699|1110|00439|-|robot|Default User	439
<13>Jan 30 18:29:27 CRB15000_5_95 ABB-UAL:01:Log-in successful|-|UAS_UID=2228236|1110|00440|-|robot|Default User	440
<13>Jan 30 18:29:27 CRB15000_5_95 ABB-UAL:01:Log-out (user logged out)|-|UAS_UID=2162699|1210|00441|-|robot|	441
<13>Jan 30 18:29:27 CRB15000_5_95 ABB-UAL:01:Log-out (user logged out)|-|UAS_UID=2228236|1210|00442|-|robot|	442
<13>Jan 30 18:29:27 CRB15000_5_95 ABB-UAL:01:Log-in successful|-|UAS_UID=2293771|1110|00443|-|robot|Default User	443
<13>Jan 30 18:29:27 CRB15000_5_95 ABB-UAL:01:Log-in successful|-|UAS_UID=2359308|1110|00444|-|robot|Default User	444
<13>Jan 30 18:34:30 CRB15000_5_95 ABB-UAL:01:Log-out (user logged out)|-|UAS_UID=2293771|1210|00445|-|robot|	445
<13>Jan 30 18:34:30 CRB15000_5_95 ABB-UAL:01:Log-out (user logged out)|-|UAS_UID=2359308|1210|00446|-|robot|	446
<13>Jan 30 18:34:30 CRB15000_5_95 ABB-UAL:01:Log-in successful|-|UAS_UID=2424843|1110|00447|-|robot|Default User	447
<13>Jan 30 18:35:24 CRB15000_5_95 ABB-UAL:01:Log-out (user logged out)|-|UAS_UID=524296|1210|00448|-|robot|	448
<13>Jan 30 18:35:24 CRB15000_5_95 ABB-UAL:01:Log-out (user logged out)|-|UAS_UID=458759|1210|00449|-|robot|	449
<13>Feb  8 17:53:37 CRB15000_5_95 ABB-UAL:01:Log-in successful|-|UAS_UID=65537|1110|00450|-|robot|NativeUser	450
<13>Feb  8 17:53:38 CRB15000_5_95 ABB-UAL:01:Log-in successful|-|UAS_UID=131074|1110|00451|-|robot|NativeUser	451
<13>Feb  8 17:53:38 CRB15000_5_95 ABB-UAL:01:Log-in successful|-|UAS_UID=196611|1110|00452|-|robot|NativeUser	452
<13>Feb  8 17:53:38 CRB15000_5_95 ABB-UAL:01:Log-in successful|-|UAS_UID=262148|1110|00453|-|robot|NativeUser	453
<13>Feb  8 17:53:38 CRB15000_5_95 ABB-UAL:01:Log-in successful|-|UAS_UID=327685|1110|00454|-|robot|NativeUser	454
<13>Feb  8 17:53:38 CRB15000_5_95 ABB-UAL:01:Log-in successful|-|UAS_UID=393222|1110|00455|-|robot|NativeUser	455
<13>Feb  8 17:53:41 CRB15000_5_95 ABB-UAL:01:Log-in successful|-|UAS_UID=458759|1110|00456|-|robot|Admin	456
<13>Feb  8 17:53:49 CRB15000_5_95 ABB-UAL:01:Log-in successful|-|UAS_UID=524296|1110|00457|-|robot|Admin	457
<13>Feb  8 18:00:28 CRB15000_5_95 ABB-UAL:01:Log-in successful|-|UAS_UID=589833|1110|00458|-|robot|Default User	458
<13>Feb  8 18:00:28 CRB15000_5_95 ABB-UAL:01:Log-in successful|-|UAS_UID=655370|1110|00459|-|robot|Default User	459
<13>Feb  8 18:00:28 CRB15000_5_95 ABB-UAL:01:Log-out (user logged out)|-|UAS_UID=589833|1210|00460|-|robot|	460
<13>Feb  8 18:00:28 CRB15000_5_95 ABB-UAL:01:Log-out (user logged out)|-|UAS_UID=655370|1210|00461|-|robot|	461
<13>Feb  8 18:00:28 CRB15000_5_95 ABB-UAL:01:Log-in successful|-|UAS_UID=720905|1110|00462|-|robot|Default User	462
<13>Feb  8 18:00:28 CRB15000_5_95 ABB-UAL:01:Log-in successful|-|UAS_UID=786442|1110|00463|-|robot|Default User	463
<13>Feb  8 18:01:23 CRB15000_5_95 ABB-UAL:01:Log-out (user logged out)|-|UAS_UID=720905|1210|00464|-|robot|	464
<13>Feb  8 18:01:23 CRB15000_5_95 ABB-UAL:01:Log-out (user logged out)|-|UAS_UID=786442|1210|00465|-|robot|	465
<13>Feb  8 18:03:11 CRB15000_5_95 ABB-UAL:01:Log-in successful|-|UAS_UID=851977|1110|00466|-|robot|Default User	466
<13>Feb  8 18:03:11 CRB15000_5_95 ABB-UAL:01:Log-in successful|-|UAS_UID=917514|1110|00467|-|robot|Default User	467
<13>Feb  8 18:03:11 CRB15000_5_95 ABB-UAL:01:Log-out (user logged out)|-|UAS_UID=851977|1210|00468|-|robot|	468
<13>Feb  8 18:03:11 CRB15000_5_95 ABB-UAL:01:Log-out (user logged out)|-|UAS_UID=917514|1210|00469|-|robot|	469
<13>Feb  8 18:03:11 CRB15000_5_95 ABB-UAL:01:Log-in successful|-|UAS_UID=983049|1110|00470|-|robot|Default User	470
<13>Feb  8 18:03:11 CRB15000_5_95 ABB-UAL:01:Log-in successful|-|UAS_UID=1048586|1110|00471|-|robot|Default User	471
<13>Feb  8 18:04:54 CRB15000_5_95 ABB-UAL:01:Log-out (user logged out)|-|UAS_UID=983049|1210|00472|-|robot|	472
<13>Feb  8 18:04:54 CRB15000_5_95 ABB-UAL:01:Log-out (user logged out)|-|UAS_UID=1048586|1210|00473|-|robot|	473
<13>Feb  8 18:04:56 CRB15000_5_95 ABB-UAL:01:Log-in successful|-|UAS_UID=1114121|1110|00474|-|robot|Default User	474
<13>Feb  8 18:04:56 CRB15000_5_95 ABB-UAL:01:Log-in successful|-|UAS_UID=1179658|1110|00475|-|robot|Default User	475
<13>Feb  8 18:04:56 CRB15000_5_95 ABB-UAL:01:Log-out (user logged out)|-|UAS_UID=1114121|1210|00476|-|robot|	476
<13>Feb  8 18:04:56 CRB15000_5_95 ABB-UAL:01:Log-out (user logged out)|-|UAS_UID=1179658|1210|00477|-|robot|	477
<13>Feb  8 18:04:56 CRB15000_5_95 ABB-UAL:01:Log-in successful|-|UAS_UID=1245193|1110|00478|-|robot|Default User	478
<13>Feb  8 18:04:56 CRB15000_5_95 ABB-UAL:01:Log-in successful|-|UAS_UID=1310730|1110|00479|-|robot|Default User	479
<13>Feb  8 18:05:17 CRB15000_5_95 ABB-UAL:01:Log-out (user logged out)|-|UAS_UID=1245193|1210|00480|-|robot|	480
<13>Feb  8 18:05:17 CRB15000_5_95 ABB-UAL:01:Log-out (user logged out)|-|UAS_UID=1310730|1210|00481|-|robot|	481
<13>Feb  8 18:18:27 CRB15000_5_95 ABB-UAL:01:Log-in successful|-|UAS_UID=1376265|1110|00482|-|robot|Default User	482
<13>Feb  8 18:18:27 CRB15000_5_95 ABB-UAL:01:Log-in successful|-|UAS_UID=1441802|1110|00483|-|robot|Default User	483
<13>Feb  8 18:18:27 CRB15000_5_95 ABB-UAL:01:Log-out (user logged out)|-|UAS_UID=1376265|1210|00484|-|robot|	484
<13>Feb  8 18:18:27 CRB15000_5_95 ABB-UAL:01:Log-out (user logged out)|-|UAS_UID=1441802|1210|00485|-|robot|	485
<13>Feb  8 18:18:27 CRB15000_5_95 ABB-UAL:01:Log-in successful|-|UAS_UID=1507337|1110|00486|-|robot|Default User	486
<13>Feb  8 18:18:27 CRB15000_5_95 ABB-UAL:01:Log-in successful|-|UAS_UID=1572874|1110|00487|-|robot|Default User	487
<13>Feb  8 18:18:46 CRB15000_5_95 ABB-UAL:01:Log-out (user logged out)|-|UAS_UID=1507337|1210|00488|-|robot|	488
<13>Feb  8 18:18:46 CRB15000_5_95 ABB-UAL:01:Log-out (user logged out)|-|UAS_UID=1572874|1210|00489|-|robot|	489
<13>Feb  8 18:22:16 CRB15000_5_95 ABB-UAL:01:Log-out (user logged out)|-|UAS_UID=524296|1210|00490|-|robot|	490
<13>Feb  8 18:22:16 CRB15000_5_95 ABB-UAL:01:Log-out (user logged out)|-|UAS_UID=458759|1210|00491|-|robot|	491
<13>Feb  8 18:22:16 CRB15000_5_95 ABB-UAL:01:Log-out (user logged out)|-|Socket=7148|1210|00492|-|robot|	492
<13>Feb  8 18:22:49 CRB15000_5_95 ABB-UAL:01:Log-in successful|-|UAS_UID=65537|1110|00493|-|robot|NativeUser	493
<13>Feb  8 18:22:50 CRB15000_5_95 ABB-UAL:01:Log-in successful|-|UAS_UID=131074|1110|00494|-|robot|NativeUser	494
<13>Feb  8 18:22:51 CRB15000_5_95 ABB-UAL:01:Log-in successful|-|UAS_UID=196611|1110|00495|-|robot|NativeUser	495
<13>Feb  8 18:22:51 CRB15000_5_95 ABB-UAL:01:Log-in successful|-|UAS_UID=262148|1110|00496|-|robot|NativeUser	496
<13>Feb  8 18:22:51 CRB15000_5_95 ABB-UAL:01:Log-in successful|-|UAS_UID=327685|1110|00497|-|robot|NativeUser	497
<13>Feb  8 18:22:51 CRB15000_5_95 ABB-UAL:01:Log-in successful|-|UAS_UID=393222|1110|00498|-|robot|NativeUser	498
<13>Feb  8 18:22:53 CRB15000_5_95 ABB-UAL:01:Log-in successful|-|UAS_UID=458759|1110|00499|-|robot|Admin	499
<13>Feb  8 18:23:02 CRB15000_5_95 ABB-UAL:01:Log-in successful|-|UAS_UID=524296|1110|00500|-|robot|Admin	500
-----BEGIN DIGEST-----
Ef44NF27O/uP0FWREncPw+iiEdyTDaMNyoyFPhJXr35cNuwwIdcxGYIv0+CxNjcMcR/E3Q==
-----END DIGEST-----
