<9>Nov 14 16:47:11 CRB15000_5_95 ABB-UAL:01:Security log file deleted by user|-|syslog.log not found|3420|00001|-|robot|syslog	1
<13>Nov 14 16:47:13 CRB15000_5_95 ABB-UAL:01:Log-in successful|-|UAS_UID=65537|1110|00002|-|robot|NativeUser	2
<13>Nov 14 16:47:14 CRB15000_5_95 ABB-UAL:01:Log-in successful|-|UAS_UID=131074|1110|00003|-|robot|NativeUser	3
<13>Nov 14 16:47:15 CRB15000_5_95 ABB-UAL:01:Log-in successful|-|UAS_UID=196611|1110|00004|-|robot|NativeUser	4
<13>Nov 14 16:47:17 CRB15000_5_95 ABB-UAL:01:Log-in successful|-|UAS_UID=262148|1110|00005|-|robot|NativeUser	5
<13>Nov 14 16:47:17 CRB15000_5_95 ABB-UAL:01:Log-in successful|-|UAS_UID=327685|1110|00006|-|robot|NativeUser	6
<13>Nov 14 16:47:17 CRB15000_5_95 ABB-UAL:01:Log-in successful|-|UAS_UID=393222|1110|00007|-|robot|NativeUser	7
<13>Nov 14 16:47:23 CRB15000_5_95 ABB-UAL:01:Log-in successful|-|UAS_UID=458759|1110|00008|-|robot|Default User	8
<13>Nov 14 16:47:26 CRB15000_5_95 ABB-UAL:01:Log-in successful|-|UAS_UID=524296|1110|00009|-|robot|Default User	9
<13>Nov 14 16:47:27 CRB15000_5_95 ABB-UAL:01:Configuration upload|-|Start restore|1331|00010|-|robot|458759	10
<13>Nov 14 16:47:32 CRB15000_5_95 ABB-UAL:01:Log-in successful|-|UAS_UID=65537|1110|00011|-|robot|NativeUser	11
<13>Nov 14 16:47:33 CRB15000_5_95 ABB-UAL:01:Log-in successful|-|UAS_UID=131074|1110|00012|-|robot|NativeUser	12
<13>Nov 14 16:47:33 CRB15000_5_95 ABB-UAL:01:Log-in successful|-|UAS_UID=196611|1110|00013|-|robot|NativeUser	13
<13>Nov 14 16:47:36 CRB15000_5_95 ABB-UAL:01:Log-in successful|-|UAS_UID=262148|1110|00014|-|robot|NativeUser	14
<13>Nov 14 16:47:36 CRB15000_5_95 ABB-UAL:01:Log-in successful|-|UAS_UID=327685|1110|00015|-|robot|NativeUser	15
<13>Nov 14 16:47:36 CRB15000_5_95 ABB-UAL:01:Log-in successful|-|UAS_UID=393222|1110|00016|-|robot|NativeUser	16
<13>Nov 14 16:47:40 CRB15000_5_95 ABB-UAL:01:Log-in successful|-|UAS_UID=458759|1110|00017|-|robot|Default User	17
<13>Nov 14 16:47:45 CRB15000_5_95 ABB-UAL:01:Log-in successful|-|UAS_UID=524296|1110|00018|-|robot|Default User	18
<13>Nov 14 16:47:50 CRB15000_5_95 ABB-UAL:01:Log-out (user logged out)|-|UAS_UID=524296|1210|00019|-|robot|	19
<13>Nov 14 16:47:50 CRB15000_5_95 ABB-UAL:01:Log-out (user logged out)|-|UAS_UID=458759|1210|00020|-|robot|	20
<13>Nov 14 16:47:50 CRB15000_5_95 ABB-UAL:01:Log-out (user logged out)|-|Socket=7228|1210|00021|-|robot|	21
<13>Nov 14 16:47:55 CRB15000_5_95 ABB-UAL:01:Log-in successful|-|UAS_UID=65537|1110|00022|-|robot|NativeUser	22
<13>Nov 14 16:47:56 CRB15000_5_95 ABB-UAL:01:Log-in successful|-|UAS_UID=131074|1110|00023|-|robot|NativeUser	23
<13>Nov 14 16:47:57 CRB15000_5_95 ABB-UAL:01:Log-in successful|-|UAS_UID=196611|1110|00024|-|robot|NativeUser	24
<13>Nov 14 16:47:57 CRB15000_5_95 ABB-UAL:01:Log-in successful|-|UAS_UID=262148|1110|00025|-|robot|NativeUser	25
<13>Nov 14 16:47:57 CRB15000_5_95 ABB-UAL:01:Log-in successful|-|UAS_UID=327685|1110|00026|-|robot|NativeUser	26
<13>Nov 14 16:47:57 CRB15000_5_95 ABB-UAL:01:Log-in successful|-|UAS_UID=393222|1110|00027|-|robot|NativeUser	27
<13>Nov 14 16:48:00 CRB15000_5_95 ABB-UAL:01:Log-in successful|-|UAS_UID=458759|1110|00028|-|robot|Admin	28
<13>Nov 14 16:48:08 CRB15000_5_95 ABB-UAL:01:Log-in successful|-|UAS_UID=524296|1110|00029|-|robot|Admin	29
<13>Nov 14 16:50:00 CRB15000_5_95 ABB-UAL:01:Log-out (user logged out)|-|UAS_UID=524296|1210|00030|-|robot|	30
<13>Nov 14 16:50:00 CRB15000_5_95 ABB-UAL:01:Log-out (user logged out)|-|UAS_UID=458759|1210|00031|-|robot|	31
<13>Nov 14 16:50:00 CRB15000_5_95 ABB-UAL:01:Log-out (user logged out)|-|Socket=7212|1210|00032|-|robot|	32
<13>Nov 14 16:51:56 CRB15000_5_95 ABB-UAL:01:Log-in successful|-|UAS_UID=65537|1110|00033|-|robot|NativeUser	33
<13>Nov 14 16:51:57 CRB15000_5_95 ABB-UAL:01:Log-in successful|-|UAS_UID=131074|1110|00034|-|robot|NativeUser	34
<13>Nov 14 16:51:58 CRB15000_5_95 ABB-UAL:01:Log-in successful|-|UAS_UID=196611|1110|00035|-|robot|NativeUser	35
<13>Nov 14 16:51:58 CRB15000_5_95 ABB-UAL:01:Log-in successful|-|UAS_UID=262148|1110|00036|-|robot|NativeUser	36
<13>Nov 14 16:51:58 CRB15000_5_95 ABB-UAL:01:Log-in successful|-|UAS_UID=327685|1110|00037|-|robot|NativeUser	37
<13>Nov 14 16:51:58 CRB15000_5_95 ABB-UAL:01:Log-in successful|-|UAS_UID=393222|1110|00038|-|robot|NativeUser	38
<13>Nov 14 16:52:00 CRB15000_5_95 ABB-UAL:01:Log-in successful|-|UAS_UID=458759|1110|00039|-|robot|Admin	39
<13>Nov 14 16:52:08 CRB15000_5_95 ABB-UAL:01:Log-in successful|-|UAS_UID=524296|1110|00040|-|robot|Admin	40
<13>Nov 14 16:53:33 CRB15000_5_95 ABB-UAL:01:Log-out (user logged out)|-|UAS_UID=524296|1210|00041|-|robot|	41
<13>Nov 14 16:53:33 CRB15000_5_95 ABB-UAL:01:Log-out (user logged out)|-|UAS_UID=458759|1210|00042|-|robot|	42
<13>Nov 14 16:53:33 CRB15000_5_95 ABB-UAL:01:Log-out (user logged out)|-|Socket=7212|1210|00043|-|robot|	43
<13>Nov 14 16:55:19 CRB15000_5_95 ABB-UAL:01:Log-in successful|-|UAS_UID=65537|1110|00044|-|robot|NativeUser	44
<13>Nov 14 16:55:20 CRB15000_5_95 ABB-UAL:01:Log-in successful|-|UAS_UID=131074|1110|00045|-|robot|NativeUser	45
<13>Nov 14 16:55:21 CRB15000_5_95 ABB-UAL:01:Log-in successful|-|UAS_UID=196611|1110|00046|-|robot|NativeUser	46
<13>Nov 14 16:55:21 CRB15000_5_95 ABB-UAL:01:Log-in successful|-|UAS_UID=262148|1110|00047|-|robot|NativeUser	47
<13>Nov 14 16:55:21 CRB15000_5_95 ABB-UAL:01:Log-in successful|-|UAS_UID=327685|1110|00048|-|robot|NativeUser	48
<13>Nov 14 16:55:21 CRB15000_5_95 ABB-UAL:01:Log-in successful|-|UAS_UID=393222|1110|00049|-|robot|NativeUser	49
<13>Nov 14 16:55:23 CRB15000_5_95 ABB-UAL:01:Log-in successful|-|UAS_UID=458759|1110|00050|-|robot|Admin	50
<13>Nov 14 16:55:31 CRB15000_5_95 ABB-UAL:01:Log-in successful|-|UAS_UID=524296|1110|00051|-|robot|Admin	51
<13>Nov 14 16:56:32 CRB15000_5_95 ABB-UAL:01:Log-in successful|-|UAS_UID=589833|1110|00052|-|robot|Default User	52
<13>Nov 14 16:56:32 CRB15000_5_95 ABB-UAL:01:Log-in successful|-|UAS_UID=655370|1110|00053|-|robot|Default User	53
<13>Nov 14 16:56:32 CRB15000_5_95 ABB-UAL:01:Log-out (user logged out)|-|UAS_UID=589833|1210|00054|-|robot|	54
<13>Nov 14 16:56:32 CRB15000_5_95 ABB-UAL:01:Log-out (user logged out)|-|UAS_UID=655370|1210|00055|-|robot|	55
<13>Nov 14 16:56:32 CRB15000_5_95 ABB-UAL:01:Log-in successful|-|UAS_UID=720905|1110|00056|-|robot|Default User	56
<13>Nov 14 16:56:32 CRB15000_5_95 ABB-UAL:01:Log-in successful|-|UAS_UID=786442|1110|00057|-|robot|Default User	57
<13>Nov 14 16:56:33 CRB15000_5_95 ABB-UAL:01:Log-in successful|-|UAS_UID=851979|1110|00058|-|robot|NativeUser	58
<13>Nov 14 16:58:15 CRB15000_5_95 ABB-UAL:01:Log-out (user logged out)|-|UAS_UID=720905|1210|00059|-|robot|	59
<13>Nov 14 16:58:15 CRB15000_5_95 ABB-UAL:01:Log-out (user logged out)|-|UAS_UID=786442|1210|00060|-|robot|	60
<13>Nov 14 16:58:17 CRB15000_5_95 ABB-UAL:01:Log-in successful|-|UAS_UID=917513|1110|00061|-|robot|Default User	61
<13>Nov 14 16:58:17 CRB15000_5_95 ABB-UAL:01:Log-in successful|-|UAS_UID=983050|1110|00062|-|robot|Default User	62
<13>Nov 14 16:58:17 CRB15000_5_95 ABB-UAL:01:Log-out (user logged out)|-|UAS_UID=917513|1210|00063|-|robot|	63
<13>Nov 14 16:58:17 CRB15000_5_95 ABB-UAL:01:Log-out (user logged out)|-|UAS_UID=983050|1210|00064|-|robot|	64
<13>Nov 14 16:58:17 CRB15000_5_95 ABB-UAL:01:Log-in successful|-|UAS_UID=1048585|1110|00065|-|robot|Default User	65
<13>Nov 14 16:58:17 CRB15000_5_95 ABB-UAL:01:Log-in successful|-|UAS_UID=1114122|1110|00066|-|robot|Default User	66
<13>Nov 14 17:01:51 CRB15000_5_95 ABB-UAL:01:Log-out (user logged out)|-|UAS_UID=1048585|1210|00067|-|robot|	67
<13>Nov 14 17:01:51 CRB15000_5_95 ABB-UAL:01:Log-out (user logged out)|-|UAS_UID=1114122|1210|00068|-|robot|	68
<13>Nov 14 17:04:26 CRB15000_5_95 ABB-UAL:01:Log-in successful|-|UAS_UID=1179657|1110|00069|-|robot|Default User	69
<13>Nov 14 17:04:26 CRB15000_5_95 ABB-UAL:01:Log-in successful|-|UAS_UID=1245194|1110|00070|-|robot|Default User	70
<13>Nov 14 17:04:27 CRB15000_5_95 ABB-UAL:01:Log-out (user logged out)|-|UAS_UID=1179657|1210|00071|-|robot|	71
<13>Nov 14 17:04:27 CRB15000_5_95 ABB-UAL:01:Log-out (user logged out)|-|UAS_UID=1245194|1210|00072|-|robot|	72
<13>Nov 14 17:04:27 CRB15000_5_95 ABB-UAL:01:Log-in successful|-|UAS_UID=1310729|1110|00073|-|robot|Default User	73
<13>Nov 14 17:04:27 CRB15000_5_95 ABB-UAL:01:Log-in successful|-|UAS_UID=1376266|1110|00074|-|robot|Default User	74
<13>Nov 14 17:04:55 CRB15000_5_95 ABB-UAL:01:Log-out (user logged out)|-|UAS_UID=1310729|1210|00075|-|robot|	75
<13>Nov 14 17:04:55 CRB15000_5_95 ABB-UAL:01:Log-out (user logged out)|-|UAS_UID=1376266|1210|00076|-|robot|	76
<13>Nov 14 17:20:48 CRB15000_5_95 ABB-UAL:01:Log-in successful|-|UAS_UID=1441801|1110|00077|-|robot|Default User	77
<13>Nov 14 17:20:48 CRB15000_5_95 ABB-UAL:01:Log-in successful|-|UAS_UID=1507338|1110|00078|-|robot|Default User	78
<13>Nov 14 17:20:48 CRB15000_5_95 ABB-UAL:01:Log-out (user logged out)|-|UAS_UID=1441801|1210|00079|-|robot|	79
<13>Nov 14 17:20:48 CRB15000_5_95 ABB-UAL:01:Log-out (user logged out)|-|UAS_UID=1507338|1210|00080|-|robot|	80
<13>Nov 14 17:20:48 CRB15000_5_95 ABB-UAL:01:Log-in successful|-|UAS_UID=1572873|1110|00081|-|robot|Default User	81
<13>Nov 14 17:20:48 CRB15000_5_95 ABB-UAL:01:Log-in successful|-|UAS_UID=1638410|1110|00082|-|robot|Default User	82
<13>Nov 14 17:21:00 CRB15000_5_95 ABB-UAL:01:Log-out (user logged out)|-|UAS_UID=1572873|1210|00083|-|robot|	83
<13>Nov 14 17:21:00 CRB15000_5_95 ABB-UAL:01:Log-out (user logged out)|-|UAS_UID=1638410|1210|00084|-|robot|	84
<13>Nov 14 17:36:58 CRB15000_5_95 ABB-UAL:01:Log-out (user logged out)|-|UAS_UID=524296|1210|00085|-|robot|	85
<13>Nov 14 17:36:58 CRB15000_5_95 ABB-UAL:01:Log-out (user logged out)|-|UAS_UID=458759|1210|00086|-|robot|	86
<13>Nov 14 17:36:58 CRB15000_5_95 ABB-UAL:01:Log-out (user logged out)|-|Socket=7212|1210|00087|-|robot|	87
<13>Nov 15 17:08:03 CRB15000_5_95 ABB-UAL:01:Log-in successful|-|UAS_UID=65537|1110|00088|-|robot|NativeUser	88
<13>Nov 15 17:08:04 CRB15000_5_95 ABB-UAL:01:Log-in successful|-|UAS_UID=131074|1110|00089|-|robot|NativeUser	89
<13>Nov 15 17:08:05 CRB15000_5_95 ABB-UAL:01:Log-in successful|-|UAS_UID=196611|1110|00090|-|robot|NativeUser	90
<13>Nov 15 17:08:05 CRB15000_5_95 ABB-UAL:01:Log-in successful|-|UAS_UID=262148|1110|00091|-|robot|NativeUser	91
<13>Nov 15 17:08:05 CRB15000_5_95 ABB-UAL:01:Log-in successful|-|UAS_UID=327685|1110|00092|-|robot|NativeUser	92
<13>Nov 15 17:08:05 CRB15000_5_95 ABB-UAL:01:Log-in successful|-|UAS_UID=393222|1110|00093|-|robot|NativeUser	93
<13>Nov 15 17:08:07 CRB15000_5_95 ABB-UAL:01:Log-in successful|-|UAS_UID=458759|1110|00094|-|robot|Admin	94
<13>Nov 15 17:08:15 CRB15000_5_95 ABB-UAL:01:Log-in successful|-|UAS_UID=524296|1110|00095|-|robot|Admin	95
<13>Nov 15 17:15:25 CRB15000_5_95 ABB-UAL:01:Log-in successful|-|UAS_UID=589833|1110|00096|-|robot|Admin	96
<13>Nov 15 17:15:25 CRB15000_5_95 ABB-UAL:01:Log-in successful|-|UAS_UID=655370|1110|00097|-|robot|Admin	97
<13>Nov 15 17:31:23 CRB15000_5_95 ABB-UAL:01:Log-out (user logged out)|-|UAS_UID=655370|1210|00098|-|robot|	98
<13>Nov 15 17:31:23 CRB15000_5_95 ABB-UAL:01:Log-out (user logged out)|-|UAS_UID=589833|1210|00099|-|robot|	99
<13>Nov 15 17:57:51 CRB15000_5_95 ABB-UAL:01:Log-in successful|-|UAS_UID=65537|1110|00100|-|robot|NativeUser	100
<13>Nov 15 17:57:52 CRB15000_5_95 ABB-UAL:01:Log-in successful|-|UAS_UID=131074|1110|00101|-|robot|NativeUser	101
<13>Nov 15 17:57:53 CRB15000_5_95 ABB-UAL:01:Log-in successful|-|UAS_UID=196611|1110|00102|-|robot|NativeUser	102
<13>Nov 15 17:57:53 CRB15000_5_95 ABB-UAL:01:Log-in successful|-|UAS_UID=262148|1110|00103|-|robot|NativeUser	103
<13>Nov 15 17:57:53 CRB15000_5_95 ABB-UAL:01:Log-in successful|-|UAS_UID=327685|1110|00104|-|robot|NativeUser	104
<13>Nov 15 17:57:53 CRB15000_5_95 ABB-UAL:01:Log-in successful|-|UAS_UID=393222|1110|00105|-|robot|NativeUser	105
<13>Nov 15 17:57:57 CRB15000_5_95 ABB-UAL:01:Log-in successful|-|UAS_UID=458759|1110|00106|-|robot|Admin	106
<13>Nov 15 17:58:04 CRB15000_5_95 ABB-UAL:01:Log-in successful|-|UAS_UID=524296|1110|00107|-|robot|Admin	107
<13>Nov 15 18:30:01 CRB15000_5_95 ABB-UAL:01:Log-out (user logged out)|-|UAS_UID=524296|1210|00108|-|robot|	108
<13>Nov 15 18:30:01 CRB15000_5_95 ABB-UAL:01:Log-out (user logged out)|-|UAS_UID=458759|1210|00109|-|robot|	109
<13>Nov 15 18:30:01 CRB15000_5_95 ABB-UAL:01:Log-out (user logged out)|-|Socket=7212|1210|00110|-|robot|	110
<13>Nov 17 13:37:47 CRB15000_5_95 ABB-UAL:01:Log-in successful|-|UAS_UID=65537|1110|00111|-|robot|NativeUser	111
<13>Nov 17 13:37:48 CRB15000_5_95 ABB-UAL:01:Log-in successful|-|UAS_UID=131074|1110|00112|-|robot|NativeUser	112
<13>Nov 17 13:37:48 CRB15000_5_95 ABB-UAL:01:Log-in successful|-|UAS_UID=196611|1110|00113|-|robot|NativeUser	113
<13>Nov 17 13:37:48 CRB15000_5_95 ABB-UAL:01:Log-in successful|-|UAS_UID=262148|1110|00114|-|robot|NativeUser	114
<13>Nov 17 13:37:48 CRB15000_5_95 ABB-UAL:01:Log-in successful|-|UAS_UID=327685|1110|00115|-|robot|NativeUser	115
<13>Nov 17 13:37:48 CRB15000_5_95 ABB-UAL:01:Log-in successful|-|UAS_UID=393222|1110|00116|-|robot|NativeUser	116
<13>Nov 17 13:37:51 CRB15000_5_95 ABB-UAL:01:Log-in successful|-|UAS_UID=458759|1110|00117|-|robot|Admin	117
<13>Nov 17 13:37:59 CRB15000_5_95 ABB-UAL:01:Log-in successful|-|UAS_UID=524296|1110|00118|-|robot|Admin	118
<13>Nov 17 14:24:05 CRB15000_5_95 ABB-UAL:01:Log-in successful|-|UAS_UID=589833|1110|00119|-|robot|Default User	119
<13>Nov 17 14:24:06 CRB15000_5_95 ABB-UAL:01:Log-in successful|-|UAS_UID=655370|1110|00120|-|robot|Default User	120
<13>Nov 17 14:24:06 CRB15000_5_95 ABB-UAL:01:Log-out (user logged out)|-|UAS_UID=589833|1210|00121|-|robot|	121
<13>Nov 17 14:24:06 CRB15000_5_95 ABB-UAL:01:Log-out (user logged out)|-|UAS_UID=655370|1210|00122|-|robot|	122
<13>Nov 17 14:24:06 CRB15000_5_95 ABB-UAL:01:Log-in successful|-|UAS_UID=720905|1110|00123|-|robot|Default User	123
<13>Nov 17 14:24:06 CRB15000_5_95 ABB-UAL:01:Log-in successful|-|UAS_UID=786442|1110|00124|-|robot|Default User	124
<13>Nov 17 14:25:09 CRB15000_5_95 ABB-UAL:01:Log-out (user logged out)|-|UAS_UID=720905|1210|00125|-|robot|	125
<13>Nov 17 14:25:09 CRB15000_5_95 ABB-UAL:01:Log-out (user logged out)|-|UAS_UID=786442|1210|00126|-|robot|	126
<13>Nov 17 14:26:19 CRB15000_5_95 ABB-UAL:01:Log-in successful|-|UAS_UID=851977|1110|00127|-|robot|Default User	127
<13>Nov 17 14:26:19 CRB15000_5_95 ABB-UAL:01:Log-in successful|-|UAS_UID=917514|1110|00128|-|robot|Default User	128
<13>Nov 17 14:26:19 CRB15000_5_95 ABB-UAL:01:Log-out (user logged out)|-|UAS_UID=851977|1210|00129|-|robot|	129
<13>Nov 17 14:26:19 CRB15000_5_95 ABB-UAL:01:Log-out (user logged out)|-|UAS_UID=917514|1210|00130|-|robot|	130
<13>Nov 17 14:26:19 CRB15000_5_95 ABB-UAL:01:Log-in successful|-|UAS_UID=983049|1110|00131|-|robot|Default User	131
<13>Nov 17 14:26:19 CRB15000_5_95 ABB-UAL:01:Log-in successful|-|UAS_UID=1048586|1110|00132|-|robot|Default User	132
<13>Nov 17 14:27:26 CRB15000_5_95 ABB-UAL:01:Log-out (user logged out)|-|UAS_UID=983049|1210|00133|-|robot|	133
<13>Nov 17 14:27:26 CRB15000_5_95 ABB-UAL:01:Log-out (user logged out)|-|UAS_UID=1048586|1210|00134|-|robot|	134
<13>Nov 17 14:27:43 CRB15000_5_95 ABB-UAL:01:Log-in successful|-|UAS_UID=1114121|1110|00135|-|robot|Default User	135
<13>Nov 17 14:27:44 CRB15000_5_95 ABB-UAL:01:Log-in successful|-|UAS_UID=1179658|1110|00136|-|robot|Default User	136
<13>Nov 17 14:27:44 CRB15000_5_95 ABB-UAL:01:Log-out (user logged out)|-|UAS_UID=1114121|1210|00137|-|robot|	137
<13>Nov 17 14:27:44 CRB15000_5_95 ABB-UAL:01:Log-out (user logged out)|-|UAS_UID=1179658|1210|00138|-|robot|	138
<13>Nov 17 14:27:44 CRB15000_5_95 ABB-UAL:01:Log-in successful|-|UAS_UID=1245193|1110|00139|-|robot|Default User	139
<13>Nov 17 14:27:44 CRB15000_5_95 ABB-UAL:01:Log-in successful|-|UAS_UID=1310730|1110|00140|-|robot|Default User	140
<13>Nov 17 14:32:20 CRB15000_5_95 ABB-UAL:01:Log-out (user logged out)|-|UAS_UID=1245193|1210|00141|-|robot|	141
<13>Nov 17 14:32:20 CRB15000_5_95 ABB-UAL:01:Log-out (user logged out)|-|UAS_UID=1310730|1210|00142|-|robot|	142
<13>Nov 17 14:41:00 CRB15000_5_95 ABB-UAL:01:Log-in successful|-|UAS_UID=1376265|1110|00143|-|robot|Default User	143
<13>Nov 17 14:41:00 CRB15000_5_95 ABB-UAL:01:Log-in successful|-|UAS_UID=1441802|1110|00144|-|robot|Default User	144
<13>Nov 17 14:41:00 CRB15000_5_95 ABB-UAL:01:Log-out (user logged out)|-|UAS_UID=1376265|1210|00145|-|robot|	145
<13>Nov 17 14:41:00 CRB15000_5_95 ABB-UAL:01:Log-out (user logged out)|-|UAS_UID=1441802|1210|00146|-|robot|	146
<13>Nov 17 14:41:00 CRB15000_5_95 ABB-UAL:01:Log-in successful|-|UAS_UID=1507337|1110|00147|-|robot|Default User	147
<13>Nov 17 14:41:00 CRB15000_5_95 ABB-UAL:01:Log-in successful|-|UAS_UID=1572874|1110|00148|-|robot|Default User	148
<13>Nov 17 14:41:45 CRB15000_5_95 ABB-UAL:01:Log-out (user logged out)|-|UAS_UID=1507337|1210|00149|-|robot|	149
<13>Nov 17 14:41:45 CRB15000_5_95 ABB-UAL:01:Log-out (user logged out)|-|UAS_UID=1572874|1210|00150|-|robot|	150
<13>Nov 17 14:43:21 CRB15000_5_95 ABB-UAL:01:Log-in successful|-|UAS_UID=1638409|1110|00151|-|robot|Default User	151
<13>Nov 17 14:43:21 CRB15000_5_95 ABB-UAL:01:Log-in successful|-|UAS_UID=1703946|1110|00152|-|robot|Default User	152
<13>Nov 17 14:43:21 CRB15000_5_95 ABB-UAL:01:Log-out (user logged out)|-|UAS_UID=1638409|1210|00153|-|robot|	153
<13>Nov 17 14:43:21 CRB15000_5_95 ABB-UAL:01:Log-out (user logged out)|-|UAS_UID=1703946|1210|00154|-|robot|	154
<13>Nov 17 14:43:21 CRB15000_5_95 ABB-UAL:01:Log-in successful|-|UAS_UID=1769481|1110|00155|-|robot|Default User	155
<13>Nov 17 14:43:22 CRB15000_5_95 ABB-UAL:01:Log-in successful|-|UAS_UID=1835018|1110|00156|-|robot|Default User	156
<13>Nov 17 14:46:06 CRB15000_5_95 ABB-UAL:01:Log-out (user logged out)|-|UAS_UID=1769481|1210|00157|-|robot|	157
<13>Nov 17 14:46:06 CRB15000_5_95 ABB-UAL:01:Log-out (user logged out)|-|UAS_UID=1835018|1210|00158|-|robot|	158
<13>Nov 17 14:52:41 CRB15000_5_95 ABB-UAL:01:Log-in successful|-|UAS_UID=1900553|1110|00159|-|robot|Default User	159
<13>Nov 17 14:52:41 CRB15000_5_95 ABB-UAL:01:Log-in successful|-|UAS_UID=1966090|1110|00160|-|robot|Default User	160
<13>Nov 17 14:52:41 CRB15000_5_95 ABB-UAL:01:Log-out (user logged out)|-|UAS_UID=1900553|1210|00161|-|robot|	161
<13>Nov 17 14:52:41 CRB15000_5_95 ABB-UAL:01:Log-out (user logged out)|-|UAS_UID=1966090|1210|00162|-|robot|	162
<13>Nov 17 14:52:41 CRB15000_5_95 ABB-UAL:01:Log-in successful|-|UAS_UID=2031625|1110|00163|-|robot|Default User	163
<13>Nov 17 14:52:41 CRB15000_5_95 ABB-UAL:01:Log-in successful|-|UAS_UID=2097162|1110|00164|-|robot|Default User	164
<13>Nov 17 14:54:50 CRB15000_5_95 ABB-UAL:01:Log-out (user logged out)|-|UAS_UID=2031625|1210|00165|-|robot|	165
<13>Nov 17 14:54:50 CRB15000_5_95 ABB-UAL:01:Log-out (user logged out)|-|UAS_UID=2097162|1210|00166|-|robot|	166
<13>Nov 17 14:57:42 CRB15000_5_95 ABB-UAL:01:Log-in successful|-|UAS_UID=2162697|1110|00167|-|robot|Default User	167
<13>Nov 17 14:57:42 CRB15000_5_95 ABB-UAL:01:Log-in successful|-|UAS_UID=2228234|1110|00168|-|robot|Default User	168
<13>Nov 17 14:57:42 CRB15000_5_95 ABB-UAL:01:Log-out (user logged out)|-|UAS_UID=2162697|1210|00169|-|robot|	169
<13>Nov 17 14:57:42 CRB15000_5_95 ABB-UAL:01:Log-out (user logged out)|-|UAS_UID=2228234|1210|00170|-|robot|	170
<13>Nov 17 14:57:42 CRB15000_5_95 ABB-UAL:01:Log-in successful|-|UAS_UID=2293769|1110|00171|-|robot|Default User	171
<13>Nov 17 14:57:42 CRB15000_5_95 ABB-UAL:01:Log-in successful|-|UAS_UID=2359306|1110|00172|-|robot|Default User	172
<13>Nov 17 14:59:57 CRB15000_5_95 ABB-UAL:01:Log-out (user logged out)|-|UAS_UID=2293769|1210|00173|-|robot|	173
<13>Nov 17 14:59:57 CRB15000_5_95 ABB-UAL:01:Log-out (user logged out)|-|UAS_UID=2359306|1210|00174|-|robot|	174
<13>Nov 17 15:00:00 CRB15000_5_95 ABB-UAL:01:Log-in successful|-|UAS_UID=2424841|1110|00175|-|robot|Default User	175
<13>Nov 17 15:00:00 CRB15000_5_95 ABB-UAL:01:Log-in successful|-|UAS_UID=2490378|1110|00176|-|robot|Default User	176
<13>Nov 17 15:00:00 CRB15000_5_95 ABB-UAL:01:Log-out (user logged out)|-|UAS_UID=2424841|1210|00177|-|robot|	177
<13>Nov 17 15:00:00 CRB15000_5_95 ABB-UAL:01:Log-out (user logged out)|-|UAS_UID=2490378|1210|00178|-|robot|	178
<13>Nov 17 15:00:00 CRB15000_5_95 ABB-UAL:01:Log-in successful|-|UAS_UID=2555913|1110|00179|-|robot|Default User	179
<13>Nov 17 15:00:00 CRB15000_5_95 ABB-UAL:01:Log-in successful|-|UAS_UID=2621450|1110|00180|-|robot|Default User	180
<13>Nov 17 15:04:08 CRB15000_5_95 ABB-UAL:01:Log-out (user logged out)|-|UAS_UID=2555913|1210|00181|-|robot|	181
<13>Nov 17 15:04:08 CRB15000_5_95 ABB-UAL:01:Log-out (user logged out)|-|UAS_UID=2621450|1210|00182|-|robot|	182
<13>Nov 17 15:10:31 CRB15000_5_95 ABB-UAL:01:Log-out (user logged out)|-|UAS_UID=524296|1210|00183|-|robot|	183
<13>Nov 17 15:10:31 CRB15000_5_95 ABB-UAL:01:Log-out (user logged out)|-|UAS_UID=458759|1210|00184|-|robot|	184
<13>Nov 17 15:10:31 CRB15000_5_95 ABB-UAL:01:Log-out (user logged out)|-|Socket=7212|1210|00185|-|robot|	185
<13>Dec  9 15:21:31 CRB15000_5_95 ABB-UAL:01:Log-in successful|-|UAS_UID=65537|1110|00186|-|robot|NativeUser	186
<13>Dec  9 15:21:32 CRB15000_5_95 ABB-UAL:01:Log-in successful|-|UAS_UID=131074|1110|00187|-|robot|NativeUser	187
<13>Dec  9 15:21:33 CRB15000_5_95 ABB-UAL:01:Log-in successful|-|UAS_UID=196611|1110|00188|-|robot|NativeUser	188
<13>Dec  9 15:21:33 CRB15000_5_95 ABB-UAL:01:Log-in successful|-|UAS_UID=262148|1110|00189|-|robot|NativeUser	189
<13>Dec  9 15:21:33 CRB15000_5_95 ABB-UAL:01:Log-in successful|-|UAS_UID=327685|1110|00190|-|robot|NativeUser	190
<13>Dec  9 15:21:33 CRB15000_5_95 ABB-UAL:01:Log-in successful|-|UAS_UID=393222|1110|00191|-|robot|NativeUser	191
<13>Dec  9 15:21:36 CRB15000_5_95 ABB-UAL:01:Log-in successful|-|UAS_UID=458759|1110|00192|-|robot|Default User	192
<13>Dec  9 15:21:44 CRB15000_5_95 ABB-UAL:01:Log-in successful|-|UAS_UID=524296|1110|00193|-|robot|Default User	193
<13>Dec  9 15:24:53 CRB15000_5_95 ABB-UAL:01:Log-in successful|-|UAS_UID=589833|1110|00194|-|robot|Default User	194
<13>Dec  9 15:24:53 CRB15000_5_95 ABB-UAL:01:Log-in successful|-|UAS_UID=655370|1110|00195|-|robot|Default User	195
<13>Dec  9 15:24:53 CRB15000_5_95 ABB-UAL:01:Log-out (user logged out)|-|UAS_UID=589833|1210|00196|-|robot|	196
<13>Dec  9 15:24:53 CRB15000_5_95 ABB-UAL:01:Log-out (user logged out)|-|UAS_UID=655370|1210|00197|-|robot|	197
<13>Dec  9 15:24:53 CRB15000_5_95 ABB-UAL:01:Log-in successful|-|UAS_UID=720905|1110|00198|-|robot|Default User	198
<13>Dec  9 15:24:53 CRB15000_5_95 ABB-UAL:01:Log-in successful|-|UAS_UID=786442|1110|00199|-|robot|Default User	199
<13>Dec  9 15:26:53 CRB15000_5_95 ABB-UAL:01:Log-out (user logged out)|-|UAS_UID=720905|1210|00200|-|robot|	200
<13>Dec  9 15:26:53 CRB15000_5_95 ABB-UAL:01:Log-out (user logged out)|-|UAS_UID=786442|1210|00201|-|robot|	201
<13>Dec  9 16:48:57 CRB15000_5_95 ABB-UAL:01:Log-out (user logged out)|-|UAS_UID=524296|1210|00202|-|robot|	202
<13>Dec  9 16:48:57 CRB15000_5_95 ABB-UAL:01:Log-out (user logged out)|-|UAS_UID=458759|1210|00203|-|robot|	203
<13>Dec  9 16:48:57 CRB15000_5_95 ABB-UAL:01:Log-out (user logged out)|-|Socket=7212|1210|00204|-|robot|	204
<13>Dec 13 02:50:43 CRB15000_5_95 ABB-UAL:01:Log-in successful|-|UAS_UID=65537|1110|00205|-|robot|NativeUser	205
<13>Dec 13 02:50:44 CRB15000_5_95 ABB-UAL:01:Log-in successful|-|UAS_UID=131074|1110|00206|-|robot|NativeUser	206
<13>Dec 13 02:50:44 CRB15000_5_95 ABB-UAL:01:Log-in successful|-|UAS_UID=196611|1110|00207|-|robot|NativeUser	207
<13>Dec 13 02:50:44 CRB15000_5_95 ABB-UAL:01:Log-in successful|-|UAS_UID=262148|1110|00208|-|robot|NativeUser	208
<13>Dec 13 02:50:44 CRB15000_5_95 ABB-UAL:01:Log-in successful|-|UAS_UID=327685|1110|00209|-|robot|NativeUser	209
<13>Dec 13 02:50:44 CRB15000_5_95 ABB-UAL:01:Log-in successful|-|UAS_UID=393222|1110|00210|-|robot|NativeUser	210
<13>Dec 13 02:50:47 CRB15000_5_95 ABB-UAL:01:Log-in successful|-|UAS_UID=458759|1110|00211|-|robot|Default User	211
<13>Dec 13 02:50:55 CRB15000_5_95 ABB-UAL:01:Log-in successful|-|UAS_UID=524296|1110|00212|-|robot|Default User	212
<13>Dec 13 02:52:44 CRB15000_5_95 ABB-UAL:01:Log-in successful|-|UAS_UID=589833|1110|00213|-|robot|Admin	213
<13>Dec 13 02:52:44 CRB15000_5_95 ABB-UAL:01:Log-in successful|-|UAS_UID=655370|1110|00214|-|robot|Admin	214
<13>Dec 13 02:52:57 CRB15000_5_95 ABB-UAL:01:Log-out (user logged out)|-|UAS_UID=524296|1210|00215|-|robot|	215
<13>Dec 13 02:52:57 CRB15000_5_95 ABB-UAL:01:Log-out (user logged out)|-|UAS_UID=458759|1210|00216|-|robot|	216
<9>Dec 13 02:58:36 CRB15000_5_95 ABB-UAL:01:Log data hash check failed (Log data altered)|-|invalid digest syslog.log|3220|00217|-|robot|syslog	217
<13>Dec 13 02:58:39 CRB15000_5_95 ABB-UAL:01:Log-in successful|-|UAS_UID=65537|1110|00218|-|robot|NativeUser	218
<13>Dec 13 02:58:39 CRB15000_5_95 ABB-UAL:01:Log-in successful|-|UAS_UID=131074|1110|00219|-|robot|NativeUser	219
<13>Dec 13 02:58:40 CRB15000_5_95 ABB-UAL:01:Log-in successful|-|UAS_UID=196611|1110|00220|-|robot|NativeUser	220
<13>Dec 13 02:58:42 CRB15000_5_95 ABB-UAL:01:Log-in successful|-|UAS_UID=262148|1110|00221|-|robot|NativeUser	221
<13>Dec 13 02:58:42 CRB15000_5_95 ABB-UAL:01:Log-in successful|-|UAS_UID=327685|1110|00222|-|robot|NativeUser	222
<13>Dec 13 02:58:42 CRB15000_5_95 ABB-UAL:01:Log-in successful|-|UAS_UID=393222|1110|00223|-|robot|NativeUser	223
<13>Dec 13 02:58:48 CRB15000_5_95 ABB-UAL:01:Log-in successful|-|UAS_UID=458759|1110|00224|-|robot|Default User	224
<13>Dec 13 02:58:51 CRB15000_5_95 ABB-UAL:01:Log-in successful|-|UAS_UID=524296|1110|00225|-|robot|Default User	225
<13>Dec 13 02:58:51 CRB15000_5_95 ABB-UAL:01:Configuration upload|-|Start restore|1331|00226|-|robot|458759	226
<13>Dec 13 02:59:03 CRB15000_5_95 ABB-UAL:01:Configuration upload|-|Start restore|1331|00227|-|robot|458759	227
<13>Dec 13 02:59:15 CRB15000_5_95 ABB-UAL:01:Configuration upload|-|Start restore|1331|00228|-|robot|458759	228
<13>Dec 13 02:59:25 CRB15000_5_95 ABB-UAL:01:Log-out (user logged out)|-|UAS_UID=524296|1210|00229|-|robot|	229
<13>Dec 13 02:59:25 CRB15000_5_95 ABB-UAL:01:Log-out (user logged out)|-|UAS_UID=458759|1210|00230|-|robot|	230
<13>Dec 13 02:59:25 CRB15000_5_95 ABB-UAL:01:Log-out (user logged out)|-|Socket=7140|1210|00231|-|robot|	231
<13>Dec 13 02:59:30 CRB15000_5_95 ABB-UAL:01:Log-in successful|-|UAS_UID=65537|1110|00232|-|robot|NativeUser	232
<13>Dec 13 02:59:31 CRB15000_5_95 ABB-UAL:01:Log-in successful|-|UAS_UID=131074|1110|00233|-|robot|NativeUser	233
<13>Dec 13 02:59:31 CRB15000_5_95 ABB-UAL:01:Log-in successful|-|UAS_UID=196611|1110|00234|-|robot|NativeUser	234
<13>Dec 13 02:59:31 CRB15000_5_95 ABB-UAL:01:Log-in successful|-|UAS_UID=262148|1110|00235|-|robot|NativeUser	235
<13>Dec 13 02:59:31 CRB15000_5_95 ABB-UAL:01:Log-in successful|-|UAS_UID=327685|1110|00236|-|robot|NativeUser	236
<13>Dec 13 02:59:31 CRB15000_5_95 ABB-UAL:01:Log-in successful|-|UAS_UID=393222|1110|00237|-|robot|NativeUser	237
<13>Dec 13 02:59:34 CRB15000_5_95 ABB-UAL:01:Log-in successful|-|UAS_UID=458759|1110|00238|-|robot|Admin	238
<13>Dec 13 02:59:42 CRB15000_5_95 ABB-UAL:01:Log-in successful|-|UAS_UID=524296|1110|00239|-|robot|Admin	239
<13>Dec 13 03:00:46 CRB15000_5_95 ABB-UAL:01:Log-out (user logged out)|-|UAS_UID=524296|1210|00240|-|robot|	240
<13>Dec 13 03:00:46 CRB15000_5_95 ABB-UAL:01:Log-out (user logged out)|-|UAS_UID=458759|1210|00241|-|robot|	241
<13>Dec 13 03:00:46 CRB15000_5_95 ABB-UAL:01:Log-out (user logged out)|-|Socket=7140|1210|00242|-|robot|	242
-----BEGIN DIGEST-----
55yONgj+rJ0ub6on5YyNiHC2JKIB3r6oPaUPkJJRYWC8zTnUWaQ3kdPzbQMgfkrnO28HWg==
-----END DIGEST-----
